$jts 37821 Sun Mar  8 17:39:26 2020
Inserted avatar 0 at 1,0
Avatar locations: 0: (1, 0); 
Inserted avatar 2 at 0,1
Avatar locations: 0: (1, 0); 1: (4, 1); 2: (0, 1); 
Inserted avatar 1 at 4,1
Avatar locations: 0: (1, 0); 1: (4, 1); 
avatar 0 ran into west wall at 1,0
Avatar locations: 0: (1, 0); 1: (4, 1); 2: (0, 1); 
avatar 1 ran into west wall at 4,1
Avatar locations: 0: (1, 0); 1: (4, 1); 2: (0, 1); 
Avatar 2 moved from 0,1 to 0,0
Avatar locations: 0: (1, 0); 1: (4, 1); 2: (0, 0); 
Avatar 0 moved from 1,0 to 2,0
Avatar locations: 0: (2, 0); 1: (4, 1); 2: (0, 0); 
Avatar 1 moved from 4,1 to 4,0
Avatar locations: 0: (2, 0); 1: (4, 0); 2: (0, 0); 
Avatar 2 stayed at 0,0
Avatar locations: 0: (2, 0); 1: (4, 0); 2: (0, 0); 
Avatar 0 moved from 2,0 to 3,0
Avatar locations: 0: (3, 0); 1: (4, 0); 2: (0, 0); 
Avatar 1 moved from 4,0 to 3,0
Avatar locations: 0: (3, 0); 1: (3, 0); 2: (0, 0); 
Avatar 2 stayed at 0,0
Avatar locations: 0: (3, 0); 1: (3, 0); 2: (0, 0); 
Avatar 0 stayed at 3,0
Avatar locations: 0: (3, 0); 1: (3, 0); 2: (0, 0); 
Avatar 1 moved from 3,0 to 2,0
Avatar locations: 0: (3, 0); 1: (2, 0); 2: (0, 0); 
Avatar 2 stayed at 0,0
Avatar locations: 0: (3, 0); 1: (2, 0); 2: (0, 0); 
Avatar 0 moved from 3,0 to 2,0
Avatar locations: 0: (2, 0); 1: (2, 0); 2: (0, 0); 
Avatar 1 moved from 2,0 to 1,0
Avatar locations: 0: (2, 0); 1: (1, 0); 2: (0, 0); 
Avatar 2 stayed at 0,0
Avatar locations: 0: (2, 0); 1: (1, 0); 2: (0, 0); 
Avatar 0 moved from 2,0 to 1,0
Avatar locations: 0: (1, 0); 1: (1, 0); 2: (0, 0); 
Avatar 1 moved from 1,0 to 1,1
Avatar locations: 0: (1, 0); 1: (1, 1); 2: (0, 0); 
Avatar 2 stayed at 0,0
Avatar locations: 0: (1, 0); 1: (1, 1); 2: (0, 0); 
Avatar 0 moved from 1,0 to 1,1
Avatar locations: 0: (1, 1); 1: (1, 1); 2: (0, 0); 
