$jts 38413 Sun Mar  8 18:16:58 2020
Inserted avatar 0 at 4,2
Avatar locations: 0: (4, 2); 
Inserted avatar 1 at 0,2
Avatar locations: 0: (4, 2); 1: (0, 2); 
Inserted avatar 2 at 0,8
Avatar locations: 0: (4, 2); 1: (0, 2); 2: (0, 8); 
Avatar 0 moved from 4,2 to 3,2
Avatar locations: 0: (3, 2); 1: (0, 2); 2: (0, 8); 
Avatar 1 moved from 0,2 to 1,2
Avatar locations: 0: (3, 2); 1: (1, 2); 2: (0, 8); 
Avatar 2 moved from 0,8 to 0,7
Avatar locations: 0: (3, 2); 1: (1, 2); 2: (0, 7); 
avatar 0 ran into west wall at 3,2
Avatar locations: 0: (3, 2); 1: (1, 2); 2: (0, 7); 
avatar 1 ran into south wall at 1,2
Avatar locations: 0: (3, 2); 1: (1, 2); 2: (0, 7); 
avatar 2 ran into north wall at 0,7
Avatar locations: 0: (3, 2); 1: (1, 2); 2: (0, 7); 
avatar 0 ran into north wall at 3,2
Avatar locations: 0: (3, 2); 1: (1, 2); 2: (0, 7); 
Avatar 1 moved from 1,2 to 1,1
Avatar locations: 0: (3, 2); 1: (1, 1); 2: (0, 7); 
Avatar 2 moved from 0,7 to 1,7
Avatar locations: 0: (3, 2); 1: (1, 1); 2: (1, 7); 
avatar 0 ran into south wall at 3,2
Avatar locations: 0: (3, 2); 1: (1, 1); 2: (1, 7); 
avatar 1 ran into west wall at 1,1
Avatar locations: 0: (3, 2); 1: (1, 1); 2: (1, 7); 
avatar 2 ran into north wall at 1,7
Avatar locations: 0: (3, 2); 1: (1, 1); 2: (1, 7); 
Avatar 0 moved from 3,2 to 4,2
Avatar locations: 0: (4, 2); 1: (1, 1); 2: (1, 7); 
Avatar 1 moved from 1,1 to 1,0
Avatar locations: 0: (4, 2); 1: (1, 0); 2: (1, 7); 
avatar 2 ran into east wall at 1,7
Avatar locations: 0: (4, 2); 1: (1, 0); 2: (1, 7); 
Avatar 0 moved from 4,2 to 4,3
Avatar locations: 0: (4, 3); 1: (1, 0); 2: (1, 7); 
avatar 1 ran into west wall at 1,0
Avatar locations: 0: (4, 3); 1: (1, 0); 2: (1, 7); 
Avatar 2 moved from 1,7 to 1,8
Avatar locations: 0: (4, 3); 1: (1, 0); 2: (1, 8); 
Avatar 0 moved from 4,3 to 3,3
Avatar locations: 0: (3, 3); 1: (1, 0); 2: (1, 8); 
Avatar 1 moved from 1,0 to 2,0
Avatar locations: 0: (3, 3); 1: (2, 0); 2: (1, 8); 
avatar 2 ran into west wall at 1,8
Avatar locations: 0: (3, 3); 1: (2, 0); 2: (1, 8); 
Avatar 0 moved from 3,3 to 2,3
Avatar locations: 0: (2, 3); 1: (2, 0); 2: (1, 8); 
Avatar 1 moved from 2,0 to 2,1
Avatar locations: 0: (2, 3); 1: (2, 1); 2: (1, 8); 
Avatar 2 moved from 1,8 to 2,8
Avatar locations: 0: (2, 3); 1: (2, 1); 2: (2, 8); 
avatar 0 ran into west wall at 2,3
Avatar locations: 0: (2, 3); 1: (2, 1); 2: (2, 8); 
avatar 1 ran into south wall at 2,1
Avatar locations: 0: (2, 3); 1: (2, 1); 2: (2, 8); 
Avatar 2 moved from 2,8 to 2,7
Avatar locations: 0: (2, 3); 1: (2, 1); 2: (2, 7); 
avatar 0 ran into south wall at 2,3
Avatar locations: 0: (2, 3); 1: (2, 1); 2: (2, 7); 
avatar 1 ran into west wall at 2,1
Avatar locations: 0: (2, 3); 1: (2, 1); 2: (2, 7); 
Avatar 2 moved from 2,7 to 2,6
Avatar locations: 0: (2, 3); 1: (2, 1); 2: (2, 6); 
Avatar 0 moved from 2,3 to 2,2
Avatar locations: 0: (2, 2); 1: (2, 1); 2: (2, 6); 
Avatar 1 moved from 2,1 to 3,1
Avatar locations: 0: (2, 2); 1: (3, 1); 2: (2, 6); 
avatar 2 ran into west wall at 2,6
Avatar locations: 0: (2, 2); 1: (3, 1); 2: (2, 6); 
Avatar 0 moved from 2,2 to 1,2
Avatar locations: 0: (1, 2); 1: (3, 1); 2: (2, 6); 
Avatar 1 moved from 3,1 to 2,1
Avatar locations: 0: (1, 2); 1: (2, 1); 2: (2, 6); 
Avatar 2 moved from 2,6 to 2,5
Avatar locations: 0: (1, 2); 1: (2, 1); 2: (2, 5); 
Avatar 0 moved from 1,2 to 0,2
Avatar locations: 0: (0, 2); 1: (2, 1); 2: (2, 5); 
Avatar 1 moved from 2,1 to 2,0
Avatar locations: 0: (0, 2); 1: (2, 0); 2: (2, 5); 
Avatar 2 moved from 2,5 to 1,5
Avatar locations: 0: (0, 2); 1: (2, 0); 2: (1, 5); 
Avatar 0 moved from 0,2 to 0,3
Avatar locations: 0: (0, 3); 1: (2, 0); 2: (1, 5); 
Avatar 1 moved from 2,0 to 3,0
Avatar locations: 0: (0, 3); 1: (3, 0); 2: (1, 5); 
avatar 2 ran into north wall at 1,5
Avatar locations: 0: (0, 3); 1: (3, 0); 2: (1, 5); 
avatar 0 ran into east wall at 0,3
Avatar locations: 0: (0, 3); 1: (3, 0); 2: (1, 5); 
avatar 1 ran into south wall at 3,0
Avatar locations: 0: (0, 3); 1: (3, 0); 2: (1, 5); 
avatar 2 ran into west wall at 1,5
Avatar locations: 0: (0, 3); 1: (3, 0); 2: (1, 5); 
Avatar 0 moved from 0,3 to 0,4
Avatar locations: 0: (0, 4); 1: (3, 0); 2: (1, 5); 
avatar 1 ran into east wall at 3,0
Avatar locations: 0: (0, 4); 1: (3, 0); 2: (1, 5); 
Avatar 2 moved from 1,5 to 1,6
Avatar locations: 0: (0, 4); 1: (3, 0); 2: (1, 6); 
avatar 0 ran into east wall at 0,4
Avatar locations: 0: (0, 4); 1: (3, 0); 2: (1, 6); 
Avatar 1 moved from 3,0 to 2,0
Avatar locations: 0: (0, 4); 1: (2, 0); 2: (1, 6); 
Avatar 2 moved from 1,6 to 0,6
Avatar locations: 0: (0, 4); 1: (2, 0); 2: (0, 6); 
Avatar 0 moved from 0,4 to 0,5
Avatar locations: 0: (0, 5); 1: (2, 0); 2: (0, 6); 
Avatar 1 moved from 2,0 to 1,0
Avatar locations: 0: (0, 5); 1: (1, 0); 2: (0, 6); 
Avatar 2 moved from 0,6 to 0,5
Avatar locations: 0: (0, 5); 1: (1, 0); 2: (0, 5); 
Avatar 0 stayed at 0,5
Avatar locations: 0: (0, 5); 1: (1, 0); 2: (0, 5); 
Avatar 1 moved from 1,0 to 1,1
Avatar locations: 0: (0, 5); 1: (1, 1); 2: (0, 5); 
Avatar 2 moved from 0,5 to 0,4
Avatar locations: 0: (0, 5); 1: (1, 1); 2: (0, 4); 
Avatar 0 moved from 0,5 to 0,4
Avatar locations: 0: (0, 4); 1: (1, 1); 2: (0, 4); 
Avatar 1 moved from 1,1 to 1,2
Avatar locations: 0: (0, 4); 1: (1, 2); 2: (0, 4); 
Avatar 2 moved from 0,4 to 0,3
Avatar locations: 0: (0, 4); 1: (1, 2); 2: (0, 3); 
Avatar 0 moved from 0,4 to 0,3
Avatar locations: 0: (0, 3); 1: (1, 2); 2: (0, 3); 
Avatar 1 moved from 1,2 to 0,2
Avatar locations: 0: (0, 3); 1: (0, 2); 2: (0, 3); 
Avatar 2 moved from 0,3 to 0,2
Avatar locations: 0: (0, 3); 1: (0, 2); 2: (0, 2); 
3, 1, 63, 1379768246
