$benmatejka 44007 Mon Mar  9 21:37:09 2020
Inserted avatar 0 at 4,0
Avatar locations: 0: (4, 0); 
Inserted avatar 2 at 5,3
Avatar locations: 0: (4, 0); 1: (3, 5); 2: (5, 3); 
Inserted avatar 1 at 3,5
Avatar locations: 0: (4, 0); 1: (3, 5); 
Inserted avatar 3 at 10,1
Avatar locations: 0: (4, 0); 1: (3, 5); 2: (5, 3); 3: (10, 1); 
Inserted avatar 4 at 1,4
Avatar locations: 0: (4, 0); 1: (3, 5); 2: (5, 3); 3: (10, 1); 4: (1, 4); 
Inserted avatar 5 at 9,5
Avatar locations: 0: (4, 0); 1: (3, 5); 2: (5, 3); 3: (10, 1); 4: (1, 4); 5: (9, 5); 
avatar 0 ran into east wall at 4,0
Avatar locations: 0: (4, 0); 1: (3, 5); 2: (5, 3); 3: (10, 1); 4: (1, 4); 5: (9, 5); 
Avatar 1 moved from 3,5 to 2,5
Avatar locations: 0: (4, 0); 1: (2, 5); 2: (5, 3); 3: (10, 1); 4: (1, 4); 5: (9, 5); 
avatar 2 ran into west wall at 5,3
Avatar locations: 0: (4, 0); 1: (2, 5); 2: (5, 3); 3: (10, 1); 4: (1, 4); 5: (9, 5); 
avatar 3 ran into west wall at 10,1
Avatar locations: 0: (4, 0); 1: (2, 5); 2: (5, 3); 3: (10, 1); 4: (1, 4); 5: (9, 5); 
avatar 4 ran into east wall at 1,4
Avatar locations: 0: (4, 0); 1: (2, 5); 2: (5, 3); 3: (10, 1); 4: (1, 4); 5: (9, 5); 
avatar 5 ran into north wall at 9,5
Avatar locations: 0: (4, 0); 1: (2, 5); 2: (5, 3); 3: (10, 1); 4: (1, 4); 5: (9, 5); 
Avatar 0 moved from 4,0 to 4,1
Avatar locations: 0: (4, 1); 1: (2, 5); 2: (5, 3); 3: (10, 1); 4: (1, 4); 5: (9, 5); 
avatar 1 ran into west wall at 2,5
Avatar locations: 0: (4, 1); 1: (2, 5); 2: (5, 3); 3: (10, 1); 4: (1, 4); 5: (9, 5); 
avatar 2 ran into north wall at 5,3
Avatar locations: 0: (4, 1); 1: (2, 5); 2: (5, 3); 3: (10, 1); 4: (1, 4); 5: (9, 5); 
avatar 3 ran into south wall at 10,1
Avatar locations: 0: (4, 1); 1: (2, 5); 2: (5, 3); 3: (10, 1); 4: (1, 4); 5: (9, 5); 
avatar 4 ran into south wall at 1,4
Avatar locations: 0: (4, 1); 1: (2, 5); 2: (5, 3); 3: (10, 1); 4: (1, 4); 5: (9, 5); 
avatar 5 ran into east wall at 9,5
Avatar locations: 0: (4, 1); 1: (2, 5); 2: (5, 3); 3: (10, 1); 4: (1, 4); 5: (9, 5); 
Avatar 0 moved from 4,1 to 5,1
Avatar locations: 0: (5, 1); 1: (2, 5); 2: (5, 3); 3: (10, 1); 4: (1, 4); 5: (9, 5); 
avatar 1 ran into north wall at 2,5
Avatar locations: 0: (5, 1); 1: (2, 5); 2: (5, 3); 3: (10, 1); 4: (1, 4); 5: (9, 5); 
Avatar 2 moved from 5,3 to 6,3
Avatar locations: 0: (5, 1); 1: (2, 5); 2: (6, 3); 3: (10, 1); 4: (1, 4); 5: (9, 5); 
Avatar 3 moved from 10,1 to 10,0
Avatar locations: 0: (5, 1); 1: (2, 5); 2: (6, 3); 3: (10, 0); 4: (1, 4); 5: (9, 5); 
Avatar 4 moved from 1,4 to 0,4
Avatar locations: 0: (5, 1); 1: (2, 5); 2: (6, 3); 3: (10, 0); 4: (0, 4); 5: (9, 5); 
Avatar 5 moved from 9,5 to 8,5
Avatar locations: 0: (5, 1); 1: (2, 5); 2: (6, 3); 3: (10, 0); 4: (0, 4); 5: (8, 5); 
avatar 0 ran into south wall at 5,1
Avatar locations: 0: (5, 1); 1: (2, 5); 2: (6, 3); 3: (10, 0); 4: (0, 4); 5: (8, 5); 
Avatar 1 moved from 2,5 to 2,6
Avatar locations: 0: (5, 1); 1: (2, 6); 2: (6, 3); 3: (10, 0); 4: (0, 4); 5: (8, 5); 
avatar 2 ran into north wall at 6,3
Avatar locations: 0: (5, 1); 1: (2, 6); 2: (6, 3); 3: (10, 0); 4: (0, 4); 5: (8, 5); 
Avatar 3 moved from 10,0 to 9,0
Avatar locations: 0: (5, 1); 1: (2, 6); 2: (6, 3); 3: (9, 0); 4: (0, 4); 5: (8, 5); 
avatar 4 ran into south wall at 0,4
Avatar locations: 0: (5, 1); 1: (2, 6); 2: (6, 3); 3: (9, 0); 4: (0, 4); 5: (8, 5); 
Avatar 5 moved from 8,5 to 7,5
Avatar locations: 0: (5, 1); 1: (2, 6); 2: (6, 3); 3: (9, 0); 4: (0, 4); 5: (7, 5); 
Avatar 0 moved from 5,1 to 5,0
Avatar locations: 0: (5, 0); 1: (2, 6); 2: (6, 3); 3: (9, 0); 4: (0, 4); 5: (7, 5); 
Avatar 1 moved from 2,6 to 1,6
Avatar locations: 0: (5, 0); 1: (1, 6); 2: (6, 3); 3: (9, 0); 4: (0, 4); 5: (7, 5); 
avatar 2 ran into east wall at 6,3
Avatar locations: 0: (5, 0); 1: (1, 6); 2: (6, 3); 3: (9, 0); 4: (0, 4); 5: (7, 5); 
Avatar 3 moved from 9,0 to 8,0
Avatar locations: 0: (5, 0); 1: (1, 6); 2: (6, 3); 3: (8, 0); 4: (0, 4); 5: (7, 5); 
Avatar 4 moved from 0,4 to 0,3
Avatar locations: 0: (5, 0); 1: (1, 6); 2: (6, 3); 3: (8, 0); 4: (0, 3); 5: (7, 5); 
avatar 5 ran into west wall at 7,5
Avatar locations: 0: (5, 0); 1: (1, 6); 2: (6, 3); 3: (8, 0); 4: (0, 3); 5: (7, 5); 
avatar 0 ran into east wall at 5,0
Avatar locations: 0: (5, 0); 1: (1, 6); 2: (6, 3); 3: (8, 0); 4: (0, 3); 5: (7, 5); 
Avatar 1 moved from 1,6 to 0,6
Avatar locations: 0: (5, 0); 1: (0, 6); 2: (6, 3); 3: (8, 0); 4: (0, 3); 5: (7, 5); 
Avatar 2 moved from 6,3 to 6,4
Avatar locations: 0: (5, 0); 1: (0, 6); 2: (6, 4); 3: (8, 0); 4: (0, 3); 5: (7, 5); 
Avatar 3 moved from 8,0 to 7,0
Avatar locations: 0: (5, 0); 1: (0, 6); 2: (6, 4); 3: (7, 0); 4: (0, 3); 5: (7, 5); 
Avatar 4 moved from 0,3 to 0,2
Avatar locations: 0: (5, 0); 1: (0, 6); 2: (6, 4); 3: (7, 0); 4: (0, 2); 5: (7, 5); 
avatar 5 ran into north wall at 7,5
Avatar locations: 0: (5, 0); 1: (0, 6); 2: (6, 4); 3: (7, 0); 4: (0, 2); 5: (7, 5); 
Avatar 0 moved from 5,0 to 5,1
Avatar locations: 0: (5, 1); 1: (0, 6); 2: (6, 4); 3: (7, 0); 4: (0, 2); 5: (7, 5); 
Avatar 1 moved from 0,6 to 0,5
Avatar locations: 0: (5, 1); 1: (0, 5); 2: (6, 4); 3: (7, 0); 4: (0, 2); 5: (7, 5); 
avatar 2 ran into east wall at 6,4
Avatar locations: 0: (5, 1); 1: (0, 5); 2: (6, 4); 3: (7, 0); 4: (0, 2); 5: (7, 5); 
Avatar 3 moved from 7,0 to 6,0
Avatar locations: 0: (5, 1); 1: (0, 5); 2: (6, 4); 3: (6, 0); 4: (0, 2); 5: (7, 5); 
Avatar 4 moved from 0,2 to 0,1
Avatar locations: 0: (5, 1); 1: (0, 5); 2: (6, 4); 3: (6, 0); 4: (0, 1); 5: (7, 5); 
Avatar 5 moved from 7,5 to 7,6
Avatar locations: 0: (5, 1); 1: (0, 5); 2: (6, 4); 3: (6, 0); 4: (0, 1); 5: (7, 6); 
avatar 0 ran into east wall at 5,1
Avatar locations: 0: (5, 1); 1: (0, 5); 2: (6, 4); 3: (6, 0); 4: (0, 1); 5: (7, 6); 
Avatar 1 moved from 0,5 to 1,5
Avatar locations: 0: (5, 1); 1: (1, 5); 2: (6, 4); 3: (6, 0); 4: (0, 1); 5: (7, 6); 
Avatar 2 moved from 6,4 to 6,5
Avatar locations: 0: (5, 1); 1: (1, 5); 2: (6, 5); 3: (6, 0); 4: (0, 1); 5: (7, 6); 
Avatar 3 moved from 6,0 to 6,1
Avatar locations: 0: (5, 1); 1: (1, 5); 2: (6, 5); 3: (6, 1); 4: (0, 1); 5: (7, 6); 
Avatar 4 moved from 0,1 to 1,1
Avatar locations: 0: (5, 1); 1: (1, 5); 2: (6, 5); 3: (6, 1); 4: (1, 1); 5: (7, 6); 
avatar 5 ran into west wall at 7,6
Avatar locations: 0: (5, 1); 1: (1, 5); 2: (6, 5); 3: (6, 1); 4: (1, 1); 5: (7, 6); 
Avatar 0 moved from 5,1 to 4,1
Avatar locations: 0: (4, 1); 1: (1, 5); 2: (6, 5); 3: (6, 1); 4: (1, 1); 5: (7, 6); 
avatar 1 ran into south wall at 1,5
Avatar locations: 0: (4, 1); 1: (1, 5); 2: (6, 5); 3: (6, 1); 4: (1, 1); 5: (7, 6); 
Avatar 2 moved from 6,5 to 6,6
Avatar locations: 0: (4, 1); 1: (1, 5); 2: (6, 6); 3: (6, 1); 4: (1, 1); 5: (7, 6); 
avatar 3 ran into east wall at 6,1
Avatar locations: 0: (4, 1); 1: (1, 5); 2: (6, 6); 3: (6, 1); 4: (1, 1); 5: (7, 6); 
avatar 4 ran into east wall at 1,1
Avatar locations: 0: (4, 1); 1: (1, 5); 2: (6, 6); 3: (6, 1); 4: (1, 1); 5: (7, 6); 
avatar 5 ran into east wall at 7,6
Avatar locations: 0: (4, 1); 1: (1, 5); 2: (6, 6); 3: (6, 1); 4: (1, 1); 5: (7, 6); 
avatar 0 ran into west wall at 4,1
Avatar locations: 0: (4, 1); 1: (1, 5); 2: (6, 6); 3: (6, 1); 4: (1, 1); 5: (7, 6); 
Avatar 1 moved from 1,5 to 0,5
Avatar locations: 0: (4, 1); 1: (0, 5); 2: (6, 6); 3: (6, 1); 4: (1, 1); 5: (7, 6); 
Avatar 2 moved from 6,6 to 5,6
Avatar locations: 0: (4, 1); 1: (0, 5); 2: (5, 6); 3: (6, 1); 4: (1, 1); 5: (7, 6); 
Avatar 3 moved from 6,1 to 6,2
Avatar locations: 0: (4, 1); 1: (0, 5); 2: (5, 6); 3: (6, 2); 4: (1, 1); 5: (7, 6); 
Avatar 4 moved from 1,1 to 1,0
Avatar locations: 0: (4, 1); 1: (0, 5); 2: (5, 6); 3: (6, 2); 4: (1, 0); 5: (7, 6); 
Avatar 5 moved from 7,6 to 7,7
Avatar locations: 0: (4, 1); 1: (0, 5); 2: (5, 6); 3: (6, 2); 4: (1, 0); 5: (7, 7); 
avatar 0 ran into south wall at 4,1
Avatar locations: 0: (4, 1); 1: (0, 5); 2: (5, 6); 3: (6, 2); 4: (1, 0); 5: (7, 7); 
Avatar 1 moved from 0,5 to 0,6
Avatar locations: 0: (4, 1); 1: (0, 6); 2: (5, 6); 3: (6, 2); 4: (1, 0); 5: (7, 7); 
Avatar 2 moved from 5,6 to 5,7
Avatar locations: 0: (4, 1); 1: (0, 6); 2: (5, 7); 3: (6, 2); 4: (1, 0); 5: (7, 7); 
Avatar 3 moved from 6,2 to 5,2
Avatar locations: 0: (4, 1); 1: (0, 6); 2: (5, 7); 3: (5, 2); 4: (1, 0); 5: (7, 7); 
Avatar 4 moved from 1,0 to 2,0
Avatar locations: 0: (4, 1); 1: (0, 6); 2: (5, 7); 3: (5, 2); 4: (2, 0); 5: (7, 7); 
Avatar 5 moved from 7,7 to 6,7
Avatar locations: 0: (4, 1); 1: (0, 6); 2: (5, 7); 3: (5, 2); 4: (2, 0); 5: (6, 7); 
Avatar 0 moved from 4,1 to 4,0
Avatar locations: 0: (4, 0); 1: (0, 6); 2: (5, 7); 3: (5, 2); 4: (2, 0); 5: (6, 7); 
Avatar 1 moved from 0,6 to 0,7
Avatar locations: 0: (4, 0); 1: (0, 7); 2: (5, 7); 3: (5, 2); 4: (2, 0); 5: (6, 7); 
avatar 2 ran into east wall at 5,7
Avatar locations: 0: (4, 0); 1: (0, 7); 2: (5, 7); 3: (5, 2); 4: (2, 0); 5: (6, 7); 
Avatar 3 moved from 5,2 to 4,2
Avatar locations: 0: (4, 0); 1: (0, 7); 2: (5, 7); 3: (4, 2); 4: (2, 0); 5: (6, 7); 
Avatar 4 moved from 2,0 to 3,0
Avatar locations: 0: (4, 0); 1: (0, 7); 2: (5, 7); 3: (4, 2); 4: (3, 0); 5: (6, 7); 
avatar 5 ran into north wall at 6,7
Avatar locations: 0: (4, 0); 1: (0, 7); 2: (5, 7); 3: (4, 2); 4: (3, 0); 5: (6, 7); 
Avatar 0 moved from 4,0 to 3,0
Avatar locations: 0: (3, 0); 1: (0, 7); 2: (5, 7); 3: (4, 2); 4: (3, 0); 5: (6, 7); 
Avatar 1 moved from 0,7 to 1,7
Avatar locations: 0: (3, 0); 1: (1, 7); 2: (5, 7); 3: (4, 2); 4: (3, 0); 5: (6, 7); 
avatar 2 ran into west wall at 5,7
Avatar locations: 0: (3, 0); 1: (1, 7); 2: (5, 7); 3: (4, 2); 4: (3, 0); 5: (6, 7); 
avatar 3 ran into south wall at 4,2
Avatar locations: 0: (3, 0); 1: (1, 7); 2: (5, 7); 3: (4, 2); 4: (3, 0); 5: (6, 7); 
Avatar 4 stayed at 3,0
Avatar locations: 0: (3, 0); 1: (1, 7); 2: (5, 7); 3: (4, 2); 4: (3, 0); 5: (6, 7); 
Avatar 5 moved from 6,7 to 6,8
Avatar locations: 0: (3, 0); 1: (1, 7); 2: (5, 7); 3: (4, 2); 4: (3, 0); 5: (6, 8); 
avatar 0 ran into south wall at 3,0
Avatar locations: 0: (3, 0); 1: (1, 7); 2: (5, 7); 3: (4, 2); 4: (3, 0); 5: (6, 8); 
Avatar 1 moved from 1,7 to 2,7
Avatar locations: 0: (3, 0); 1: (2, 7); 2: (5, 7); 3: (4, 2); 4: (3, 0); 5: (6, 8); 
avatar 2 ran into south wall at 5,7
Avatar locations: 0: (3, 0); 1: (2, 7); 2: (5, 7); 3: (4, 2); 4: (3, 0); 5: (6, 8); 
Avatar 3 moved from 4,2 to 3,2
Avatar locations: 0: (3, 0); 1: (2, 7); 2: (5, 7); 3: (3, 2); 4: (3, 0); 5: (6, 8); 
Avatar 4 stayed at 3,0
Avatar locations: 0: (3, 0); 1: (2, 7); 2: (5, 7); 3: (3, 2); 4: (3, 0); 5: (6, 8); 
Avatar 5 moved from 6,8 to 5,8
Avatar locations: 0: (3, 0); 1: (2, 7); 2: (5, 7); 3: (3, 2); 4: (3, 0); 5: (5, 8); 
Avatar 0 moved from 3,0 to 2,0
Avatar locations: 0: (2, 0); 1: (2, 7); 2: (5, 7); 3: (3, 2); 4: (3, 0); 5: (5, 8); 
avatar 1 ran into east wall at 2,7
Avatar locations: 0: (2, 0); 1: (2, 7); 2: (5, 7); 3: (3, 2); 4: (3, 0); 5: (5, 8); 
Avatar 2 moved from 5,7 to 5,6
Avatar locations: 0: (2, 0); 1: (2, 7); 2: (5, 6); 3: (3, 2); 4: (3, 0); 5: (5, 8); 
Avatar 3 moved from 3,2 to 3,1
Avatar locations: 0: (2, 0); 1: (2, 7); 2: (5, 6); 3: (3, 1); 4: (3, 0); 5: (5, 8); 
Avatar 4 moved from 3,0 to 2,0
Avatar locations: 0: (2, 0); 1: (2, 7); 2: (5, 6); 3: (3, 1); 4: (2, 0); 5: (5, 8); 
Avatar 5 moved from 5,8 to 4,8
Avatar locations: 0: (2, 0); 1: (2, 7); 2: (5, 6); 3: (3, 1); 4: (2, 0); 5: (4, 8); 
avatar 0 ran into south wall at 2,0
Avatar locations: 0: (2, 0); 1: (2, 7); 2: (5, 6); 3: (3, 1); 4: (2, 0); 5: (4, 8); 
Avatar 1 moved from 2,7 to 2,8
Avatar locations: 0: (2, 0); 1: (2, 8); 2: (5, 6); 3: (3, 1); 4: (2, 0); 5: (4, 8); 
avatar 2 ran into west wall at 5,6
Avatar locations: 0: (2, 0); 1: (2, 8); 2: (5, 6); 3: (3, 1); 4: (2, 0); 5: (4, 8); 
Avatar 3 moved from 3,1 to 2,1
Avatar locations: 0: (2, 0); 1: (2, 8); 2: (5, 6); 3: (2, 1); 4: (2, 0); 5: (4, 8); 
Avatar 4 stayed at 2,0
Avatar locations: 0: (2, 0); 1: (2, 8); 2: (5, 6); 3: (2, 1); 4: (2, 0); 5: (4, 8); 
avatar 5 ran into west wall at 4,8
Avatar locations: 0: (2, 0); 1: (2, 8); 2: (5, 6); 3: (2, 1); 4: (2, 0); 5: (4, 8); 
Avatar 0 moved from 2,0 to 1,0
Avatar locations: 0: (1, 0); 1: (2, 8); 2: (5, 6); 3: (2, 1); 4: (2, 0); 5: (4, 8); 
avatar 1 ran into east wall at 2,8
Avatar locations: 0: (1, 0); 1: (2, 8); 2: (5, 6); 3: (2, 1); 4: (2, 0); 5: (4, 8); 
Avatar 2 moved from 5,6 to 5,5
Avatar locations: 0: (1, 0); 1: (2, 8); 2: (5, 5); 3: (2, 1); 4: (2, 0); 5: (4, 8); 
Avatar 3 moved from 2,1 to 2,2
Avatar locations: 0: (1, 0); 1: (2, 8); 2: (5, 5); 3: (2, 2); 4: (2, 0); 5: (4, 8); 
Avatar 4 moved from 2,0 to 1,0
Avatar locations: 0: (1, 0); 1: (2, 8); 2: (5, 5); 3: (2, 2); 4: (1, 0); 5: (4, 8); 
Avatar 5 moved from 4,8 to 4,7
Avatar locations: 0: (1, 0); 1: (2, 8); 2: (5, 5); 3: (2, 2); 4: (1, 0); 5: (4, 7); 
Avatar 0 moved from 1,0 to 0,0
Avatar locations: 0: (0, 0); 1: (2, 8); 2: (5, 5); 3: (2, 2); 4: (1, 0); 5: (4, 7); 
Avatar 1 moved from 2,8 to 1,8
Avatar locations: 0: (0, 0); 1: (1, 8); 2: (5, 5); 3: (2, 2); 4: (1, 0); 5: (4, 7); 
Avatar 2 moved from 5,5 to 4,5
Avatar locations: 0: (0, 0); 1: (1, 8); 2: (4, 5); 3: (2, 2); 4: (1, 0); 5: (4, 7); 
Avatar 3 moved from 2,2 to 1,2
Avatar locations: 0: (0, 0); 1: (1, 8); 2: (4, 5); 3: (1, 2); 4: (1, 0); 5: (4, 7); 
Avatar 4 moved from 1,0 to 0,0
Avatar locations: 0: (0, 0); 1: (1, 8); 2: (4, 5); 3: (1, 2); 4: (0, 0); 5: (4, 7); 
Avatar 5 moved from 4,7 to 4,6
Avatar locations: 0: (0, 0); 1: (1, 8); 2: (4, 5); 3: (1, 2); 4: (0, 0); 5: (4, 6); 
avatar 0 ran into south wall at 0,0
Avatar locations: 0: (0, 0); 1: (1, 8); 2: (4, 5); 3: (1, 2); 4: (0, 0); 5: (4, 6); 
avatar 1 ran into north wall at 1,8
Avatar locations: 0: (0, 0); 1: (1, 8); 2: (4, 5); 3: (1, 2); 4: (0, 0); 5: (4, 6); 
avatar 2 ran into south wall at 4,5
Avatar locations: 0: (0, 0); 1: (1, 8); 2: (4, 5); 3: (1, 2); 4: (0, 0); 5: (4, 6); 
Avatar 3 moved from 1,2 to 0,2
Avatar locations: 0: (0, 0); 1: (1, 8); 2: (4, 5); 3: (0, 2); 4: (0, 0); 5: (4, 6); 
Avatar 4 stayed at 0,0
Avatar locations: 0: (0, 0); 1: (1, 8); 2: (4, 5); 3: (0, 2); 4: (0, 0); 5: (4, 6); 
Avatar 5 moved from 4,6 to 3,6
Avatar locations: 0: (0, 0); 1: (1, 8); 2: (4, 5); 3: (0, 2); 4: (0, 0); 5: (3, 6); 
Avatar 0 moved from 0,0 to 1,0
Avatar locations: 0: (1, 0); 1: (1, 8); 2: (4, 5); 3: (0, 2); 4: (0, 0); 5: (3, 6); 
avatar 1 ran into west wall at 1,8
Avatar locations: 0: (1, 0); 1: (1, 8); 2: (4, 5); 3: (0, 2); 4: (0, 0); 5: (3, 6); 
Avatar 2 moved from 4,5 to 3,5
Avatar locations: 0: (1, 0); 1: (1, 8); 2: (3, 5); 3: (0, 2); 4: (0, 0); 5: (3, 6); 
Avatar 3 moved from 0,2 to 0,1
Avatar locations: 0: (1, 0); 1: (1, 8); 2: (3, 5); 3: (0, 1); 4: (0, 0); 5: (3, 6); 
Avatar 4 moved from 0,0 to 1,0
Avatar locations: 0: (1, 0); 1: (1, 8); 2: (3, 5); 3: (0, 1); 4: (1, 0); 5: (3, 6); 
avatar 5 ran into west wall at 3,6
Avatar locations: 0: (1, 0); 1: (1, 8); 2: (3, 5); 3: (0, 1); 4: (1, 0); 5: (3, 6); 
Avatar 0 moved from 1,0 to 1,1
Avatar locations: 0: (1, 1); 1: (1, 8); 2: (3, 5); 3: (0, 1); 4: (1, 0); 5: (3, 6); 
Avatar 1 moved from 1,8 to 1,9
Avatar locations: 0: (1, 1); 1: (1, 9); 2: (3, 5); 3: (0, 1); 4: (1, 0); 5: (3, 6); 
avatar 2 ran into south wall at 3,5
Avatar locations: 0: (1, 1); 1: (1, 9); 2: (3, 5); 3: (0, 1); 4: (1, 0); 5: (3, 6); 
Avatar 3 moved from 0,1 to 1,1
Avatar locations: 0: (1, 1); 1: (1, 9); 2: (3, 5); 3: (1, 1); 4: (1, 0); 5: (3, 6); 
Avatar 4 moved from 1,0 to 1,1
Avatar locations: 0: (1, 1); 1: (1, 9); 2: (3, 5); 3: (1, 1); 4: (1, 1); 5: (3, 6); 
Avatar 5 moved from 3,6 to 3,7
Avatar locations: 0: (1, 1); 1: (1, 9); 2: (3, 5); 3: (1, 1); 4: (1, 1); 5: (3, 7); 
avatar 0 ran into south wall at 1,1
Avatar locations: 0: (1, 1); 1: (1, 9); 2: (3, 5); 3: (1, 1); 4: (1, 1); 5: (3, 7); 
Avatar 1 moved from 1,9 to 2,9
Avatar locations: 0: (1, 1); 1: (2, 9); 2: (3, 5); 3: (1, 1); 4: (1, 1); 5: (3, 7); 
avatar 2 ran into north wall at 3,5
Avatar locations: 0: (1, 1); 1: (2, 9); 2: (3, 5); 3: (1, 1); 4: (1, 1); 5: (3, 7); 
Avatar 3 stayed at 1,1
Avatar locations: 0: (1, 1); 1: (2, 9); 2: (3, 5); 3: (1, 1); 4: (1, 1); 5: (3, 7); 
Avatar 4 stayed at 1,1
Avatar locations: 0: (1, 1); 1: (2, 9); 2: (3, 5); 3: (1, 1); 4: (1, 1); 5: (3, 7); 
avatar 5 ran into east wall at 3,7
Avatar locations: 0: (1, 1); 1: (2, 9); 2: (3, 5); 3: (1, 1); 4: (1, 1); 5: (3, 7); 
Avatar 0 moved from 1,1 to 0,1
Avatar locations: 0: (0, 1); 1: (2, 9); 2: (3, 5); 3: (1, 1); 4: (1, 1); 5: (3, 7); 
avatar 1 ran into north wall at 2,9
Avatar locations: 0: (0, 1); 1: (2, 9); 2: (3, 5); 3: (1, 1); 4: (1, 1); 5: (3, 7); 
Avatar 2 moved from 3,5 to 2,5
Avatar locations: 0: (0, 1); 1: (2, 9); 2: (2, 5); 3: (1, 1); 4: (1, 1); 5: (3, 7); 
Avatar 3 moved from 1,1 to 0,1
Avatar locations: 0: (0, 1); 1: (2, 9); 2: (2, 5); 3: (0, 1); 4: (1, 1); 5: (3, 7); 
Avatar 4 moved from 1,1 to 0,1
Avatar locations: 0: (0, 1); 1: (2, 9); 2: (2, 5); 3: (0, 1); 4: (0, 1); 5: (3, 7); 
Avatar 5 moved from 3,7 to 3,8
Avatar locations: 0: (0, 1); 1: (2, 9); 2: (2, 5); 3: (0, 1); 4: (0, 1); 5: (3, 8); 
Avatar 0 moved from 0,1 to 0,2
Avatar locations: 0: (0, 2); 1: (2, 9); 2: (2, 5); 3: (0, 1); 4: (0, 1); 5: (3, 8); 
avatar 1 ran into east wall at 2,9
Avatar locations: 0: (0, 2); 1: (2, 9); 2: (2, 5); 3: (0, 1); 4: (0, 1); 5: (3, 8); 
Avatar 2 moved from 2,5 to 2,6
Avatar locations: 0: (0, 2); 1: (2, 9); 2: (2, 6); 3: (0, 1); 4: (0, 1); 5: (3, 8); 
Avatar 3 moved from 0,1 to 0,2
Avatar locations: 0: (0, 2); 1: (2, 9); 2: (2, 6); 3: (0, 2); 4: (0, 1); 5: (3, 8); 
Avatar 4 moved from 0,1 to 0,2
Avatar locations: 0: (0, 2); 1: (2, 9); 2: (2, 6); 3: (0, 2); 4: (0, 2); 5: (3, 8); 
Avatar 5 moved from 3,8 to 3,9
Avatar locations: 0: (0, 2); 1: (2, 9); 2: (2, 6); 3: (0, 2); 4: (0, 2); 5: (3, 9); 
Avatar 0 moved from 0,2 to 1,2
Avatar locations: 0: (1, 2); 1: (2, 9); 2: (2, 6); 3: (0, 2); 4: (0, 2); 5: (3, 9); 
Avatar 1 moved from 2,9 to 1,9
Avatar locations: 0: (1, 2); 1: (1, 9); 2: (2, 6); 3: (0, 2); 4: (0, 2); 5: (3, 9); 
Avatar 2 moved from 2,6 to 1,6
Avatar locations: 0: (1, 2); 1: (1, 9); 2: (1, 6); 3: (0, 2); 4: (0, 2); 5: (3, 9); 
Avatar 3 moved from 0,2 to 1,2
Avatar locations: 0: (1, 2); 1: (1, 9); 2: (1, 6); 3: (1, 2); 4: (0, 2); 5: (3, 9); 
Avatar 4 moved from 0,2 to 1,2
Avatar locations: 0: (1, 2); 1: (1, 9); 2: (1, 6); 3: (1, 2); 4: (1, 2); 5: (3, 9); 
Avatar 5 moved from 3,9 to 4,9
Avatar locations: 0: (1, 2); 1: (1, 9); 2: (1, 6); 3: (1, 2); 4: (1, 2); 5: (4, 9); 
avatar 0 ran into south wall at 1,2
Avatar locations: 0: (1, 2); 1: (1, 9); 2: (1, 6); 3: (1, 2); 4: (1, 2); 5: (4, 9); 
Avatar 1 moved from 1,9 to 1,8
Avatar locations: 0: (1, 2); 1: (1, 8); 2: (1, 6); 3: (1, 2); 4: (1, 2); 5: (4, 9); 
Avatar 2 moved from 1,6 to 0,6
Avatar locations: 0: (1, 2); 1: (1, 8); 2: (0, 6); 3: (1, 2); 4: (1, 2); 5: (4, 9); 
Avatar 3 stayed at 1,2
Avatar locations: 0: (1, 2); 1: (1, 8); 2: (0, 6); 3: (1, 2); 4: (1, 2); 5: (4, 9); 
Avatar 4 stayed at 1,2
Avatar locations: 0: (1, 2); 1: (1, 8); 2: (0, 6); 3: (1, 2); 4: (1, 2); 5: (4, 9); 
avatar 5 ran into north wall at 4,9
Avatar locations: 0: (1, 2); 1: (1, 8); 2: (0, 6); 3: (1, 2); 4: (1, 2); 5: (4, 9); 
Avatar 0 moved from 1,2 to 2,2
Avatar locations: 0: (2, 2); 1: (1, 8); 2: (0, 6); 3: (1, 2); 4: (1, 2); 5: (4, 9); 
Avatar 1 moved from 1,8 to 2,8
Avatar locations: 0: (2, 2); 1: (2, 8); 2: (0, 6); 3: (1, 2); 4: (1, 2); 5: (4, 9); 
Avatar 2 moved from 0,6 to 0,7
Avatar locations: 0: (2, 2); 1: (2, 8); 2: (0, 7); 3: (1, 2); 4: (1, 2); 5: (4, 9); 
Avatar 3 moved from 1,2 to 2,2
Avatar locations: 0: (2, 2); 1: (2, 8); 2: (0, 7); 3: (2, 2); 4: (1, 2); 5: (4, 9); 
Avatar 4 moved from 1,2 to 2,2
Avatar locations: 0: (2, 2); 1: (2, 8); 2: (0, 7); 3: (2, 2); 4: (2, 2); 5: (4, 9); 
Avatar 5 moved from 4,9 to 5,9
Avatar locations: 0: (2, 2); 1: (2, 8); 2: (0, 7); 3: (2, 2); 4: (2, 2); 5: (5, 9); 
avatar 0 ran into east wall at 2,2
Avatar locations: 0: (2, 2); 1: (2, 8); 2: (0, 7); 3: (2, 2); 4: (2, 2); 5: (5, 9); 
Avatar 1 moved from 2,8 to 2,7
Avatar locations: 0: (2, 2); 1: (2, 7); 2: (0, 7); 3: (2, 2); 4: (2, 2); 5: (5, 9); 
Avatar 2 moved from 0,7 to 1,7
Avatar locations: 0: (2, 2); 1: (2, 7); 2: (1, 7); 3: (2, 2); 4: (2, 2); 5: (5, 9); 
Avatar 3 stayed at 2,2
Avatar locations: 0: (2, 2); 1: (2, 7); 2: (1, 7); 3: (2, 2); 4: (2, 2); 5: (5, 9); 
Avatar 4 stayed at 2,2
Avatar locations: 0: (2, 2); 1: (2, 7); 2: (1, 7); 3: (2, 2); 4: (2, 2); 5: (5, 9); 
avatar 5 ran into north wall at 5,9
Avatar locations: 0: (2, 2); 1: (2, 7); 2: (1, 7); 3: (2, 2); 4: (2, 2); 5: (5, 9); 
avatar 0 ran into south wall at 2,2
Avatar locations: 0: (2, 2); 1: (2, 7); 2: (1, 7); 3: (2, 2); 4: (2, 2); 5: (5, 9); 
Avatar 1 moved from 2,7 to 1,7
Avatar locations: 0: (2, 2); 1: (1, 7); 2: (1, 7); 3: (2, 2); 4: (2, 2); 5: (5, 9); 
Avatar 2 stayed at 1,7
Avatar locations: 0: (2, 2); 1: (1, 7); 2: (1, 7); 3: (2, 2); 4: (2, 2); 5: (5, 9); 
Avatar 3 stayed at 2,2
Avatar locations: 0: (2, 2); 1: (1, 7); 2: (1, 7); 3: (2, 2); 4: (2, 2); 5: (5, 9); 
Avatar 4 stayed at 2,2
Avatar locations: 0: (2, 2); 1: (1, 7); 2: (1, 7); 3: (2, 2); 4: (2, 2); 5: (5, 9); 
Avatar 5 moved from 5,9 to 6,9
Avatar locations: 0: (2, 2); 1: (1, 7); 2: (1, 7); 3: (2, 2); 4: (2, 2); 5: (6, 9); 
Avatar 0 moved from 2,2 to 1,2
Avatar locations: 0: (1, 2); 1: (1, 7); 2: (1, 7); 3: (2, 2); 4: (2, 2); 5: (6, 9); 
avatar 1 ran into north wall at 1,7
Avatar locations: 0: (1, 2); 1: (1, 7); 2: (1, 7); 3: (2, 2); 4: (2, 2); 5: (6, 9); 
Avatar 2 stayed at 1,7
Avatar locations: 0: (1, 2); 1: (1, 7); 2: (1, 7); 3: (2, 2); 4: (2, 2); 5: (6, 9); 
Avatar 3 moved from 2,2 to 1,2
Avatar locations: 0: (1, 2); 1: (1, 7); 2: (1, 7); 3: (1, 2); 4: (2, 2); 5: (6, 9); 
Avatar 4 moved from 2,2 to 1,2
Avatar locations: 0: (1, 2); 1: (1, 7); 2: (1, 7); 3: (1, 2); 4: (1, 2); 5: (6, 9); 
avatar 5 ran into north wall at 6,9
Avatar locations: 0: (1, 2); 1: (1, 7); 2: (1, 7); 3: (1, 2); 4: (1, 2); 5: (6, 9); 
Avatar 0 moved from 1,2 to 2,2
Avatar locations: 0: (2, 2); 1: (1, 7); 2: (1, 7); 3: (1, 2); 4: (1, 2); 5: (6, 9); 
Avatar 1 moved from 1,7 to 0,7
Avatar locations: 0: (2, 2); 1: (0, 7); 2: (1, 7); 3: (1, 2); 4: (1, 2); 5: (6, 9); 
Avatar 2 moved from 1,7 to 0,7
Avatar locations: 0: (2, 2); 1: (0, 7); 2: (0, 7); 3: (1, 2); 4: (1, 2); 5: (6, 9); 
Avatar 3 moved from 1,2 to 2,2
Avatar locations: 0: (2, 2); 1: (0, 7); 2: (0, 7); 3: (2, 2); 4: (1, 2); 5: (6, 9); 
Avatar 4 moved from 1,2 to 2,2
Avatar locations: 0: (2, 2); 1: (0, 7); 2: (0, 7); 3: (2, 2); 4: (2, 2); 5: (6, 9); 
Avatar 5 moved from 6,9 to 7,9
Avatar locations: 0: (2, 2); 1: (0, 7); 2: (0, 7); 3: (2, 2); 4: (2, 2); 5: (7, 9); 
Avatar 0 moved from 2,2 to 1,2
Avatar locations: 0: (1, 2); 1: (0, 7); 2: (0, 7); 3: (2, 2); 4: (2, 2); 5: (7, 9); 
avatar 1 ran into south wall at 0,7
Avatar locations: 0: (1, 2); 1: (0, 7); 2: (0, 7); 3: (2, 2); 4: (2, 2); 5: (7, 9); 
Avatar 2 stayed at 0,7
Avatar locations: 0: (1, 2); 1: (0, 7); 2: (0, 7); 3: (2, 2); 4: (2, 2); 5: (7, 9); 
Avatar 3 moved from 2,2 to 1,2
Avatar locations: 0: (1, 2); 1: (0, 7); 2: (0, 7); 3: (1, 2); 4: (2, 2); 5: (7, 9); 
Avatar 4 moved from 2,2 to 1,2
Avatar locations: 0: (1, 2); 1: (0, 7); 2: (0, 7); 3: (1, 2); 4: (1, 2); 5: (7, 9); 
Avatar 5 moved from 7,9 to 7,8
Avatar locations: 0: (1, 2); 1: (0, 7); 2: (0, 7); 3: (1, 2); 4: (1, 2); 5: (7, 8); 
Avatar 0 moved from 1,2 to 2,2
Avatar locations: 0: (2, 2); 1: (0, 7); 2: (0, 7); 3: (1, 2); 4: (1, 2); 5: (7, 8); 
Avatar 1 moved from 0,7 to 0,6
Avatar locations: 0: (2, 2); 1: (0, 6); 2: (0, 7); 3: (1, 2); 4: (1, 2); 5: (7, 8); 
Avatar 2 moved from 0,7 to 0,6
Avatar locations: 0: (2, 2); 1: (0, 6); 2: (0, 6); 3: (1, 2); 4: (1, 2); 5: (7, 8); 
Avatar 3 moved from 1,2 to 2,2
Avatar locations: 0: (2, 2); 1: (0, 6); 2: (0, 6); 3: (2, 2); 4: (1, 2); 5: (7, 8); 
Avatar 4 moved from 1,2 to 2,2
Avatar locations: 0: (2, 2); 1: (0, 6); 2: (0, 6); 3: (2, 2); 4: (2, 2); 5: (7, 8); 
avatar 5 ran into west wall at 7,8
Avatar locations: 0: (2, 2); 1: (0, 6); 2: (0, 6); 3: (2, 2); 4: (2, 2); 5: (7, 8); 
Avatar 0 moved from 2,2 to 1,2
Avatar locations: 0: (1, 2); 1: (0, 6); 2: (0, 6); 3: (2, 2); 4: (2, 2); 5: (7, 8); 
Avatar 1 moved from 0,6 to 1,6
Avatar locations: 0: (1, 2); 1: (1, 6); 2: (0, 6); 3: (2, 2); 4: (2, 2); 5: (7, 8); 
Avatar 2 moved from 0,6 to 1,6
Avatar locations: 0: (1, 2); 1: (1, 6); 2: (1, 6); 3: (2, 2); 4: (2, 2); 5: (7, 8); 
Avatar 3 moved from 2,2 to 1,2
Avatar locations: 0: (1, 2); 1: (1, 6); 2: (1, 6); 3: (1, 2); 4: (2, 2); 5: (7, 8); 
Avatar 4 moved from 2,2 to 1,2
Avatar locations: 0: (1, 2); 1: (1, 6); 2: (1, 6); 3: (1, 2); 4: (1, 2); 5: (7, 8); 
avatar 5 ran into north wall at 7,8
Avatar locations: 0: (1, 2); 1: (1, 6); 2: (1, 6); 3: (1, 2); 4: (1, 2); 5: (7, 8); 
Avatar 0 moved from 1,2 to 0,2
Avatar locations: 0: (0, 2); 1: (1, 6); 2: (1, 6); 3: (1, 2); 4: (1, 2); 5: (7, 8); 
Avatar 1 moved from 1,6 to 0,6
Avatar locations: 0: (0, 2); 1: (0, 6); 2: (1, 6); 3: (1, 2); 4: (1, 2); 5: (7, 8); 
Avatar 2 moved from 1,6 to 0,6
Avatar locations: 0: (0, 2); 1: (0, 6); 2: (0, 6); 3: (1, 2); 4: (1, 2); 5: (7, 8); 
Avatar 3 moved from 1,2 to 0,2
Avatar locations: 0: (0, 2); 1: (0, 6); 2: (0, 6); 3: (0, 2); 4: (1, 2); 5: (7, 8); 
Avatar 4 moved from 1,2 to 0,2
Avatar locations: 0: (0, 2); 1: (0, 6); 2: (0, 6); 3: (0, 2); 4: (0, 2); 5: (7, 8); 
avatar 5 ran into east wall at 7,8
Avatar locations: 0: (0, 2); 1: (0, 6); 2: (0, 6); 3: (0, 2); 4: (0, 2); 5: (7, 8); 
Avatar 0 moved from 0,2 to 0,3
Avatar locations: 0: (0, 3); 1: (0, 6); 2: (0, 6); 3: (0, 2); 4: (0, 2); 5: (7, 8); 
Avatar 1 moved from 0,6 to 1,6
Avatar locations: 0: (0, 3); 1: (1, 6); 2: (0, 6); 3: (0, 2); 4: (0, 2); 5: (7, 8); 
Avatar 2 moved from 0,6 to 1,6
Avatar locations: 0: (0, 3); 1: (1, 6); 2: (1, 6); 3: (0, 2); 4: (0, 2); 5: (7, 8); 
Avatar 3 moved from 0,2 to 0,3
Avatar locations: 0: (0, 3); 1: (1, 6); 2: (1, 6); 3: (0, 3); 4: (0, 2); 5: (7, 8); 
Avatar 4 moved from 0,2 to 0,3
Avatar locations: 0: (0, 3); 1: (1, 6); 2: (1, 6); 3: (0, 3); 4: (0, 3); 5: (7, 8); 
Avatar 5 moved from 7,8 to 7,9
Avatar locations: 0: (0, 3); 1: (1, 6); 2: (1, 6); 3: (0, 3); 4: (0, 3); 5: (7, 9); 
avatar 0 ran into east wall at 0,3
Avatar locations: 0: (0, 3); 1: (1, 6); 2: (1, 6); 3: (0, 3); 4: (0, 3); 5: (7, 9); 
Avatar 1 moved from 1,6 to 0,6
Avatar locations: 0: (0, 3); 1: (0, 6); 2: (1, 6); 3: (0, 3); 4: (0, 3); 5: (7, 9); 
Avatar 2 moved from 1,6 to 0,6
Avatar locations: 0: (0, 3); 1: (0, 6); 2: (0, 6); 3: (0, 3); 4: (0, 3); 5: (7, 9); 
Avatar 3 stayed at 0,3
Avatar locations: 0: (0, 3); 1: (0, 6); 2: (0, 6); 3: (0, 3); 4: (0, 3); 5: (7, 9); 
Avatar 4 stayed at 0,3
Avatar locations: 0: (0, 3); 1: (0, 6); 2: (0, 6); 3: (0, 3); 4: (0, 3); 5: (7, 9); 
avatar 5 ran into east wall at 7,9
Avatar locations: 0: (0, 3); 1: (0, 6); 2: (0, 6); 3: (0, 3); 4: (0, 3); 5: (7, 9); 
Avatar 0 moved from 0,3 to 0,4
Avatar locations: 0: (0, 4); 1: (0, 6); 2: (0, 6); 3: (0, 3); 4: (0, 3); 5: (7, 9); 
Avatar 1 moved from 0,6 to 1,6
Avatar locations: 0: (0, 4); 1: (1, 6); 2: (0, 6); 3: (0, 3); 4: (0, 3); 5: (7, 9); 
Avatar 2 moved from 0,6 to 1,6
Avatar locations: 0: (0, 4); 1: (1, 6); 2: (1, 6); 3: (0, 3); 4: (0, 3); 5: (7, 9); 
Avatar 3 moved from 0,3 to 0,4
Avatar locations: 0: (0, 4); 1: (1, 6); 2: (1, 6); 3: (0, 4); 4: (0, 3); 5: (7, 9); 
Avatar 4 moved from 0,3 to 0,4
Avatar locations: 0: (0, 4); 1: (1, 6); 2: (1, 6); 3: (0, 4); 4: (0, 4); 5: (7, 9); 
Avatar 5 moved from 7,9 to 6,9
Avatar locations: 0: (0, 4); 1: (1, 6); 2: (1, 6); 3: (0, 4); 4: (0, 4); 5: (6, 9); 
Avatar 0 moved from 0,4 to 1,4
Avatar locations: 0: (1, 4); 1: (1, 6); 2: (1, 6); 3: (0, 4); 4: (0, 4); 5: (6, 9); 
Avatar 1 moved from 1,6 to 0,6
Avatar locations: 0: (1, 4); 1: (0, 6); 2: (1, 6); 3: (0, 4); 4: (0, 4); 5: (6, 9); 
Avatar 2 moved from 1,6 to 0,6
Avatar locations: 0: (1, 4); 1: (0, 6); 2: (0, 6); 3: (0, 4); 4: (0, 4); 5: (6, 9); 
Avatar 3 moved from 0,4 to 1,4
Avatar locations: 0: (1, 4); 1: (0, 6); 2: (0, 6); 3: (1, 4); 4: (0, 4); 5: (6, 9); 
Avatar 4 moved from 0,4 to 1,4
Avatar locations: 0: (1, 4); 1: (0, 6); 2: (0, 6); 3: (1, 4); 4: (1, 4); 5: (6, 9); 
Avatar 5 moved from 6,9 to 5,9
Avatar locations: 0: (1, 4); 1: (0, 6); 2: (0, 6); 3: (1, 4); 4: (1, 4); 5: (5, 9); 
Avatar 0 moved from 1,4 to 1,3
Avatar locations: 0: (1, 3); 1: (0, 6); 2: (0, 6); 3: (1, 4); 4: (1, 4); 5: (5, 9); 
Avatar 1 moved from 0,6 to 1,6
Avatar locations: 0: (1, 3); 1: (1, 6); 2: (0, 6); 3: (1, 4); 4: (1, 4); 5: (5, 9); 
Avatar 2 moved from 0,6 to 1,6
Avatar locations: 0: (1, 3); 1: (1, 6); 2: (1, 6); 3: (1, 4); 4: (1, 4); 5: (5, 9); 
Avatar 3 moved from 1,4 to 1,3
Avatar locations: 0: (1, 3); 1: (1, 6); 2: (1, 6); 3: (1, 3); 4: (1, 4); 5: (5, 9); 
Avatar 4 moved from 1,4 to 1,3
Avatar locations: 0: (1, 3); 1: (1, 6); 2: (1, 6); 3: (1, 3); 4: (1, 3); 5: (5, 9); 
Avatar 5 moved from 5,9 to 4,9
Avatar locations: 0: (1, 3); 1: (1, 6); 2: (1, 6); 3: (1, 3); 4: (1, 3); 5: (4, 9); 
Avatar 0 moved from 1,3 to 2,3
Avatar locations: 0: (2, 3); 1: (1, 6); 2: (1, 6); 3: (1, 3); 4: (1, 3); 5: (4, 9); 
Avatar 1 moved from 1,6 to 0,6
Avatar locations: 0: (2, 3); 1: (0, 6); 2: (1, 6); 3: (1, 3); 4: (1, 3); 5: (4, 9); 
Avatar 2 moved from 1,6 to 0,6
Avatar locations: 0: (2, 3); 1: (0, 6); 2: (0, 6); 3: (1, 3); 4: (1, 3); 5: (4, 9); 
Avatar 3 moved from 1,3 to 2,3
Avatar locations: 0: (2, 3); 1: (0, 6); 2: (0, 6); 3: (2, 3); 4: (1, 3); 5: (4, 9); 
Avatar 4 moved from 1,3 to 2,3
Avatar locations: 0: (2, 3); 1: (0, 6); 2: (0, 6); 3: (2, 3); 4: (2, 3); 5: (4, 9); 
Avatar 5 moved from 4,9 to 3,9
Avatar locations: 0: (2, 3); 1: (0, 6); 2: (0, 6); 3: (2, 3); 4: (2, 3); 5: (3, 9); 
avatar 0 ran into east wall at 2,3
Avatar locations: 0: (2, 3); 1: (0, 6); 2: (0, 6); 3: (2, 3); 4: (2, 3); 5: (3, 9); 
Avatar 1 moved from 0,6 to 1,6
Avatar locations: 0: (2, 3); 1: (1, 6); 2: (0, 6); 3: (2, 3); 4: (2, 3); 5: (3, 9); 
Avatar 2 moved from 0,6 to 1,6
Avatar locations: 0: (2, 3); 1: (1, 6); 2: (1, 6); 3: (2, 3); 4: (2, 3); 5: (3, 9); 
Avatar 3 stayed at 2,3
Avatar locations: 0: (2, 3); 1: (1, 6); 2: (1, 6); 3: (2, 3); 4: (2, 3); 5: (3, 9); 
Avatar 4 stayed at 2,3
Avatar locations: 0: (2, 3); 1: (1, 6); 2: (1, 6); 3: (2, 3); 4: (2, 3); 5: (3, 9); 
Avatar 5 moved from 3,9 to 3,8
Avatar locations: 0: (2, 3); 1: (1, 6); 2: (1, 6); 3: (2, 3); 4: (2, 3); 5: (3, 8); 
Avatar 0 moved from 2,3 to 2,4
Avatar locations: 0: (2, 4); 1: (1, 6); 2: (1, 6); 3: (2, 3); 4: (2, 3); 5: (3, 8); 
Avatar 1 moved from 1,6 to 2,6
Avatar locations: 0: (2, 4); 1: (2, 6); 2: (1, 6); 3: (2, 3); 4: (2, 3); 5: (3, 8); 
Avatar 2 moved from 1,6 to 2,6
Avatar locations: 0: (2, 4); 1: (2, 6); 2: (2, 6); 3: (2, 3); 4: (2, 3); 5: (3, 8); 
Avatar 3 moved from 2,3 to 2,4
Avatar locations: 0: (2, 4); 1: (2, 6); 2: (2, 6); 3: (2, 4); 4: (2, 3); 5: (3, 8); 
Avatar 4 moved from 2,3 to 2,4
Avatar locations: 0: (2, 4); 1: (2, 6); 2: (2, 6); 3: (2, 4); 4: (2, 4); 5: (3, 8); 
Avatar 5 moved from 3,8 to 3,7
Avatar locations: 0: (2, 4); 1: (2, 6); 2: (2, 6); 3: (2, 4); 4: (2, 4); 5: (3, 7); 
Avatar 0 moved from 2,4 to 3,4
Avatar locations: 0: (3, 4); 1: (2, 6); 2: (2, 6); 3: (2, 4); 4: (2, 4); 5: (3, 7); 
avatar 1 ran into south wall at 2,6
Avatar locations: 0: (3, 4); 1: (2, 6); 2: (2, 6); 3: (2, 4); 4: (2, 4); 5: (3, 7); 
Avatar 2 stayed at 2,6
Avatar locations: 0: (3, 4); 1: (2, 6); 2: (2, 6); 3: (2, 4); 4: (2, 4); 5: (3, 7); 
Avatar 3 moved from 2,4 to 3,4
Avatar locations: 0: (3, 4); 1: (2, 6); 2: (2, 6); 3: (3, 4); 4: (2, 4); 5: (3, 7); 
Avatar 4 moved from 2,4 to 3,4
Avatar locations: 0: (3, 4); 1: (2, 6); 2: (2, 6); 3: (3, 4); 4: (3, 4); 5: (3, 7); 
Avatar 5 moved from 3,7 to 3,6
Avatar locations: 0: (3, 4); 1: (2, 6); 2: (2, 6); 3: (3, 4); 4: (3, 4); 5: (3, 6); 
Avatar 0 moved from 3,4 to 3,3
Avatar locations: 0: (3, 3); 1: (2, 6); 2: (2, 6); 3: (3, 4); 4: (3, 4); 5: (3, 6); 
Avatar 1 moved from 2,6 to 1,6
Avatar locations: 0: (3, 3); 1: (1, 6); 2: (2, 6); 3: (3, 4); 4: (3, 4); 5: (3, 6); 
Avatar 2 moved from 2,6 to 1,6
Avatar locations: 0: (3, 3); 1: (1, 6); 2: (1, 6); 3: (3, 4); 4: (3, 4); 5: (3, 6); 
Avatar 3 moved from 3,4 to 3,3
Avatar locations: 0: (3, 3); 1: (1, 6); 2: (1, 6); 3: (3, 3); 4: (3, 4); 5: (3, 6); 
Avatar 4 moved from 3,4 to 3,3
Avatar locations: 0: (3, 3); 1: (1, 6); 2: (1, 6); 3: (3, 3); 4: (3, 3); 5: (3, 6); 
Avatar 5 moved from 3,6 to 4,6
Avatar locations: 0: (3, 3); 1: (1, 6); 2: (1, 6); 3: (3, 3); 4: (3, 3); 5: (4, 6); 
Avatar 0 moved from 3,3 to 4,3
Avatar locations: 0: (4, 3); 1: (1, 6); 2: (1, 6); 3: (3, 3); 4: (3, 3); 5: (4, 6); 
Avatar 1 moved from 1,6 to 2,6
Avatar locations: 0: (4, 3); 1: (2, 6); 2: (1, 6); 3: (3, 3); 4: (3, 3); 5: (4, 6); 
Avatar 2 moved from 1,6 to 2,6
Avatar locations: 0: (4, 3); 1: (2, 6); 2: (2, 6); 3: (3, 3); 4: (3, 3); 5: (4, 6); 
Avatar 3 moved from 3,3 to 4,3
Avatar locations: 0: (4, 3); 1: (2, 6); 2: (2, 6); 3: (4, 3); 4: (3, 3); 5: (4, 6); 
Avatar 4 moved from 3,3 to 4,3
Avatar locations: 0: (4, 3); 1: (2, 6); 2: (2, 6); 3: (4, 3); 4: (4, 3); 5: (4, 6); 
Avatar 5 moved from 4,6 to 4,7
Avatar locations: 0: (4, 3); 1: (2, 6); 2: (2, 6); 3: (4, 3); 4: (4, 3); 5: (4, 7); 
Avatar 0 moved from 4,3 to 4,4
Avatar locations: 0: (4, 4); 1: (2, 6); 2: (2, 6); 3: (4, 3); 4: (4, 3); 5: (4, 7); 
Avatar 1 moved from 2,6 to 1,6
Avatar locations: 0: (4, 4); 1: (1, 6); 2: (2, 6); 3: (4, 3); 4: (4, 3); 5: (4, 7); 
Avatar 2 moved from 2,6 to 1,6
Avatar locations: 0: (4, 4); 1: (1, 6); 2: (1, 6); 3: (4, 3); 4: (4, 3); 5: (4, 7); 
Avatar 3 moved from 4,3 to 4,4
Avatar locations: 0: (4, 4); 1: (1, 6); 2: (1, 6); 3: (4, 4); 4: (4, 3); 5: (4, 7); 
Avatar 4 moved from 4,3 to 4,4
Avatar locations: 0: (4, 4); 1: (1, 6); 2: (1, 6); 3: (4, 4); 4: (4, 4); 5: (4, 7); 
Avatar 5 moved from 4,7 to 4,8
Avatar locations: 0: (4, 4); 1: (1, 6); 2: (1, 6); 3: (4, 4); 4: (4, 4); 5: (4, 8); 
avatar 0 ran into south wall at 4,4
Avatar locations: 0: (4, 4); 1: (1, 6); 2: (1, 6); 3: (4, 4); 4: (4, 4); 5: (4, 8); 
Avatar 1 moved from 1,6 to 2,6
Avatar locations: 0: (4, 4); 1: (2, 6); 2: (1, 6); 3: (4, 4); 4: (4, 4); 5: (4, 8); 
Avatar 2 moved from 1,6 to 2,6
Avatar locations: 0: (4, 4); 1: (2, 6); 2: (2, 6); 3: (4, 4); 4: (4, 4); 5: (4, 8); 
Avatar 3 stayed at 4,4
Avatar locations: 0: (4, 4); 1: (2, 6); 2: (2, 6); 3: (4, 4); 4: (4, 4); 5: (4, 8); 
Avatar 4 stayed at 4,4
Avatar locations: 0: (4, 4); 1: (2, 6); 2: (2, 6); 3: (4, 4); 4: (4, 4); 5: (4, 8); 
Avatar 5 moved from 4,8 to 5,8
Avatar locations: 0: (4, 4); 1: (2, 6); 2: (2, 6); 3: (4, 4); 4: (4, 4); 5: (5, 8); 
Avatar 0 moved from 4,4 to 5,4
Avatar locations: 0: (5, 4); 1: (2, 6); 2: (2, 6); 3: (4, 4); 4: (4, 4); 5: (5, 8); 
Avatar 1 moved from 2,6 to 2,5
Avatar locations: 0: (5, 4); 1: (2, 5); 2: (2, 6); 3: (4, 4); 4: (4, 4); 5: (5, 8); 
Avatar 2 moved from 2,6 to 2,5
Avatar locations: 0: (5, 4); 1: (2, 5); 2: (2, 5); 3: (4, 4); 4: (4, 4); 5: (5, 8); 
Avatar 3 moved from 4,4 to 5,4
Avatar locations: 0: (5, 4); 1: (2, 5); 2: (2, 5); 3: (5, 4); 4: (4, 4); 5: (5, 8); 
Avatar 4 moved from 4,4 to 5,4
Avatar locations: 0: (5, 4); 1: (2, 5); 2: (2, 5); 3: (5, 4); 4: (5, 4); 5: (5, 8); 
Avatar 5 moved from 5,8 to 6,8
Avatar locations: 0: (5, 4); 1: (2, 5); 2: (2, 5); 3: (5, 4); 4: (5, 4); 5: (6, 8); 
Avatar 0 moved from 5,4 to 5,3
Avatar locations: 0: (5, 3); 1: (2, 5); 2: (2, 5); 3: (5, 4); 4: (5, 4); 5: (6, 8); 
Avatar 1 moved from 2,5 to 3,5
Avatar locations: 0: (5, 3); 1: (3, 5); 2: (2, 5); 3: (5, 4); 4: (5, 4); 5: (6, 8); 
Avatar 2 moved from 2,5 to 3,5
Avatar locations: 0: (5, 3); 1: (3, 5); 2: (3, 5); 3: (5, 4); 4: (5, 4); 5: (6, 8); 
Avatar 3 moved from 5,4 to 5,3
Avatar locations: 0: (5, 3); 1: (3, 5); 2: (3, 5); 3: (5, 3); 4: (5, 4); 5: (6, 8); 
Avatar 4 moved from 5,4 to 5,3
Avatar locations: 0: (5, 3); 1: (3, 5); 2: (3, 5); 3: (5, 3); 4: (5, 3); 5: (6, 8); 
Avatar 5 moved from 6,8 to 6,7
Avatar locations: 0: (5, 3); 1: (3, 5); 2: (3, 5); 3: (5, 3); 4: (5, 3); 5: (6, 7); 
Avatar 0 moved from 5,3 to 6,3
Avatar locations: 0: (6, 3); 1: (3, 5); 2: (3, 5); 3: (5, 3); 4: (5, 3); 5: (6, 7); 
Avatar 1 moved from 3,5 to 4,5
Avatar locations: 0: (6, 3); 1: (4, 5); 2: (3, 5); 3: (5, 3); 4: (5, 3); 5: (6, 7); 
Avatar 2 moved from 3,5 to 4,5
Avatar locations: 0: (6, 3); 1: (4, 5); 2: (4, 5); 3: (5, 3); 4: (5, 3); 5: (6, 7); 
Avatar 3 moved from 5,3 to 6,3
Avatar locations: 0: (6, 3); 1: (4, 5); 2: (4, 5); 3: (6, 3); 4: (5, 3); 5: (6, 7); 
Avatar 4 moved from 5,3 to 6,3
Avatar locations: 0: (6, 3); 1: (4, 5); 2: (4, 5); 3: (6, 3); 4: (6, 3); 5: (6, 7); 
Avatar 5 moved from 6,7 to 7,7
Avatar locations: 0: (6, 3); 1: (4, 5); 2: (4, 5); 3: (6, 3); 4: (6, 3); 5: (7, 7); 
Avatar 0 moved from 6,3 to 6,4
Avatar locations: 0: (6, 4); 1: (4, 5); 2: (4, 5); 3: (6, 3); 4: (6, 3); 5: (7, 7); 
Avatar 1 moved from 4,5 to 5,5
Avatar locations: 0: (6, 4); 1: (5, 5); 2: (4, 5); 3: (6, 3); 4: (6, 3); 5: (7, 7); 
Avatar 2 moved from 4,5 to 5,5
Avatar locations: 0: (6, 4); 1: (5, 5); 2: (5, 5); 3: (6, 3); 4: (6, 3); 5: (7, 7); 
Avatar 3 moved from 6,3 to 6,4
Avatar locations: 0: (6, 4); 1: (5, 5); 2: (5, 5); 3: (6, 4); 4: (6, 3); 5: (7, 7); 
Avatar 4 moved from 6,3 to 6,4
Avatar locations: 0: (6, 4); 1: (5, 5); 2: (5, 5); 3: (6, 4); 4: (6, 4); 5: (7, 7); 
avatar 5 ran into east wall at 7,7
Avatar locations: 0: (6, 4); 1: (5, 5); 2: (5, 5); 3: (6, 4); 4: (6, 4); 5: (7, 7); 
Avatar 0 moved from 6,4 to 6,5
Avatar locations: 0: (6, 5); 1: (5, 5); 2: (5, 5); 3: (6, 4); 4: (6, 4); 5: (7, 7); 
avatar 1 ran into north wall at 5,5
Avatar locations: 0: (6, 5); 1: (5, 5); 2: (5, 5); 3: (6, 4); 4: (6, 4); 5: (7, 7); 
Avatar 2 stayed at 5,5
Avatar locations: 0: (6, 5); 1: (5, 5); 2: (5, 5); 3: (6, 4); 4: (6, 4); 5: (7, 7); 
Avatar 3 moved from 6,4 to 6,5
Avatar locations: 0: (6, 5); 1: (5, 5); 2: (5, 5); 3: (6, 5); 4: (6, 4); 5: (7, 7); 
Avatar 4 moved from 6,4 to 6,5
Avatar locations: 0: (6, 5); 1: (5, 5); 2: (5, 5); 3: (6, 5); 4: (6, 5); 5: (7, 7); 
Avatar 5 moved from 7,7 to 7,6
Avatar locations: 0: (6, 5); 1: (5, 5); 2: (5, 5); 3: (6, 5); 4: (6, 5); 5: (7, 6); 
avatar 0 ran into west wall at 6,5
Avatar locations: 0: (6, 5); 1: (5, 5); 2: (5, 5); 3: (6, 5); 4: (6, 5); 5: (7, 6); 
Avatar 1 moved from 5,5 to 5,6
Avatar locations: 0: (6, 5); 1: (5, 6); 2: (5, 5); 3: (6, 5); 4: (6, 5); 5: (7, 6); 
Avatar 2 moved from 5,5 to 5,6
Avatar locations: 0: (6, 5); 1: (5, 6); 2: (5, 6); 3: (6, 5); 4: (6, 5); 5: (7, 6); 
Avatar 3 stayed at 6,5
Avatar locations: 0: (6, 5); 1: (5, 6); 2: (5, 6); 3: (6, 5); 4: (6, 5); 5: (7, 6); 
Avatar 4 stayed at 6,5
Avatar locations: 0: (6, 5); 1: (5, 6); 2: (5, 6); 3: (6, 5); 4: (6, 5); 5: (7, 6); 
Avatar 5 moved from 7,6 to 7,5
Avatar locations: 0: (6, 5); 1: (5, 6); 2: (5, 6); 3: (6, 5); 4: (6, 5); 5: (7, 5); 
Avatar 0 moved from 6,5 to 6,4
Avatar locations: 0: (6, 4); 1: (5, 6); 2: (5, 6); 3: (6, 5); 4: (6, 5); 5: (7, 5); 
Avatar 1 moved from 5,6 to 6,6
Avatar locations: 0: (6, 4); 1: (6, 6); 2: (5, 6); 3: (6, 5); 4: (6, 5); 5: (7, 5); 
Avatar 2 moved from 5,6 to 6,6
Avatar locations: 0: (6, 4); 1: (6, 6); 2: (6, 6); 3: (6, 5); 4: (6, 5); 5: (7, 5); 
Avatar 3 moved from 6,5 to 6,4
Avatar locations: 0: (6, 4); 1: (6, 6); 2: (6, 6); 3: (6, 4); 4: (6, 5); 5: (7, 5); 
Avatar 4 moved from 6,5 to 6,4
Avatar locations: 0: (6, 4); 1: (6, 6); 2: (6, 6); 3: (6, 4); 4: (6, 4); 5: (7, 5); 
Avatar 5 moved from 7,5 to 8,5
Avatar locations: 0: (6, 4); 1: (6, 6); 2: (6, 6); 3: (6, 4); 4: (6, 4); 5: (8, 5); 
Avatar 0 moved from 6,4 to 6,5
Avatar locations: 0: (6, 5); 1: (6, 6); 2: (6, 6); 3: (6, 4); 4: (6, 4); 5: (8, 5); 
Avatar 1 moved from 6,6 to 6,5
Avatar locations: 0: (6, 5); 1: (6, 5); 2: (6, 6); 3: (6, 4); 4: (6, 4); 5: (8, 5); 
Avatar 2 moved from 6,6 to 6,5
Avatar locations: 0: (6, 5); 1: (6, 5); 2: (6, 5); 3: (6, 4); 4: (6, 4); 5: (8, 5); 
Avatar 3 moved from 6,4 to 6,5
Avatar locations: 0: (6, 5); 1: (6, 5); 2: (6, 5); 3: (6, 5); 4: (6, 4); 5: (8, 5); 
Avatar 4 moved from 6,4 to 6,5
Avatar locations: 0: (6, 5); 1: (6, 5); 2: (6, 5); 3: (6, 5); 4: (6, 5); 5: (8, 5); 
avatar 5 ran into north wall at 8,5
Avatar locations: 0: (6, 5); 1: (6, 5); 2: (6, 5); 3: (6, 5); 4: (6, 5); 5: (8, 5); 
Avatar 0 moved from 6,5 to 6,4
Avatar locations: 0: (6, 4); 1: (6, 5); 2: (6, 5); 3: (6, 5); 4: (6, 5); 5: (8, 5); 
Avatar 1 moved from 6,5 to 6,4
Avatar locations: 0: (6, 4); 1: (6, 4); 2: (6, 5); 3: (6, 5); 4: (6, 5); 5: (8, 5); 
Avatar 2 moved from 6,5 to 6,4
Avatar locations: 0: (6, 4); 1: (6, 4); 2: (6, 4); 3: (6, 5); 4: (6, 5); 5: (8, 5); 
Avatar 3 moved from 6,5 to 6,4
Avatar locations: 0: (6, 4); 1: (6, 4); 2: (6, 4); 3: (6, 4); 4: (6, 5); 5: (8, 5); 
Avatar 4 moved from 6,5 to 6,4
Avatar locations: 0: (6, 4); 1: (6, 4); 2: (6, 4); 3: (6, 4); 4: (6, 4); 5: (8, 5); 
avatar 5 ran into south wall at 8,5
Avatar locations: 0: (6, 4); 1: (6, 4); 2: (6, 4); 3: (6, 4); 4: (6, 4); 5: (8, 5); 
avatar 0 ran into west wall at 6,4
Avatar locations: 0: (6, 4); 1: (6, 4); 2: (6, 4); 3: (6, 4); 4: (6, 4); 5: (8, 5); 
Avatar 1 stayed at 6,4
Avatar locations: 0: (6, 4); 1: (6, 4); 2: (6, 4); 3: (6, 4); 4: (6, 4); 5: (8, 5); 
Avatar 2 stayed at 6,4
Avatar locations: 0: (6, 4); 1: (6, 4); 2: (6, 4); 3: (6, 4); 4: (6, 4); 5: (8, 5); 
Avatar 3 stayed at 6,4
Avatar locations: 0: (6, 4); 1: (6, 4); 2: (6, 4); 3: (6, 4); 4: (6, 4); 5: (8, 5); 
Avatar 4 stayed at 6,4
Avatar locations: 0: (6, 4); 1: (6, 4); 2: (6, 4); 3: (6, 4); 4: (6, 4); 5: (8, 5); 
Avatar 5 moved from 8,5 to 9,5
Avatar locations: 0: (6, 4); 1: (6, 4); 2: (6, 4); 3: (6, 4); 4: (6, 4); 5: (9, 5); 
Avatar 0 moved from 6,4 to 6,5
Avatar locations: 0: (6, 5); 1: (6, 4); 2: (6, 4); 3: (6, 4); 4: (6, 4); 5: (9, 5); 
Avatar 1 moved from 6,4 to 6,5
Avatar locations: 0: (6, 5); 1: (6, 5); 2: (6, 4); 3: (6, 4); 4: (6, 4); 5: (9, 5); 
Avatar 2 moved from 6,4 to 6,5
Avatar locations: 0: (6, 5); 1: (6, 5); 2: (6, 5); 3: (6, 4); 4: (6, 4); 5: (9, 5); 
Avatar 3 moved from 6,4 to 6,5
Avatar locations: 0: (6, 5); 1: (6, 5); 2: (6, 5); 3: (6, 5); 4: (6, 4); 5: (9, 5); 
Avatar 4 moved from 6,4 to 6,5
Avatar locations: 0: (6, 5); 1: (6, 5); 2: (6, 5); 3: (6, 5); 4: (6, 5); 5: (9, 5); 
Avatar 5 moved from 9,5 to 9,6
Avatar locations: 0: (6, 5); 1: (6, 5); 2: (6, 5); 3: (6, 5); 4: (6, 5); 5: (9, 6); 
Avatar 0 moved from 6,5 to 6,6
Avatar locations: 0: (6, 6); 1: (6, 5); 2: (6, 5); 3: (6, 5); 4: (6, 5); 5: (9, 6); 
Avatar 1 moved from 6,5 to 6,6
Avatar locations: 0: (6, 6); 1: (6, 6); 2: (6, 5); 3: (6, 5); 4: (6, 5); 5: (9, 6); 
Avatar 2 moved from 6,5 to 6,6
Avatar locations: 0: (6, 6); 1: (6, 6); 2: (6, 6); 3: (6, 5); 4: (6, 5); 5: (9, 6); 
Avatar 3 moved from 6,5 to 6,6
Avatar locations: 0: (6, 6); 1: (6, 6); 2: (6, 6); 3: (6, 6); 4: (6, 5); 5: (9, 6); 
Avatar 4 moved from 6,5 to 6,6
Avatar locations: 0: (6, 6); 1: (6, 6); 2: (6, 6); 3: (6, 6); 4: (6, 6); 5: (9, 6); 
Avatar 5 moved from 9,6 to 8,6
Avatar locations: 0: (6, 6); 1: (6, 6); 2: (6, 6); 3: (6, 6); 4: (6, 6); 5: (8, 6); 
Avatar 0 moved from 6,6 to 5,6
Avatar locations: 0: (5, 6); 1: (6, 6); 2: (6, 6); 3: (6, 6); 4: (6, 6); 5: (8, 6); 
Avatar 1 moved from 6,6 to 5,6
Avatar locations: 0: (5, 6); 1: (5, 6); 2: (6, 6); 3: (6, 6); 4: (6, 6); 5: (8, 6); 
Avatar 2 moved from 6,6 to 5,6
Avatar locations: 0: (5, 6); 1: (5, 6); 2: (5, 6); 3: (6, 6); 4: (6, 6); 5: (8, 6); 
Avatar 3 moved from 6,6 to 5,6
Avatar locations: 0: (5, 6); 1: (5, 6); 2: (5, 6); 3: (5, 6); 4: (6, 6); 5: (8, 6); 
Avatar 4 moved from 6,6 to 5,6
Avatar locations: 0: (5, 6); 1: (5, 6); 2: (5, 6); 3: (5, 6); 4: (5, 6); 5: (8, 6); 
Avatar 5 moved from 8,6 to 8,7
Avatar locations: 0: (5, 6); 1: (5, 6); 2: (5, 6); 3: (5, 6); 4: (5, 6); 5: (8, 7); 
Avatar 0 moved from 5,6 to 6,6
Avatar locations: 0: (6, 6); 1: (5, 6); 2: (5, 6); 3: (5, 6); 4: (5, 6); 5: (8, 7); 
Avatar 1 moved from 5,6 to 6,6
Avatar locations: 0: (6, 6); 1: (6, 6); 2: (5, 6); 3: (5, 6); 4: (5, 6); 5: (8, 7); 
Avatar 2 moved from 5,6 to 6,6
Avatar locations: 0: (6, 6); 1: (6, 6); 2: (6, 6); 3: (5, 6); 4: (5, 6); 5: (8, 7); 
Avatar 3 moved from 5,6 to 6,6
Avatar locations: 0: (6, 6); 1: (6, 6); 2: (6, 6); 3: (6, 6); 4: (5, 6); 5: (8, 7); 
Avatar 4 moved from 5,6 to 6,6
Avatar locations: 0: (6, 6); 1: (6, 6); 2: (6, 6); 3: (6, 6); 4: (6, 6); 5: (8, 7); 
avatar 5 ran into east wall at 8,7
Avatar locations: 0: (6, 6); 1: (6, 6); 2: (6, 6); 3: (6, 6); 4: (6, 6); 5: (8, 7); 
Avatar 0 moved from 6,6 to 5,6
Avatar locations: 0: (5, 6); 1: (6, 6); 2: (6, 6); 3: (6, 6); 4: (6, 6); 5: (8, 7); 
Avatar 1 moved from 6,6 to 5,6
Avatar locations: 0: (5, 6); 1: (5, 6); 2: (6, 6); 3: (6, 6); 4: (6, 6); 5: (8, 7); 
Avatar 2 moved from 6,6 to 5,6
Avatar locations: 0: (5, 6); 1: (5, 6); 2: (5, 6); 3: (6, 6); 4: (6, 6); 5: (8, 7); 
Avatar 3 moved from 6,6 to 5,6
Avatar locations: 0: (5, 6); 1: (5, 6); 2: (5, 6); 3: (5, 6); 4: (6, 6); 5: (8, 7); 
Avatar 4 moved from 6,6 to 5,6
Avatar locations: 0: (5, 6); 1: (5, 6); 2: (5, 6); 3: (5, 6); 4: (5, 6); 5: (8, 7); 
Avatar 5 moved from 8,7 to 8,8
Avatar locations: 0: (5, 6); 1: (5, 6); 2: (5, 6); 3: (5, 6); 4: (5, 6); 5: (8, 8); 
Avatar 0 moved from 5,6 to 6,6
Avatar locations: 0: (6, 6); 1: (5, 6); 2: (5, 6); 3: (5, 6); 4: (5, 6); 5: (8, 8); 
Avatar 1 moved from 5,6 to 6,6
Avatar locations: 0: (6, 6); 1: (6, 6); 2: (5, 6); 3: (5, 6); 4: (5, 6); 5: (8, 8); 
Avatar 2 moved from 5,6 to 6,6
Avatar locations: 0: (6, 6); 1: (6, 6); 2: (6, 6); 3: (5, 6); 4: (5, 6); 5: (8, 8); 
Avatar 3 moved from 5,6 to 6,6
Avatar locations: 0: (6, 6); 1: (6, 6); 2: (6, 6); 3: (6, 6); 4: (5, 6); 5: (8, 8); 
Avatar 4 moved from 5,6 to 6,6
Avatar locations: 0: (6, 6); 1: (6, 6); 2: (6, 6); 3: (6, 6); 4: (6, 6); 5: (8, 8); 
Avatar 5 moved from 8,8 to 9,8
Avatar locations: 0: (6, 6); 1: (6, 6); 2: (6, 6); 3: (6, 6); 4: (6, 6); 5: (9, 8); 
Avatar 0 moved from 6,6 to 5,6
Avatar locations: 0: (5, 6); 1: (6, 6); 2: (6, 6); 3: (6, 6); 4: (6, 6); 5: (9, 8); 
Avatar 1 moved from 6,6 to 5,6
Avatar locations: 0: (5, 6); 1: (5, 6); 2: (6, 6); 3: (6, 6); 4: (6, 6); 5: (9, 8); 
Avatar 2 moved from 6,6 to 5,6
Avatar locations: 0: (5, 6); 1: (5, 6); 2: (5, 6); 3: (6, 6); 4: (6, 6); 5: (9, 8); 
Avatar 3 moved from 6,6 to 5,6
Avatar locations: 0: (5, 6); 1: (5, 6); 2: (5, 6); 3: (5, 6); 4: (6, 6); 5: (9, 8); 
Avatar 4 moved from 6,6 to 5,6
Avatar locations: 0: (5, 6); 1: (5, 6); 2: (5, 6); 3: (5, 6); 4: (5, 6); 5: (9, 8); 
avatar 5 ran into north wall at 9,8
Avatar locations: 0: (5, 6); 1: (5, 6); 2: (5, 6); 3: (5, 6); 4: (5, 6); 5: (9, 8); 
Avatar 0 moved from 5,6 to 6,6
Avatar locations: 0: (6, 6); 1: (5, 6); 2: (5, 6); 3: (5, 6); 4: (5, 6); 5: (9, 8); 
Avatar 1 moved from 5,6 to 6,6
Avatar locations: 0: (6, 6); 1: (6, 6); 2: (5, 6); 3: (5, 6); 4: (5, 6); 5: (9, 8); 
Avatar 2 moved from 5,6 to 6,6
Avatar locations: 0: (6, 6); 1: (6, 6); 2: (6, 6); 3: (5, 6); 4: (5, 6); 5: (9, 8); 
Avatar 3 moved from 5,6 to 6,6
Avatar locations: 0: (6, 6); 1: (6, 6); 2: (6, 6); 3: (6, 6); 4: (5, 6); 5: (9, 8); 
Avatar 4 moved from 5,6 to 6,6
Avatar locations: 0: (6, 6); 1: (6, 6); 2: (6, 6); 3: (6, 6); 4: (6, 6); 5: (9, 8); 
avatar 5 ran into east wall at 9,8
Avatar locations: 0: (6, 6); 1: (6, 6); 2: (6, 6); 3: (6, 6); 4: (6, 6); 5: (9, 8); 
Avatar 0 moved from 6,6 to 5,6
Avatar locations: 0: (5, 6); 1: (6, 6); 2: (6, 6); 3: (6, 6); 4: (6, 6); 5: (9, 8); 
Avatar 1 moved from 6,6 to 5,6
Avatar locations: 0: (5, 6); 1: (5, 6); 2: (6, 6); 3: (6, 6); 4: (6, 6); 5: (9, 8); 
Avatar 2 moved from 6,6 to 5,6
Avatar locations: 0: (5, 6); 1: (5, 6); 2: (5, 6); 3: (6, 6); 4: (6, 6); 5: (9, 8); 
Avatar 3 moved from 6,6 to 5,6
Avatar locations: 0: (5, 6); 1: (5, 6); 2: (5, 6); 3: (5, 6); 4: (6, 6); 5: (9, 8); 
Avatar 4 moved from 6,6 to 5,6
Avatar locations: 0: (5, 6); 1: (5, 6); 2: (5, 6); 3: (5, 6); 4: (5, 6); 5: (9, 8); 
Avatar 5 moved from 9,8 to 9,9
Avatar locations: 0: (5, 6); 1: (5, 6); 2: (5, 6); 3: (5, 6); 4: (5, 6); 5: (9, 9); 
Avatar 0 moved from 5,6 to 6,6
Avatar locations: 0: (6, 6); 1: (5, 6); 2: (5, 6); 3: (5, 6); 4: (5, 6); 5: (9, 9); 
Avatar 1 moved from 5,6 to 6,6
Avatar locations: 0: (6, 6); 1: (6, 6); 2: (5, 6); 3: (5, 6); 4: (5, 6); 5: (9, 9); 
Avatar 2 moved from 5,6 to 6,6
Avatar locations: 0: (6, 6); 1: (6, 6); 2: (6, 6); 3: (5, 6); 4: (5, 6); 5: (9, 9); 
Avatar 3 moved from 5,6 to 6,6
Avatar locations: 0: (6, 6); 1: (6, 6); 2: (6, 6); 3: (6, 6); 4: (5, 6); 5: (9, 9); 
Avatar 4 moved from 5,6 to 6,6
Avatar locations: 0: (6, 6); 1: (6, 6); 2: (6, 6); 3: (6, 6); 4: (6, 6); 5: (9, 9); 
Avatar 5 moved from 9,9 to 8,9
Avatar locations: 0: (6, 6); 1: (6, 6); 2: (6, 6); 3: (6, 6); 4: (6, 6); 5: (8, 9); 
Avatar 0 moved from 6,6 to 5,6
Avatar locations: 0: (5, 6); 1: (6, 6); 2: (6, 6); 3: (6, 6); 4: (6, 6); 5: (8, 9); 
Avatar 1 moved from 6,6 to 5,6
Avatar locations: 0: (5, 6); 1: (5, 6); 2: (6, 6); 3: (6, 6); 4: (6, 6); 5: (8, 9); 
Avatar 2 moved from 6,6 to 5,6
Avatar locations: 0: (5, 6); 1: (5, 6); 2: (5, 6); 3: (6, 6); 4: (6, 6); 5: (8, 9); 
Avatar 3 moved from 6,6 to 5,6
Avatar locations: 0: (5, 6); 1: (5, 6); 2: (5, 6); 3: (5, 6); 4: (6, 6); 5: (8, 9); 
Avatar 4 moved from 6,6 to 5,6
Avatar locations: 0: (5, 6); 1: (5, 6); 2: (5, 6); 3: (5, 6); 4: (5, 6); 5: (8, 9); 
avatar 5 ran into north wall at 8,9
Avatar locations: 0: (5, 6); 1: (5, 6); 2: (5, 6); 3: (5, 6); 4: (5, 6); 5: (8, 9); 
Avatar 0 moved from 5,6 to 6,6
Avatar locations: 0: (6, 6); 1: (5, 6); 2: (5, 6); 3: (5, 6); 4: (5, 6); 5: (8, 9); 
Avatar 1 moved from 5,6 to 6,6
Avatar locations: 0: (6, 6); 1: (6, 6); 2: (5, 6); 3: (5, 6); 4: (5, 6); 5: (8, 9); 
Avatar 2 moved from 5,6 to 6,6
Avatar locations: 0: (6, 6); 1: (6, 6); 2: (6, 6); 3: (5, 6); 4: (5, 6); 5: (8, 9); 
Avatar 3 moved from 5,6 to 6,6
Avatar locations: 0: (6, 6); 1: (6, 6); 2: (6, 6); 3: (6, 6); 4: (5, 6); 5: (8, 9); 
Avatar 4 moved from 5,6 to 6,6
Avatar locations: 0: (6, 6); 1: (6, 6); 2: (6, 6); 3: (6, 6); 4: (6, 6); 5: (8, 9); 
Avatar 5 moved from 8,9 to 9,9
Avatar locations: 0: (6, 6); 1: (6, 6); 2: (6, 6); 3: (6, 6); 4: (6, 6); 5: (9, 9); 
Avatar 0 moved from 6,6 to 5,6
Avatar locations: 0: (5, 6); 1: (6, 6); 2: (6, 6); 3: (6, 6); 4: (6, 6); 5: (9, 9); 
Avatar 1 moved from 6,6 to 5,6
Avatar locations: 0: (5, 6); 1: (5, 6); 2: (6, 6); 3: (6, 6); 4: (6, 6); 5: (9, 9); 
Avatar 2 moved from 6,6 to 5,6
Avatar locations: 0: (5, 6); 1: (5, 6); 2: (5, 6); 3: (6, 6); 4: (6, 6); 5: (9, 9); 
Avatar 3 moved from 6,6 to 5,6
Avatar locations: 0: (5, 6); 1: (5, 6); 2: (5, 6); 3: (5, 6); 4: (6, 6); 5: (9, 9); 
Avatar 4 moved from 6,6 to 5,6
Avatar locations: 0: (5, 6); 1: (5, 6); 2: (5, 6); 3: (5, 6); 4: (5, 6); 5: (9, 9); 
Avatar 5 moved from 9,9 to 10,9
Avatar locations: 0: (5, 6); 1: (5, 6); 2: (5, 6); 3: (5, 6); 4: (5, 6); 5: (10, 9); 
Avatar 0 moved from 5,6 to 5,5
Avatar locations: 0: (5, 5); 1: (5, 6); 2: (5, 6); 3: (5, 6); 4: (5, 6); 5: (10, 9); 
Avatar 1 moved from 5,6 to 5,5
Avatar locations: 0: (5, 5); 1: (5, 5); 2: (5, 6); 3: (5, 6); 4: (5, 6); 5: (10, 9); 
Avatar 2 moved from 5,6 to 5,5
Avatar locations: 0: (5, 5); 1: (5, 5); 2: (5, 5); 3: (5, 6); 4: (5, 6); 5: (10, 9); 
Avatar 3 moved from 5,6 to 5,5
Avatar locations: 0: (5, 5); 1: (5, 5); 2: (5, 5); 3: (5, 5); 4: (5, 6); 5: (10, 9); 
Avatar 4 moved from 5,6 to 5,5
Avatar locations: 0: (5, 5); 1: (5, 5); 2: (5, 5); 3: (5, 5); 4: (5, 5); 5: (10, 9); 
avatar 5 ran into north wall at 10,9
Avatar locations: 0: (5, 5); 1: (5, 5); 2: (5, 5); 3: (5, 5); 4: (5, 5); 5: (10, 9); 
Avatar 0 moved from 5,5 to 5,6
Avatar locations: 0: (5, 6); 1: (5, 5); 2: (5, 5); 3: (5, 5); 4: (5, 5); 5: (10, 9); 
Avatar 1 moved from 5,5 to 5,6
Avatar locations: 0: (5, 6); 1: (5, 6); 2: (5, 5); 3: (5, 5); 4: (5, 5); 5: (10, 9); 
Avatar 2 moved from 5,5 to 5,6
Avatar locations: 0: (5, 6); 1: (5, 6); 2: (5, 6); 3: (5, 5); 4: (5, 5); 5: (10, 9); 
Avatar 3 moved from 5,5 to 5,6
Avatar locations: 0: (5, 6); 1: (5, 6); 2: (5, 6); 3: (5, 6); 4: (5, 5); 5: (10, 9); 
Avatar 4 moved from 5,5 to 5,6
Avatar locations: 0: (5, 6); 1: (5, 6); 2: (5, 6); 3: (5, 6); 4: (5, 6); 5: (10, 9); 
Avatar 5 moved from 10,9 to 11,9
Avatar locations: 0: (5, 6); 1: (5, 6); 2: (5, 6); 3: (5, 6); 4: (5, 6); 5: (11, 9); 
Avatar 0 moved from 5,6 to 6,6
Avatar locations: 0: (6, 6); 1: (5, 6); 2: (5, 6); 3: (5, 6); 4: (5, 6); 5: (11, 9); 
Avatar 1 moved from 5,6 to 6,6
Avatar locations: 0: (6, 6); 1: (6, 6); 2: (5, 6); 3: (5, 6); 4: (5, 6); 5: (11, 9); 
Avatar 2 moved from 5,6 to 6,6
Avatar locations: 0: (6, 6); 1: (6, 6); 2: (6, 6); 3: (5, 6); 4: (5, 6); 5: (11, 9); 
Avatar 3 moved from 5,6 to 6,6
Avatar locations: 0: (6, 6); 1: (6, 6); 2: (6, 6); 3: (6, 6); 4: (5, 6); 5: (11, 9); 
Avatar 4 moved from 5,6 to 6,6
Avatar locations: 0: (6, 6); 1: (6, 6); 2: (6, 6); 3: (6, 6); 4: (6, 6); 5: (11, 9); 
Avatar 5 moved from 11,9 to 11,8
Avatar locations: 0: (6, 6); 1: (6, 6); 2: (6, 6); 3: (6, 6); 4: (6, 6); 5: (11, 8); 
Avatar 0 moved from 6,6 to 5,6
Avatar locations: 0: (5, 6); 1: (6, 6); 2: (6, 6); 3: (6, 6); 4: (6, 6); 5: (11, 8); 
Avatar 1 moved from 6,6 to 5,6
Avatar locations: 0: (5, 6); 1: (5, 6); 2: (6, 6); 3: (6, 6); 4: (6, 6); 5: (11, 8); 
Avatar 2 moved from 6,6 to 5,6
Avatar locations: 0: (5, 6); 1: (5, 6); 2: (5, 6); 3: (6, 6); 4: (6, 6); 5: (11, 8); 
Avatar 3 moved from 6,6 to 5,6
Avatar locations: 0: (5, 6); 1: (5, 6); 2: (5, 6); 3: (5, 6); 4: (6, 6); 5: (11, 8); 
Avatar 4 moved from 6,6 to 5,6
Avatar locations: 0: (5, 6); 1: (5, 6); 2: (5, 6); 3: (5, 6); 4: (5, 6); 5: (11, 8); 
Avatar 5 moved from 11,8 to 10,8
Avatar locations: 0: (5, 6); 1: (5, 6); 2: (5, 6); 3: (5, 6); 4: (5, 6); 5: (10, 8); 
Avatar 0 moved from 5,6 to 6,6
Avatar locations: 0: (6, 6); 1: (5, 6); 2: (5, 6); 3: (5, 6); 4: (5, 6); 5: (10, 8); 
Avatar 1 moved from 5,6 to 6,6
Avatar locations: 0: (6, 6); 1: (6, 6); 2: (5, 6); 3: (5, 6); 4: (5, 6); 5: (10, 8); 
Avatar 2 moved from 5,6 to 6,6
Avatar locations: 0: (6, 6); 1: (6, 6); 2: (6, 6); 3: (5, 6); 4: (5, 6); 5: (10, 8); 
Avatar 3 moved from 5,6 to 6,6
Avatar locations: 0: (6, 6); 1: (6, 6); 2: (6, 6); 3: (6, 6); 4: (5, 6); 5: (10, 8); 
Avatar 4 moved from 5,6 to 6,6
Avatar locations: 0: (6, 6); 1: (6, 6); 2: (6, 6); 3: (6, 6); 4: (6, 6); 5: (10, 8); 
Avatar 5 moved from 10,8 to 10,7
Avatar locations: 0: (6, 6); 1: (6, 6); 2: (6, 6); 3: (6, 6); 4: (6, 6); 5: (10, 7); 
Avatar 0 moved from 6,6 to 5,6
Avatar locations: 0: (5, 6); 1: (6, 6); 2: (6, 6); 3: (6, 6); 4: (6, 6); 5: (10, 7); 
Avatar 1 moved from 6,6 to 5,6
Avatar locations: 0: (5, 6); 1: (5, 6); 2: (6, 6); 3: (6, 6); 4: (6, 6); 5: (10, 7); 
Avatar 2 moved from 6,6 to 5,6
Avatar locations: 0: (5, 6); 1: (5, 6); 2: (5, 6); 3: (6, 6); 4: (6, 6); 5: (10, 7); 
Avatar 3 moved from 6,6 to 5,6
Avatar locations: 0: (5, 6); 1: (5, 6); 2: (5, 6); 3: (5, 6); 4: (6, 6); 5: (10, 7); 
Avatar 4 moved from 6,6 to 5,6
Avatar locations: 0: (5, 6); 1: (5, 6); 2: (5, 6); 3: (5, 6); 4: (5, 6); 5: (10, 7); 
Avatar 5 moved from 10,7 to 9,7
Avatar locations: 0: (5, 6); 1: (5, 6); 2: (5, 6); 3: (5, 6); 4: (5, 6); 5: (9, 7); 
Avatar 0 moved from 5,6 to 6,6
Avatar locations: 0: (6, 6); 1: (5, 6); 2: (5, 6); 3: (5, 6); 4: (5, 6); 5: (9, 7); 
Avatar 1 moved from 5,6 to 6,6
Avatar locations: 0: (6, 6); 1: (6, 6); 2: (5, 6); 3: (5, 6); 4: (5, 6); 5: (9, 7); 
Avatar 2 moved from 5,6 to 6,6
Avatar locations: 0: (6, 6); 1: (6, 6); 2: (6, 6); 3: (5, 6); 4: (5, 6); 5: (9, 7); 
Avatar 3 moved from 5,6 to 6,6
Avatar locations: 0: (6, 6); 1: (6, 6); 2: (6, 6); 3: (6, 6); 4: (5, 6); 5: (9, 7); 
Avatar 4 moved from 5,6 to 6,6
Avatar locations: 0: (6, 6); 1: (6, 6); 2: (6, 6); 3: (6, 6); 4: (6, 6); 5: (9, 7); 
avatar 5 ran into north wall at 9,7
Avatar locations: 0: (6, 6); 1: (6, 6); 2: (6, 6); 3: (6, 6); 4: (6, 6); 5: (9, 7); 
Avatar 0 moved from 6,6 to 5,6
Avatar locations: 0: (5, 6); 1: (6, 6); 2: (6, 6); 3: (6, 6); 4: (6, 6); 5: (9, 7); 
Avatar 1 moved from 6,6 to 5,6
Avatar locations: 0: (5, 6); 1: (5, 6); 2: (6, 6); 3: (6, 6); 4: (6, 6); 5: (9, 7); 
Avatar 2 moved from 6,6 to 5,6
Avatar locations: 0: (5, 6); 1: (5, 6); 2: (5, 6); 3: (6, 6); 4: (6, 6); 5: (9, 7); 
Avatar 3 moved from 6,6 to 5,6
Avatar locations: 0: (5, 6); 1: (5, 6); 2: (5, 6); 3: (5, 6); 4: (6, 6); 5: (9, 7); 
Avatar 4 moved from 6,6 to 5,6
Avatar locations: 0: (5, 6); 1: (5, 6); 2: (5, 6); 3: (5, 6); 4: (5, 6); 5: (9, 7); 
Avatar 5 moved from 9,7 to 10,7
Avatar locations: 0: (5, 6); 1: (5, 6); 2: (5, 6); 3: (5, 6); 4: (5, 6); 5: (10, 7); 
Avatar 0 moved from 5,6 to 6,6
Avatar locations: 0: (6, 6); 1: (5, 6); 2: (5, 6); 3: (5, 6); 4: (5, 6); 5: (10, 7); 
Avatar 1 moved from 5,6 to 6,6
Avatar locations: 0: (6, 6); 1: (6, 6); 2: (5, 6); 3: (5, 6); 4: (5, 6); 5: (10, 7); 
Avatar 2 moved from 5,6 to 6,6
Avatar locations: 0: (6, 6); 1: (6, 6); 2: (6, 6); 3: (5, 6); 4: (5, 6); 5: (10, 7); 
Avatar 3 moved from 5,6 to 6,6
Avatar locations: 0: (6, 6); 1: (6, 6); 2: (6, 6); 3: (6, 6); 4: (5, 6); 5: (10, 7); 
Avatar 4 moved from 5,6 to 6,6
Avatar locations: 0: (6, 6); 1: (6, 6); 2: (6, 6); 3: (6, 6); 4: (6, 6); 5: (10, 7); 
Avatar 5 moved from 10,7 to 10,6
Avatar locations: 0: (6, 6); 1: (6, 6); 2: (6, 6); 3: (6, 6); 4: (6, 6); 5: (10, 6); 
Avatar 0 moved from 6,6 to 5,6
Avatar locations: 0: (5, 6); 1: (6, 6); 2: (6, 6); 3: (6, 6); 4: (6, 6); 5: (10, 6); 
Avatar 1 moved from 6,6 to 5,6
Avatar locations: 0: (5, 6); 1: (5, 6); 2: (6, 6); 3: (6, 6); 4: (6, 6); 5: (10, 6); 
Avatar 2 moved from 6,6 to 5,6
Avatar locations: 0: (5, 6); 1: (5, 6); 2: (5, 6); 3: (6, 6); 4: (6, 6); 5: (10, 6); 
Avatar 3 moved from 6,6 to 5,6
Avatar locations: 0: (5, 6); 1: (5, 6); 2: (5, 6); 3: (5, 6); 4: (6, 6); 5: (10, 6); 
Avatar 4 moved from 6,6 to 5,6
Avatar locations: 0: (5, 6); 1: (5, 6); 2: (5, 6); 3: (5, 6); 4: (5, 6); 5: (10, 6); 
avatar 5 ran into west wall at 10,6
Avatar locations: 0: (5, 6); 1: (5, 6); 2: (5, 6); 3: (5, 6); 4: (5, 6); 5: (10, 6); 
Avatar 0 moved from 5,6 to 6,6
Avatar locations: 0: (6, 6); 1: (5, 6); 2: (5, 6); 3: (5, 6); 4: (5, 6); 5: (10, 6); 
Avatar 1 moved from 5,6 to 6,6
Avatar locations: 0: (6, 6); 1: (6, 6); 2: (5, 6); 3: (5, 6); 4: (5, 6); 5: (10, 6); 
Avatar 2 moved from 5,6 to 6,6
Avatar locations: 0: (6, 6); 1: (6, 6); 2: (6, 6); 3: (5, 6); 4: (5, 6); 5: (10, 6); 
Avatar 3 moved from 5,6 to 6,6
Avatar locations: 0: (6, 6); 1: (6, 6); 2: (6, 6); 3: (6, 6); 4: (5, 6); 5: (10, 6); 
Avatar 4 moved from 5,6 to 6,6
Avatar locations: 0: (6, 6); 1: (6, 6); 2: (6, 6); 3: (6, 6); 4: (6, 6); 5: (10, 6); 
Avatar 5 moved from 10,6 to 10,5
Avatar locations: 0: (6, 6); 1: (6, 6); 2: (6, 6); 3: (6, 6); 4: (6, 6); 5: (10, 5); 
Avatar 0 moved from 6,6 to 6,5
Avatar locations: 0: (6, 5); 1: (6, 6); 2: (6, 6); 3: (6, 6); 4: (6, 6); 5: (10, 5); 
Avatar 1 moved from 6,6 to 6,5
Avatar locations: 0: (6, 5); 1: (6, 5); 2: (6, 6); 3: (6, 6); 4: (6, 6); 5: (10, 5); 
Avatar 2 moved from 6,6 to 6,5
Avatar locations: 0: (6, 5); 1: (6, 5); 2: (6, 5); 3: (6, 6); 4: (6, 6); 5: (10, 5); 
Avatar 3 moved from 6,6 to 6,5
Avatar locations: 0: (6, 5); 1: (6, 5); 2: (6, 5); 3: (6, 5); 4: (6, 6); 5: (10, 5); 
Avatar 4 moved from 6,6 to 6,5
Avatar locations: 0: (6, 5); 1: (6, 5); 2: (6, 5); 3: (6, 5); 4: (6, 5); 5: (10, 5); 
Avatar 5 moved from 10,5 to 10,4
Avatar locations: 0: (6, 5); 1: (6, 5); 2: (6, 5); 3: (6, 5); 4: (6, 5); 5: (10, 4); 
Avatar 0 moved from 6,5 to 6,4
Avatar locations: 0: (6, 4); 1: (6, 5); 2: (6, 5); 3: (6, 5); 4: (6, 5); 5: (10, 4); 
Avatar 1 moved from 6,5 to 6,4
Avatar locations: 0: (6, 4); 1: (6, 4); 2: (6, 5); 3: (6, 5); 4: (6, 5); 5: (10, 4); 
Avatar 2 moved from 6,5 to 6,4
Avatar locations: 0: (6, 4); 1: (6, 4); 2: (6, 4); 3: (6, 5); 4: (6, 5); 5: (10, 4); 
Avatar 3 moved from 6,5 to 6,4
Avatar locations: 0: (6, 4); 1: (6, 4); 2: (6, 4); 3: (6, 4); 4: (6, 5); 5: (10, 4); 
Avatar 4 moved from 6,5 to 6,4
Avatar locations: 0: (6, 4); 1: (6, 4); 2: (6, 4); 3: (6, 4); 4: (6, 4); 5: (10, 4); 
Avatar 5 moved from 10,4 to 9,4
Avatar locations: 0: (6, 4); 1: (6, 4); 2: (6, 4); 3: (6, 4); 4: (6, 4); 5: (9, 4); 
Avatar 0 moved from 6,4 to 6,3
Avatar locations: 0: (6, 3); 1: (6, 4); 2: (6, 4); 3: (6, 4); 4: (6, 4); 5: (9, 4); 
Avatar 1 moved from 6,4 to 6,3
Avatar locations: 0: (6, 3); 1: (6, 3); 2: (6, 4); 3: (6, 4); 4: (6, 4); 5: (9, 4); 
Avatar 2 moved from 6,4 to 6,3
Avatar locations: 0: (6, 3); 1: (6, 3); 2: (6, 3); 3: (6, 4); 4: (6, 4); 5: (9, 4); 
Avatar 3 moved from 6,4 to 6,3
Avatar locations: 0: (6, 3); 1: (6, 3); 2: (6, 3); 3: (6, 3); 4: (6, 4); 5: (9, 4); 
Avatar 4 moved from 6,4 to 6,3
Avatar locations: 0: (6, 3); 1: (6, 3); 2: (6, 3); 3: (6, 3); 4: (6, 3); 5: (9, 4); 
Avatar 5 moved from 9,4 to 8,4
Avatar locations: 0: (6, 3); 1: (6, 3); 2: (6, 3); 3: (6, 3); 4: (6, 3); 5: (8, 4); 
Avatar 0 moved from 6,3 to 6,4
Avatar locations: 0: (6, 4); 1: (6, 3); 2: (6, 3); 3: (6, 3); 4: (6, 3); 5: (8, 4); 
Avatar 1 moved from 6,3 to 6,4
Avatar locations: 0: (6, 4); 1: (6, 4); 2: (6, 3); 3: (6, 3); 4: (6, 3); 5: (8, 4); 
Avatar 2 moved from 6,3 to 6,4
Avatar locations: 0: (6, 4); 1: (6, 4); 2: (6, 4); 3: (6, 3); 4: (6, 3); 5: (8, 4); 
Avatar 3 moved from 6,3 to 6,4
Avatar locations: 0: (6, 4); 1: (6, 4); 2: (6, 4); 3: (6, 4); 4: (6, 3); 5: (8, 4); 
Avatar 4 moved from 6,3 to 6,4
Avatar locations: 0: (6, 4); 1: (6, 4); 2: (6, 4); 3: (6, 4); 4: (6, 4); 5: (8, 4); 
Avatar 5 moved from 8,4 to 7,4
Avatar locations: 0: (6, 4); 1: (6, 4); 2: (6, 4); 3: (6, 4); 4: (6, 4); 5: (7, 4); 
Avatar 0 moved from 6,4 to 6,3
Avatar locations: 0: (6, 3); 1: (6, 4); 2: (6, 4); 3: (6, 4); 4: (6, 4); 5: (7, 4); 
Avatar 1 moved from 6,4 to 6,3
Avatar locations: 0: (6, 3); 1: (6, 3); 2: (6, 4); 3: (6, 4); 4: (6, 4); 5: (7, 4); 
Avatar 2 moved from 6,4 to 6,3
Avatar locations: 0: (6, 3); 1: (6, 3); 2: (6, 3); 3: (6, 4); 4: (6, 4); 5: (7, 4); 
Avatar 3 moved from 6,4 to 6,3
Avatar locations: 0: (6, 3); 1: (6, 3); 2: (6, 3); 3: (6, 3); 4: (6, 4); 5: (7, 4); 
Avatar 4 moved from 6,4 to 6,3
Avatar locations: 0: (6, 3); 1: (6, 3); 2: (6, 3); 3: (6, 3); 4: (6, 3); 5: (7, 4); 
Avatar 5 moved from 7,4 to 7,3
Avatar locations: 0: (6, 3); 1: (6, 3); 2: (6, 3); 3: (6, 3); 4: (6, 3); 5: (7, 3); 
Avatar 0 moved from 6,3 to 5,3
Avatar locations: 0: (5, 3); 1: (6, 3); 2: (6, 3); 3: (6, 3); 4: (6, 3); 5: (7, 3); 
Avatar 1 moved from 6,3 to 5,3
Avatar locations: 0: (5, 3); 1: (5, 3); 2: (6, 3); 3: (6, 3); 4: (6, 3); 5: (7, 3); 
Avatar 2 moved from 6,3 to 5,3
Avatar locations: 0: (5, 3); 1: (5, 3); 2: (5, 3); 3: (6, 3); 4: (6, 3); 5: (7, 3); 
Avatar 3 moved from 6,3 to 5,3
Avatar locations: 0: (5, 3); 1: (5, 3); 2: (5, 3); 3: (5, 3); 4: (6, 3); 5: (7, 3); 
Avatar 4 moved from 6,3 to 5,3
Avatar locations: 0: (5, 3); 1: (5, 3); 2: (5, 3); 3: (5, 3); 4: (5, 3); 5: (7, 3); 
avatar 5 ran into north wall at 7,3
Avatar locations: 0: (5, 3); 1: (5, 3); 2: (5, 3); 3: (5, 3); 4: (5, 3); 5: (7, 3); 
Avatar 0 moved from 5,3 to 6,3
Avatar locations: 0: (6, 3); 1: (5, 3); 2: (5, 3); 3: (5, 3); 4: (5, 3); 5: (7, 3); 
Avatar 1 moved from 5,3 to 6,3
Avatar locations: 0: (6, 3); 1: (6, 3); 2: (5, 3); 3: (5, 3); 4: (5, 3); 5: (7, 3); 
Avatar 2 moved from 5,3 to 6,3
Avatar locations: 0: (6, 3); 1: (6, 3); 2: (6, 3); 3: (5, 3); 4: (5, 3); 5: (7, 3); 
Avatar 3 moved from 5,3 to 6,3
Avatar locations: 0: (6, 3); 1: (6, 3); 2: (6, 3); 3: (6, 3); 4: (5, 3); 5: (7, 3); 
Avatar 4 moved from 5,3 to 6,3
Avatar locations: 0: (6, 3); 1: (6, 3); 2: (6, 3); 3: (6, 3); 4: (6, 3); 5: (7, 3); 
Avatar 5 moved from 7,3 to 8,3
Avatar locations: 0: (6, 3); 1: (6, 3); 2: (6, 3); 3: (6, 3); 4: (6, 3); 5: (8, 3); 
Avatar 0 moved from 6,3 to 5,3
Avatar locations: 0: (5, 3); 1: (6, 3); 2: (6, 3); 3: (6, 3); 4: (6, 3); 5: (8, 3); 
Avatar 1 moved from 6,3 to 5,3
Avatar locations: 0: (5, 3); 1: (5, 3); 2: (6, 3); 3: (6, 3); 4: (6, 3); 5: (8, 3); 
Avatar 2 moved from 6,3 to 5,3
Avatar locations: 0: (5, 3); 1: (5, 3); 2: (5, 3); 3: (6, 3); 4: (6, 3); 5: (8, 3); 
Avatar 3 moved from 6,3 to 5,3
Avatar locations: 0: (5, 3); 1: (5, 3); 2: (5, 3); 3: (5, 3); 4: (6, 3); 5: (8, 3); 
Avatar 4 moved from 6,3 to 5,3
Avatar locations: 0: (5, 3); 1: (5, 3); 2: (5, 3); 3: (5, 3); 4: (5, 3); 5: (8, 3); 
Avatar 5 moved from 8,3 to 8,2
Avatar locations: 0: (5, 3); 1: (5, 3); 2: (5, 3); 3: (5, 3); 4: (5, 3); 5: (8, 2); 
Avatar 0 moved from 5,3 to 6,3
Avatar locations: 0: (6, 3); 1: (5, 3); 2: (5, 3); 3: (5, 3); 4: (5, 3); 5: (8, 2); 
Avatar 1 moved from 5,3 to 6,3
Avatar locations: 0: (6, 3); 1: (6, 3); 2: (5, 3); 3: (5, 3); 4: (5, 3); 5: (8, 2); 
Avatar 2 moved from 5,3 to 6,3
Avatar locations: 0: (6, 3); 1: (6, 3); 2: (6, 3); 3: (5, 3); 4: (5, 3); 5: (8, 2); 
Avatar 3 moved from 5,3 to 6,3
Avatar locations: 0: (6, 3); 1: (6, 3); 2: (6, 3); 3: (6, 3); 4: (5, 3); 5: (8, 2); 
Avatar 4 moved from 5,3 to 6,3
Avatar locations: 0: (6, 3); 1: (6, 3); 2: (6, 3); 3: (6, 3); 4: (6, 3); 5: (8, 2); 
avatar 5 ran into west wall at 8,2
Avatar locations: 0: (6, 3); 1: (6, 3); 2: (6, 3); 3: (6, 3); 4: (6, 3); 5: (8, 2); 
Avatar 0 moved from 6,3 to 5,3
Avatar locations: 0: (5, 3); 1: (6, 3); 2: (6, 3); 3: (6, 3); 4: (6, 3); 5: (8, 2); 
Avatar 1 moved from 6,3 to 5,3
Avatar locations: 0: (5, 3); 1: (5, 3); 2: (6, 3); 3: (6, 3); 4: (6, 3); 5: (8, 2); 
Avatar 2 moved from 6,3 to 5,3
Avatar locations: 0: (5, 3); 1: (5, 3); 2: (5, 3); 3: (6, 3); 4: (6, 3); 5: (8, 2); 
Avatar 3 moved from 6,3 to 5,3
Avatar locations: 0: (5, 3); 1: (5, 3); 2: (5, 3); 3: (5, 3); 4: (6, 3); 5: (8, 2); 
Avatar 4 moved from 6,3 to 5,3
Avatar locations: 0: (5, 3); 1: (5, 3); 2: (5, 3); 3: (5, 3); 4: (5, 3); 5: (8, 2); 
Avatar 5 moved from 8,2 to 8,1
Avatar locations: 0: (5, 3); 1: (5, 3); 2: (5, 3); 3: (5, 3); 4: (5, 3); 5: (8, 1); 
Avatar 0 moved from 5,3 to 6,3
Avatar locations: 0: (6, 3); 1: (5, 3); 2: (5, 3); 3: (5, 3); 4: (5, 3); 5: (8, 1); 
Avatar 1 moved from 5,3 to 6,3
Avatar locations: 0: (6, 3); 1: (6, 3); 2: (5, 3); 3: (5, 3); 4: (5, 3); 5: (8, 1); 
Avatar 2 moved from 5,3 to 6,3
Avatar locations: 0: (6, 3); 1: (6, 3); 2: (6, 3); 3: (5, 3); 4: (5, 3); 5: (8, 1); 
Avatar 3 moved from 5,3 to 6,3
Avatar locations: 0: (6, 3); 1: (6, 3); 2: (6, 3); 3: (6, 3); 4: (5, 3); 5: (8, 1); 
Avatar 4 moved from 5,3 to 6,3
Avatar locations: 0: (6, 3); 1: (6, 3); 2: (6, 3); 3: (6, 3); 4: (6, 3); 5: (8, 1); 
Avatar 5 moved from 8,1 to 8,0
Avatar locations: 0: (6, 3); 1: (6, 3); 2: (6, 3); 3: (6, 3); 4: (6, 3); 5: (8, 0); 
Avatar 0 moved from 6,3 to 5,3
Avatar locations: 0: (5, 3); 1: (6, 3); 2: (6, 3); 3: (6, 3); 4: (6, 3); 5: (8, 0); 
Avatar 1 moved from 6,3 to 5,3
Avatar locations: 0: (5, 3); 1: (5, 3); 2: (6, 3); 3: (6, 3); 4: (6, 3); 5: (8, 0); 
Avatar 2 moved from 6,3 to 5,3
Avatar locations: 0: (5, 3); 1: (5, 3); 2: (5, 3); 3: (6, 3); 4: (6, 3); 5: (8, 0); 
Avatar 3 moved from 6,3 to 5,3
Avatar locations: 0: (5, 3); 1: (5, 3); 2: (5, 3); 3: (5, 3); 4: (6, 3); 5: (8, 0); 
Avatar 4 moved from 6,3 to 5,3
Avatar locations: 0: (5, 3); 1: (5, 3); 2: (5, 3); 3: (5, 3); 4: (5, 3); 5: (8, 0); 
Avatar 5 moved from 8,0 to 7,0
Avatar locations: 0: (5, 3); 1: (5, 3); 2: (5, 3); 3: (5, 3); 4: (5, 3); 5: (7, 0); 
Avatar 0 moved from 5,3 to 5,4
Avatar locations: 0: (5, 4); 1: (5, 3); 2: (5, 3); 3: (5, 3); 4: (5, 3); 5: (7, 0); 
Avatar 1 moved from 5,3 to 5,4
Avatar locations: 0: (5, 4); 1: (5, 4); 2: (5, 3); 3: (5, 3); 4: (5, 3); 5: (7, 0); 
Avatar 2 moved from 5,3 to 5,4
Avatar locations: 0: (5, 4); 1: (5, 4); 2: (5, 4); 3: (5, 3); 4: (5, 3); 5: (7, 0); 
Avatar 3 moved from 5,3 to 5,4
Avatar locations: 0: (5, 4); 1: (5, 4); 2: (5, 4); 3: (5, 4); 4: (5, 3); 5: (7, 0); 
Avatar 4 moved from 5,3 to 5,4
Avatar locations: 0: (5, 4); 1: (5, 4); 2: (5, 4); 3: (5, 4); 4: (5, 4); 5: (7, 0); 
Avatar 5 moved from 7,0 to 6,0
Avatar locations: 0: (5, 4); 1: (5, 4); 2: (5, 4); 3: (5, 4); 4: (5, 4); 5: (6, 0); 
Avatar 0 moved from 5,4 to 4,4
Avatar locations: 0: (4, 4); 1: (5, 4); 2: (5, 4); 3: (5, 4); 4: (5, 4); 5: (6, 0); 
Avatar 1 moved from 5,4 to 4,4
Avatar locations: 0: (4, 4); 1: (4, 4); 2: (5, 4); 3: (5, 4); 4: (5, 4); 5: (6, 0); 
Avatar 2 moved from 5,4 to 4,4
Avatar locations: 0: (4, 4); 1: (4, 4); 2: (4, 4); 3: (5, 4); 4: (5, 4); 5: (6, 0); 
Avatar 3 moved from 5,4 to 4,4
Avatar locations: 0: (4, 4); 1: (4, 4); 2: (4, 4); 3: (4, 4); 4: (5, 4); 5: (6, 0); 
Avatar 4 moved from 5,4 to 4,4
Avatar locations: 0: (4, 4); 1: (4, 4); 2: (4, 4); 3: (4, 4); 4: (4, 4); 5: (6, 0); 
Avatar 5 moved from 6,0 to 6,1
Avatar locations: 0: (4, 4); 1: (4, 4); 2: (4, 4); 3: (4, 4); 4: (4, 4); 5: (6, 1); 
avatar 0 ran into west wall at 4,4
Avatar locations: 0: (4, 4); 1: (4, 4); 2: (4, 4); 3: (4, 4); 4: (4, 4); 5: (6, 1); 
Avatar 1 stayed at 4,4
Avatar locations: 0: (4, 4); 1: (4, 4); 2: (4, 4); 3: (4, 4); 4: (4, 4); 5: (6, 1); 
Avatar 2 stayed at 4,4
Avatar locations: 0: (4, 4); 1: (4, 4); 2: (4, 4); 3: (4, 4); 4: (4, 4); 5: (6, 1); 
Avatar 3 stayed at 4,4
Avatar locations: 0: (4, 4); 1: (4, 4); 2: (4, 4); 3: (4, 4); 4: (4, 4); 5: (6, 1); 
Avatar 4 stayed at 4,4
Avatar locations: 0: (4, 4); 1: (4, 4); 2: (4, 4); 3: (4, 4); 4: (4, 4); 5: (6, 1); 
Avatar 5 moved from 6,1 to 6,2
Avatar locations: 0: (4, 4); 1: (4, 4); 2: (4, 4); 3: (4, 4); 4: (4, 4); 5: (6, 2); 
Avatar 0 moved from 4,4 to 4,3
Avatar locations: 0: (4, 3); 1: (4, 4); 2: (4, 4); 3: (4, 4); 4: (4, 4); 5: (6, 2); 
Avatar 1 moved from 4,4 to 4,3
Avatar locations: 0: (4, 3); 1: (4, 3); 2: (4, 4); 3: (4, 4); 4: (4, 4); 5: (6, 2); 
Avatar 2 moved from 4,4 to 4,3
Avatar locations: 0: (4, 3); 1: (4, 3); 2: (4, 3); 3: (4, 4); 4: (4, 4); 5: (6, 2); 
Avatar 3 moved from 4,4 to 4,3
Avatar locations: 0: (4, 3); 1: (4, 3); 2: (4, 3); 3: (4, 3); 4: (4, 4); 5: (6, 2); 
Avatar 4 moved from 4,4 to 4,3
Avatar locations: 0: (4, 3); 1: (4, 3); 2: (4, 3); 3: (4, 3); 4: (4, 3); 5: (6, 2); 
Avatar 5 moved from 6,2 to 5,2
Avatar locations: 0: (4, 3); 1: (4, 3); 2: (4, 3); 3: (4, 3); 4: (4, 3); 5: (5, 2); 
Avatar 0 moved from 4,3 to 3,3
Avatar locations: 0: (3, 3); 1: (4, 3); 2: (4, 3); 3: (4, 3); 4: (4, 3); 5: (5, 2); 
Avatar 1 moved from 4,3 to 3,3
Avatar locations: 0: (3, 3); 1: (3, 3); 2: (4, 3); 3: (4, 3); 4: (4, 3); 5: (5, 2); 
Avatar 2 moved from 4,3 to 3,3
Avatar locations: 0: (3, 3); 1: (3, 3); 2: (3, 3); 3: (4, 3); 4: (4, 3); 5: (5, 2); 
Avatar 3 moved from 4,3 to 3,3
Avatar locations: 0: (3, 3); 1: (3, 3); 2: (3, 3); 3: (3, 3); 4: (4, 3); 5: (5, 2); 
Avatar 4 moved from 4,3 to 3,3
Avatar locations: 0: (3, 3); 1: (3, 3); 2: (3, 3); 3: (3, 3); 4: (3, 3); 5: (5, 2); 
Avatar 5 moved from 5,2 to 4,2
Avatar locations: 0: (3, 3); 1: (3, 3); 2: (3, 3); 3: (3, 3); 4: (3, 3); 5: (4, 2); 
avatar 0 ran into north wall at 3,3
Avatar locations: 0: (3, 3); 1: (3, 3); 2: (3, 3); 3: (3, 3); 4: (3, 3); 5: (4, 2); 
Avatar 1 stayed at 3,3
Avatar locations: 0: (3, 3); 1: (3, 3); 2: (3, 3); 3: (3, 3); 4: (3, 3); 5: (4, 2); 
Avatar 2 stayed at 3,3
Avatar locations: 0: (3, 3); 1: (3, 3); 2: (3, 3); 3: (3, 3); 4: (3, 3); 5: (4, 2); 
Avatar 3 stayed at 3,3
Avatar locations: 0: (3, 3); 1: (3, 3); 2: (3, 3); 3: (3, 3); 4: (3, 3); 5: (4, 2); 
Avatar 4 stayed at 3,3
Avatar locations: 0: (3, 3); 1: (3, 3); 2: (3, 3); 3: (3, 3); 4: (3, 3); 5: (4, 2); 
Avatar 5 moved from 4,2 to 3,2
Avatar locations: 0: (3, 3); 1: (3, 3); 2: (3, 3); 3: (3, 3); 4: (3, 3); 5: (3, 2); 
Avatar 0 moved from 3,3 to 3,4
Avatar locations: 0: (3, 4); 1: (3, 3); 2: (3, 3); 3: (3, 3); 4: (3, 3); 5: (3, 2); 
Avatar 1 moved from 3,3 to 3,4
Avatar locations: 0: (3, 4); 1: (3, 4); 2: (3, 3); 3: (3, 3); 4: (3, 3); 5: (3, 2); 
Avatar 2 moved from 3,3 to 3,4
Avatar locations: 0: (3, 4); 1: (3, 4); 2: (3, 4); 3: (3, 3); 4: (3, 3); 5: (3, 2); 
Avatar 3 moved from 3,3 to 3,4
Avatar locations: 0: (3, 4); 1: (3, 4); 2: (3, 4); 3: (3, 4); 4: (3, 3); 5: (3, 2); 
Avatar 4 moved from 3,3 to 3,4
Avatar locations: 0: (3, 4); 1: (3, 4); 2: (3, 4); 3: (3, 4); 4: (3, 4); 5: (3, 2); 
Avatar 5 moved from 3,2 to 3,1
Avatar locations: 0: (3, 4); 1: (3, 4); 2: (3, 4); 3: (3, 4); 4: (3, 4); 5: (3, 1); 
Avatar 0 moved from 3,4 to 2,4
Avatar locations: 0: (2, 4); 1: (3, 4); 2: (3, 4); 3: (3, 4); 4: (3, 4); 5: (3, 1); 
Avatar 1 moved from 3,4 to 2,4
Avatar locations: 0: (2, 4); 1: (2, 4); 2: (3, 4); 3: (3, 4); 4: (3, 4); 5: (3, 1); 
Avatar 2 moved from 3,4 to 2,4
Avatar locations: 0: (2, 4); 1: (2, 4); 2: (2, 4); 3: (3, 4); 4: (3, 4); 5: (3, 1); 
Avatar 3 moved from 3,4 to 2,4
Avatar locations: 0: (2, 4); 1: (2, 4); 2: (2, 4); 3: (2, 4); 4: (3, 4); 5: (3, 1); 
Avatar 4 moved from 3,4 to 2,4
Avatar locations: 0: (2, 4); 1: (2, 4); 2: (2, 4); 3: (2, 4); 4: (2, 4); 5: (3, 1); 
Avatar 5 moved from 3,1 to 2,1
Avatar locations: 0: (2, 4); 1: (2, 4); 2: (2, 4); 3: (2, 4); 4: (2, 4); 5: (2, 1); 
Avatar 0 moved from 2,4 to 2,3
Avatar locations: 0: (2, 3); 1: (2, 4); 2: (2, 4); 3: (2, 4); 4: (2, 4); 5: (2, 1); 
Avatar 1 moved from 2,4 to 2,3
Avatar locations: 0: (2, 3); 1: (2, 3); 2: (2, 4); 3: (2, 4); 4: (2, 4); 5: (2, 1); 
Avatar 2 moved from 2,4 to 2,3
Avatar locations: 0: (2, 3); 1: (2, 3); 2: (2, 3); 3: (2, 4); 4: (2, 4); 5: (2, 1); 
Avatar 3 moved from 2,4 to 2,3
Avatar locations: 0: (2, 3); 1: (2, 3); 2: (2, 3); 3: (2, 3); 4: (2, 4); 5: (2, 1); 
Avatar 4 moved from 2,4 to 2,3
Avatar locations: 0: (2, 3); 1: (2, 3); 2: (2, 3); 3: (2, 3); 4: (2, 3); 5: (2, 1); 
Avatar 5 moved from 2,1 to 2,2
Avatar locations: 0: (2, 3); 1: (2, 3); 2: (2, 3); 3: (2, 3); 4: (2, 3); 5: (2, 2); 
Avatar 0 moved from 2,3 to 1,3
Avatar locations: 0: (1, 3); 1: (2, 3); 2: (2, 3); 3: (2, 3); 4: (2, 3); 5: (2, 2); 
Avatar 1 moved from 2,3 to 1,3
Avatar locations: 0: (1, 3); 1: (1, 3); 2: (2, 3); 3: (2, 3); 4: (2, 3); 5: (2, 2); 
Avatar 2 moved from 2,3 to 1,3
Avatar locations: 0: (1, 3); 1: (1, 3); 2: (1, 3); 3: (2, 3); 4: (2, 3); 5: (2, 2); 
Avatar 3 moved from 2,3 to 1,3
Avatar locations: 0: (1, 3); 1: (1, 3); 2: (1, 3); 3: (1, 3); 4: (2, 3); 5: (2, 2); 
Avatar 4 moved from 2,3 to 1,3
Avatar locations: 0: (1, 3); 1: (1, 3); 2: (1, 3); 3: (1, 3); 4: (1, 3); 5: (2, 2); 
Avatar 5 moved from 2,2 to 1,2
Avatar locations: 0: (1, 3); 1: (1, 3); 2: (1, 3); 3: (1, 3); 4: (1, 3); 5: (1, 2); 
Avatar 0 moved from 1,3 to 1,4
Avatar locations: 0: (1, 4); 1: (1, 3); 2: (1, 3); 3: (1, 3); 4: (1, 3); 5: (1, 2); 
Avatar 1 moved from 1,3 to 1,4
Avatar locations: 0: (1, 4); 1: (1, 4); 2: (1, 3); 3: (1, 3); 4: (1, 3); 5: (1, 2); 
Avatar 2 moved from 1,3 to 1,4
Avatar locations: 0: (1, 4); 1: (1, 4); 2: (1, 4); 3: (1, 3); 4: (1, 3); 5: (1, 2); 
Avatar 3 moved from 1,3 to 1,4
Avatar locations: 0: (1, 4); 1: (1, 4); 2: (1, 4); 3: (1, 4); 4: (1, 3); 5: (1, 2); 
Avatar 4 moved from 1,3 to 1,4
Avatar locations: 0: (1, 4); 1: (1, 4); 2: (1, 4); 3: (1, 4); 4: (1, 4); 5: (1, 2); 
Avatar 5 moved from 1,2 to 0,2
Avatar locations: 0: (1, 4); 1: (1, 4); 2: (1, 4); 3: (1, 4); 4: (1, 4); 5: (0, 2); 
Avatar 0 moved from 1,4 to 0,4
Avatar locations: 0: (0, 4); 1: (1, 4); 2: (1, 4); 3: (1, 4); 4: (1, 4); 5: (0, 2); 
Avatar 1 moved from 1,4 to 0,4
Avatar locations: 0: (0, 4); 1: (0, 4); 2: (1, 4); 3: (1, 4); 4: (1, 4); 5: (0, 2); 
Avatar 2 moved from 1,4 to 0,4
Avatar locations: 0: (0, 4); 1: (0, 4); 2: (0, 4); 3: (1, 4); 4: (1, 4); 5: (0, 2); 
Avatar 3 moved from 1,4 to 0,4
Avatar locations: 0: (0, 4); 1: (0, 4); 2: (0, 4); 3: (0, 4); 4: (1, 4); 5: (0, 2); 
Avatar 4 moved from 1,4 to 0,4
Avatar locations: 0: (0, 4); 1: (0, 4); 2: (0, 4); 3: (0, 4); 4: (0, 4); 5: (0, 2); 
Avatar 5 moved from 0,2 to 0,3
Avatar locations: 0: (0, 4); 1: (0, 4); 2: (0, 4); 3: (0, 4); 4: (0, 4); 5: (0, 3); 
Avatar 0 moved from 0,4 to 0,3
Avatar locations: 0: (0, 3); 1: (0, 4); 2: (0, 4); 3: (0, 4); 4: (0, 4); 5: (0, 3); 
Avatar 1 moved from 0,4 to 0,3
Avatar locations: 0: (0, 3); 1: (0, 3); 2: (0, 4); 3: (0, 4); 4: (0, 4); 5: (0, 3); 
Avatar 2 moved from 0,4 to 0,3
Avatar locations: 0: (0, 3); 1: (0, 3); 2: (0, 3); 3: (0, 4); 4: (0, 4); 5: (0, 3); 
Avatar 3 moved from 0,4 to 0,3
Avatar locations: 0: (0, 3); 1: (0, 3); 2: (0, 3); 3: (0, 3); 4: (0, 4); 5: (0, 3); 
6, 2, 640, 1508137896
