$benmatejka 34801 Mon Mar  9 21:24:51 2020
Inserted avatar 0 at 1,8
Avatar locations: 0: (1, 8); 
Inserted avatar 1 at 5,2
Avatar locations: 0: (1, 8); 1: (5, 2); 
Inserted avatar 2 at 1,3
Avatar locations: 0: (1, 8); 1: (5, 2); 2: (1, 3); 
Inserted avatar 3 at 0,1
Avatar locations: 0: (1, 8); 1: (5, 2); 2: (1, 3); 3: (0, 1); 
Inserted avatar 4 at 1,0
Avatar locations: 0: (1, 8); 1: (5, 2); 2: (1, 3); 3: (0, 1); 4: (1, 0); 
Inserted avatar 5 at 0,0
Avatar locations: 0: (1, 8); 1: (5, 2); 2: (1, 3); 3: (0, 1); 4: (1, 0); 5: (0, 0); 
Inserted avatar 6 at 2,6
Avatar locations: 0: (1, 8); 1: (5, 2); 2: (1, 3); 3: (0, 1); 4: (1, 0); 5: (0, 0); 6: (2, 6); 
Avatar 0 moved from 1,8 to 1,7
Avatar locations: 0: (1, 7); 1: (5, 2); 2: (1, 3); 3: (0, 1); 4: (1, 0); 5: (0, 0); 6: (2, 6); 
avatar 1 ran into west wall at 5,2
Avatar locations: 0: (1, 7); 1: (5, 2); 2: (1, 3); 3: (0, 1); 4: (1, 0); 5: (0, 0); 6: (2, 6); 
avatar 2 ran into north wall at 1,3
Avatar locations: 0: (1, 7); 1: (5, 2); 2: (1, 3); 3: (0, 1); 4: (1, 0); 5: (0, 0); 6: (2, 6); 
Avatar 3 moved from 0,1 to 0,0
Avatar locations: 0: (1, 7); 1: (5, 2); 2: (1, 3); 3: (0, 0); 4: (1, 0); 5: (0, 0); 6: (2, 6); 
avatar 4 ran into west wall at 1,0
Avatar locations: 0: (1, 7); 1: (5, 2); 2: (1, 3); 3: (0, 0); 4: (1, 0); 5: (0, 0); 6: (2, 6); 
Avatar 5 stayed at 0,0
Avatar locations: 0: (1, 7); 1: (5, 2); 2: (1, 3); 3: (0, 0); 4: (1, 0); 5: (0, 0); 6: (2, 6); 
avatar 6 ran into west wall at 2,6
Avatar locations: 0: (1, 7); 1: (5, 2); 2: (1, 3); 3: (0, 0); 4: (1, 0); 5: (0, 0); 6: (2, 6); 
avatar 0 ran into north wall at 1,7
Avatar locations: 0: (1, 7); 1: (5, 2); 2: (1, 3); 3: (0, 0); 4: (1, 0); 5: (0, 0); 6: (2, 6); 
Avatar 1 moved from 5,2 to 5,1
Avatar locations: 0: (1, 7); 1: (5, 1); 2: (1, 3); 3: (0, 0); 4: (1, 0); 5: (0, 0); 6: (2, 6); 
avatar 2 ran into west wall at 1,3
Avatar locations: 0: (1, 7); 1: (5, 1); 2: (1, 3); 3: (0, 0); 4: (1, 0); 5: (0, 0); 6: (2, 6); 
Avatar 3 moved from 0,0 to 0,1
Avatar locations: 0: (1, 7); 1: (5, 1); 2: (1, 3); 3: (0, 1); 4: (1, 0); 5: (0, 0); 6: (2, 6); 
Avatar 4 moved from 1,0 to 2,0
Avatar locations: 0: (1, 7); 1: (5, 1); 2: (1, 3); 3: (0, 1); 4: (2, 0); 5: (0, 0); 6: (2, 6); 
Avatar 5 moved from 0,0 to 0,1
Avatar locations: 0: (1, 7); 1: (5, 1); 2: (1, 3); 3: (0, 1); 4: (2, 0); 5: (0, 1); 6: (2, 6); 
Avatar 6 moved from 2,6 to 2,7
Avatar locations: 0: (1, 7); 1: (5, 1); 2: (1, 3); 3: (0, 1); 4: (2, 0); 5: (0, 1); 6: (2, 7); 
avatar 0 ran into east wall at 1,7
Avatar locations: 0: (1, 7); 1: (5, 1); 2: (1, 3); 3: (0, 1); 4: (2, 0); 5: (0, 1); 6: (2, 7); 
avatar 1 ran into west wall at 5,1
Avatar locations: 0: (1, 7); 1: (5, 1); 2: (1, 3); 3: (0, 1); 4: (2, 0); 5: (0, 1); 6: (2, 7); 
avatar 2 ran into east wall at 1,3
Avatar locations: 0: (1, 7); 1: (5, 1); 2: (1, 3); 3: (0, 1); 4: (2, 0); 5: (0, 1); 6: (2, 7); 
avatar 3 ran into east wall at 0,1
Avatar locations: 0: (1, 7); 1: (5, 1); 2: (1, 3); 3: (0, 1); 4: (2, 0); 5: (0, 1); 6: (2, 7); 
Avatar 4 moved from 2,0 to 2,1
Avatar locations: 0: (1, 7); 1: (5, 1); 2: (1, 3); 3: (0, 1); 4: (2, 1); 5: (0, 1); 6: (2, 7); 
Avatar 5 stayed at 0,1
Avatar locations: 0: (1, 7); 1: (5, 1); 2: (1, 3); 3: (0, 1); 4: (2, 1); 5: (0, 1); 6: (2, 7); 
avatar 6 ran into east wall at 2,7
Avatar locations: 0: (1, 7); 1: (5, 1); 2: (1, 3); 3: (0, 1); 4: (2, 1); 5: (0, 1); 6: (2, 7); 
Avatar 0 moved from 1,7 to 0,7
Avatar locations: 0: (0, 7); 1: (5, 1); 2: (1, 3); 3: (0, 1); 4: (2, 1); 5: (0, 1); 6: (2, 7); 
Avatar 1 moved from 5,1 to 5,0
Avatar locations: 0: (0, 7); 1: (5, 0); 2: (1, 3); 3: (0, 1); 4: (2, 1); 5: (0, 1); 6: (2, 7); 
Avatar 2 moved from 1,3 to 1,4
Avatar locations: 0: (0, 7); 1: (5, 0); 2: (1, 4); 3: (0, 1); 4: (2, 1); 5: (0, 1); 6: (2, 7); 
Avatar 3 moved from 0,1 to 0,2
Avatar locations: 0: (0, 7); 1: (5, 0); 2: (1, 4); 3: (0, 2); 4: (2, 1); 5: (0, 1); 6: (2, 7); 
avatar 4 ran into west wall at 2,1
Avatar locations: 0: (0, 7); 1: (5, 0); 2: (1, 4); 3: (0, 2); 4: (2, 1); 5: (0, 1); 6: (2, 7); 
Avatar 5 moved from 0,1 to 0,2
Avatar locations: 0: (0, 7); 1: (5, 0); 2: (1, 4); 3: (0, 2); 4: (2, 1); 5: (0, 2); 6: (2, 7); 
Avatar 6 moved from 2,7 to 2,8
Avatar locations: 0: (0, 7); 1: (5, 0); 2: (1, 4); 3: (0, 2); 4: (2, 1); 5: (0, 2); 6: (2, 8); 
Avatar 0 moved from 0,7 to 0,8
Avatar locations: 0: (0, 8); 1: (5, 0); 2: (1, 4); 3: (0, 2); 4: (2, 1); 5: (0, 2); 6: (2, 8); 
Avatar 1 moved from 5,0 to 4,0
Avatar locations: 0: (0, 8); 1: (4, 0); 2: (1, 4); 3: (0, 2); 4: (2, 1); 5: (0, 2); 6: (2, 8); 
avatar 2 ran into west wall at 1,4
Avatar locations: 0: (0, 8); 1: (4, 0); 2: (1, 4); 3: (0, 2); 4: (2, 1); 5: (0, 2); 6: (2, 8); 
Avatar 3 moved from 0,2 to 1,2
Avatar locations: 0: (0, 8); 1: (4, 0); 2: (1, 4); 3: (1, 2); 4: (2, 1); 5: (0, 2); 6: (2, 8); 
avatar 4 ran into south wall at 2,1
Avatar locations: 0: (0, 8); 1: (4, 0); 2: (1, 4); 3: (1, 2); 4: (2, 1); 5: (0, 2); 6: (2, 8); 
Avatar 5 moved from 0,2 to 1,2
Avatar locations: 0: (0, 8); 1: (4, 0); 2: (1, 4); 3: (1, 2); 4: (2, 1); 5: (1, 2); 6: (2, 8); 
Avatar 6 moved from 2,8 to 1,8
Avatar locations: 0: (0, 8); 1: (4, 0); 2: (1, 4); 3: (1, 2); 4: (2, 1); 5: (1, 2); 6: (1, 8); 
Avatar 0 moved from 0,8 to 0,7
Avatar locations: 0: (0, 7); 1: (4, 0); 2: (1, 4); 3: (1, 2); 4: (2, 1); 5: (1, 2); 6: (1, 8); 
avatar 1 ran into west wall at 4,0
Avatar locations: 0: (0, 7); 1: (4, 0); 2: (1, 4); 3: (1, 2); 4: (2, 1); 5: (1, 2); 6: (1, 8); 
Avatar 2 moved from 1,4 to 2,4
Avatar locations: 0: (0, 7); 1: (4, 0); 2: (2, 4); 3: (1, 2); 4: (2, 1); 5: (1, 2); 6: (1, 8); 
Avatar 3 moved from 1,2 to 1,1
Avatar locations: 0: (0, 7); 1: (4, 0); 2: (2, 4); 3: (1, 1); 4: (2, 1); 5: (1, 2); 6: (1, 8); 
Avatar 4 moved from 2,1 to 3,1
Avatar locations: 0: (0, 7); 1: (4, 0); 2: (2, 4); 3: (1, 1); 4: (3, 1); 5: (1, 2); 6: (1, 8); 
Avatar 5 moved from 1,2 to 1,1
Avatar locations: 0: (0, 7); 1: (4, 0); 2: (2, 4); 3: (1, 1); 4: (3, 1); 5: (1, 1); 6: (1, 8); 
avatar 6 ran into west wall at 1,8
Avatar locations: 0: (0, 7); 1: (4, 0); 2: (2, 4); 3: (1, 1); 4: (3, 1); 5: (1, 1); 6: (1, 8); 
Avatar 0 moved from 0,7 to 1,7
Avatar locations: 0: (1, 7); 1: (4, 0); 2: (2, 4); 3: (1, 1); 4: (3, 1); 5: (1, 1); 6: (1, 8); 
Avatar 1 moved from 4,0 to 4,1
Avatar locations: 0: (1, 7); 1: (4, 1); 2: (2, 4); 3: (1, 1); 4: (3, 1); 5: (1, 1); 6: (1, 8); 
avatar 2 ran into north wall at 2,4
Avatar locations: 0: (1, 7); 1: (4, 1); 2: (2, 4); 3: (1, 1); 4: (3, 1); 5: (1, 1); 6: (1, 8); 
Avatar 3 moved from 1,1 to 1,0
Avatar locations: 0: (1, 7); 1: (4, 1); 2: (2, 4); 3: (1, 0); 4: (3, 1); 5: (1, 1); 6: (1, 8); 
Avatar 4 moved from 3,1 to 4,1
Avatar locations: 0: (1, 7); 1: (4, 1); 2: (2, 4); 3: (1, 0); 4: (4, 1); 5: (1, 1); 6: (1, 8); 
Avatar 5 moved from 1,1 to 1,0
Avatar locations: 0: (1, 7); 1: (4, 1); 2: (2, 4); 3: (1, 0); 4: (4, 1); 5: (1, 0); 6: (1, 8); 
Avatar 6 moved from 1,8 to 1,7
Avatar locations: 0: (1, 7); 1: (4, 1); 2: (2, 4); 3: (1, 0); 4: (4, 1); 5: (1, 0); 6: (1, 7); 
Avatar 0 moved from 1,7 to 0,7
Avatar locations: 0: (0, 7); 1: (4, 1); 2: (2, 4); 3: (1, 0); 4: (4, 1); 5: (1, 0); 6: (1, 7); 
Avatar 1 moved from 4,1 to 3,1
Avatar locations: 0: (0, 7); 1: (3, 1); 2: (2, 4); 3: (1, 0); 4: (4, 1); 5: (1, 0); 6: (1, 7); 
Avatar 2 moved from 2,4 to 3,4
Avatar locations: 0: (0, 7); 1: (3, 1); 2: (3, 4); 3: (1, 0); 4: (4, 1); 5: (1, 0); 6: (1, 7); 
Avatar 3 moved from 1,0 to 2,0
Avatar locations: 0: (0, 7); 1: (3, 1); 2: (3, 4); 3: (2, 0); 4: (4, 1); 5: (1, 0); 6: (1, 7); 
Avatar 4 moved from 4,1 to 3,1
Avatar locations: 0: (0, 7); 1: (3, 1); 2: (3, 4); 3: (2, 0); 4: (3, 1); 5: (1, 0); 6: (1, 7); 
Avatar 5 moved from 1,0 to 2,0
Avatar locations: 0: (0, 7); 1: (3, 1); 2: (3, 4); 3: (2, 0); 4: (3, 1); 5: (2, 0); 6: (1, 7); 
Avatar 6 moved from 1,7 to 0,7
Avatar locations: 0: (0, 7); 1: (3, 1); 2: (3, 4); 3: (2, 0); 4: (3, 1); 5: (2, 0); 6: (0, 7); 
avatar 0 ran into north wall at 0,7
Avatar locations: 0: (0, 7); 1: (3, 1); 2: (3, 4); 3: (2, 0); 4: (3, 1); 5: (2, 0); 6: (0, 7); 
Avatar 1 moved from 3,1 to 2,1
Avatar locations: 0: (0, 7); 1: (2, 1); 2: (3, 4); 3: (2, 0); 4: (3, 1); 5: (2, 0); 6: (0, 7); 
avatar 2 ran into north wall at 3,4
Avatar locations: 0: (0, 7); 1: (2, 1); 2: (3, 4); 3: (2, 0); 4: (3, 1); 5: (2, 0); 6: (0, 7); 
Avatar 3 moved from 2,0 to 2,1
Avatar locations: 0: (0, 7); 1: (2, 1); 2: (3, 4); 3: (2, 1); 4: (3, 1); 5: (2, 0); 6: (0, 7); 
Avatar 4 moved from 3,1 to 2,1
Avatar locations: 0: (0, 7); 1: (2, 1); 2: (3, 4); 3: (2, 1); 4: (2, 1); 5: (2, 0); 6: (0, 7); 
Avatar 5 moved from 2,0 to 2,1
Avatar locations: 0: (0, 7); 1: (2, 1); 2: (3, 4); 3: (2, 1); 4: (2, 1); 5: (2, 1); 6: (0, 7); 
Avatar 6 stayed at 0,7
Avatar locations: 0: (0, 7); 1: (2, 1); 2: (3, 4); 3: (2, 1); 4: (2, 1); 5: (2, 1); 6: (0, 7); 
Avatar 0 moved from 0,7 to 1,7
Avatar locations: 0: (1, 7); 1: (2, 1); 2: (3, 4); 3: (2, 1); 4: (2, 1); 5: (2, 1); 6: (0, 7); 
Avatar 1 moved from 2,1 to 2,0
Avatar locations: 0: (1, 7); 1: (2, 0); 2: (3, 4); 3: (2, 1); 4: (2, 1); 5: (2, 1); 6: (0, 7); 
avatar 2 ran into east wall at 3,4
Avatar locations: 0: (1, 7); 1: (2, 0); 2: (3, 4); 3: (2, 1); 4: (2, 1); 5: (2, 1); 6: (0, 7); 
Avatar 3 moved from 2,1 to 2,0
Avatar locations: 0: (1, 7); 1: (2, 0); 2: (3, 4); 3: (2, 0); 4: (2, 1); 5: (2, 1); 6: (0, 7); 
Avatar 4 moved from 2,1 to 2,0
Avatar locations: 0: (1, 7); 1: (2, 0); 2: (3, 4); 3: (2, 0); 4: (2, 0); 5: (2, 1); 6: (0, 7); 
Avatar 5 moved from 2,1 to 2,0
Avatar locations: 0: (1, 7); 1: (2, 0); 2: (3, 4); 3: (2, 0); 4: (2, 0); 5: (2, 0); 6: (0, 7); 
Avatar 6 moved from 0,7 to 1,7
Avatar locations: 0: (1, 7); 1: (2, 0); 2: (3, 4); 3: (2, 0); 4: (2, 0); 5: (2, 0); 6: (1, 7); 
Avatar 0 moved from 1,7 to 1,8
Avatar locations: 0: (1, 8); 1: (2, 0); 2: (3, 4); 3: (2, 0); 4: (2, 0); 5: (2, 0); 6: (1, 7); 
Avatar 1 moved from 2,0 to 1,0
Avatar locations: 0: (1, 8); 1: (1, 0); 2: (3, 4); 3: (2, 0); 4: (2, 0); 5: (2, 0); 6: (1, 7); 
Avatar 2 moved from 3,4 to 3,5
Avatar locations: 0: (1, 8); 1: (1, 0); 2: (3, 5); 3: (2, 0); 4: (2, 0); 5: (2, 0); 6: (1, 7); 
Avatar 3 moved from 2,0 to 1,0
Avatar locations: 0: (1, 8); 1: (1, 0); 2: (3, 5); 3: (1, 0); 4: (2, 0); 5: (2, 0); 6: (1, 7); 
Avatar 4 moved from 2,0 to 1,0
Avatar locations: 0: (1, 8); 1: (1, 0); 2: (3, 5); 3: (1, 0); 4: (1, 0); 5: (2, 0); 6: (1, 7); 
Avatar 5 moved from 2,0 to 1,0
Avatar locations: 0: (1, 8); 1: (1, 0); 2: (3, 5); 3: (1, 0); 4: (1, 0); 5: (1, 0); 6: (1, 7); 
Avatar 6 moved from 1,7 to 1,8
Avatar locations: 0: (1, 8); 1: (1, 0); 2: (3, 5); 3: (1, 0); 4: (1, 0); 5: (1, 0); 6: (1, 8); 
Avatar 0 moved from 1,8 to 2,8
Avatar locations: 0: (2, 8); 1: (1, 0); 2: (3, 5); 3: (1, 0); 4: (1, 0); 5: (1, 0); 6: (1, 8); 
Avatar 1 moved from 1,0 to 1,1
Avatar locations: 0: (2, 8); 1: (1, 1); 2: (3, 5); 3: (1, 0); 4: (1, 0); 5: (1, 0); 6: (1, 8); 
avatar 2 ran into west wall at 3,5
Avatar locations: 0: (2, 8); 1: (1, 1); 2: (3, 5); 3: (1, 0); 4: (1, 0); 5: (1, 0); 6: (1, 8); 
Avatar 3 moved from 1,0 to 1,1
Avatar locations: 0: (2, 8); 1: (1, 1); 2: (3, 5); 3: (1, 1); 4: (1, 0); 5: (1, 0); 6: (1, 8); 
Avatar 4 moved from 1,0 to 1,1
Avatar locations: 0: (2, 8); 1: (1, 1); 2: (3, 5); 3: (1, 1); 4: (1, 1); 5: (1, 0); 6: (1, 8); 
Avatar 5 moved from 1,0 to 1,1
Avatar locations: 0: (2, 8); 1: (1, 1); 2: (3, 5); 3: (1, 1); 4: (1, 1); 5: (1, 1); 6: (1, 8); 
Avatar 6 moved from 1,8 to 2,8
Avatar locations: 0: (2, 8); 1: (1, 1); 2: (3, 5); 3: (1, 1); 4: (1, 1); 5: (1, 1); 6: (2, 8); 
Avatar 0 moved from 2,8 to 3,8
Avatar locations: 0: (3, 8); 1: (1, 1); 2: (3, 5); 3: (1, 1); 4: (1, 1); 5: (1, 1); 6: (2, 8); 
Avatar 1 moved from 1,1 to 1,2
Avatar locations: 0: (3, 8); 1: (1, 2); 2: (3, 5); 3: (1, 1); 4: (1, 1); 5: (1, 1); 6: (2, 8); 
Avatar 2 moved from 3,5 to 3,6
Avatar locations: 0: (3, 8); 1: (1, 2); 2: (3, 6); 3: (1, 1); 4: (1, 1); 5: (1, 1); 6: (2, 8); 
Avatar 3 moved from 1,1 to 1,2
Avatar locations: 0: (3, 8); 1: (1, 2); 2: (3, 6); 3: (1, 2); 4: (1, 1); 5: (1, 1); 6: (2, 8); 
Avatar 4 moved from 1,1 to 1,2
Avatar locations: 0: (3, 8); 1: (1, 2); 2: (3, 6); 3: (1, 2); 4: (1, 2); 5: (1, 1); 6: (2, 8); 
Avatar 5 moved from 1,1 to 1,2
Avatar locations: 0: (3, 8); 1: (1, 2); 2: (3, 6); 3: (1, 2); 4: (1, 2); 5: (1, 2); 6: (2, 8); 
Avatar 6 moved from 2,8 to 3,8
Avatar locations: 0: (3, 8); 1: (1, 2); 2: (3, 6); 3: (1, 2); 4: (1, 2); 5: (1, 2); 6: (3, 8); 
avatar 0 ran into north wall at 3,8
Avatar locations: 0: (3, 8); 1: (1, 2); 2: (3, 6); 3: (1, 2); 4: (1, 2); 5: (1, 2); 6: (3, 8); 
Avatar 1 moved from 1,2 to 2,2
Avatar locations: 0: (3, 8); 1: (2, 2); 2: (3, 6); 3: (1, 2); 4: (1, 2); 5: (1, 2); 6: (3, 8); 
avatar 2 ran into west wall at 3,6
Avatar locations: 0: (3, 8); 1: (2, 2); 2: (3, 6); 3: (1, 2); 4: (1, 2); 5: (1, 2); 6: (3, 8); 
Avatar 3 moved from 1,2 to 2,2
Avatar locations: 0: (3, 8); 1: (2, 2); 2: (3, 6); 3: (2, 2); 4: (1, 2); 5: (1, 2); 6: (3, 8); 
Avatar 4 moved from 1,2 to 2,2
Avatar locations: 0: (3, 8); 1: (2, 2); 2: (3, 6); 3: (2, 2); 4: (2, 2); 5: (1, 2); 6: (3, 8); 
Avatar 5 moved from 1,2 to 2,2
Avatar locations: 0: (3, 8); 1: (2, 2); 2: (3, 6); 3: (2, 2); 4: (2, 2); 5: (2, 2); 6: (3, 8); 
Avatar 6 stayed at 3,8
Avatar locations: 0: (3, 8); 1: (2, 2); 2: (3, 6); 3: (2, 2); 4: (2, 2); 5: (2, 2); 6: (3, 8); 
Avatar 0 moved from 3,8 to 4,8
Avatar locations: 0: (4, 8); 1: (2, 2); 2: (3, 6); 3: (2, 2); 4: (2, 2); 5: (2, 2); 6: (3, 8); 
avatar 1 ran into east wall at 2,2
Avatar locations: 0: (4, 8); 1: (2, 2); 2: (3, 6); 3: (2, 2); 4: (2, 2); 5: (2, 2); 6: (3, 8); 
Avatar 2 moved from 3,6 to 3,7
Avatar locations: 0: (4, 8); 1: (2, 2); 2: (3, 7); 3: (2, 2); 4: (2, 2); 5: (2, 2); 6: (3, 8); 
Avatar 3 stayed at 2,2
Avatar locations: 0: (4, 8); 1: (2, 2); 2: (3, 7); 3: (2, 2); 4: (2, 2); 5: (2, 2); 6: (3, 8); 
Avatar 4 stayed at 2,2
Avatar locations: 0: (4, 8); 1: (2, 2); 2: (3, 7); 3: (2, 2); 4: (2, 2); 5: (2, 2); 6: (3, 8); 
Avatar 5 stayed at 2,2
Avatar locations: 0: (4, 8); 1: (2, 2); 2: (3, 7); 3: (2, 2); 4: (2, 2); 5: (2, 2); 6: (3, 8); 
Avatar 6 moved from 3,8 to 4,8
Avatar locations: 0: (4, 8); 1: (2, 2); 2: (3, 7); 3: (2, 2); 4: (2, 2); 5: (2, 2); 6: (4, 8); 
avatar 0 ran into north wall at 4,8
Avatar locations: 0: (4, 8); 1: (2, 2); 2: (3, 7); 3: (2, 2); 4: (2, 2); 5: (2, 2); 6: (4, 8); 
Avatar 1 moved from 2,2 to 2,3
Avatar locations: 0: (4, 8); 1: (2, 3); 2: (3, 7); 3: (2, 2); 4: (2, 2); 5: (2, 2); 6: (4, 8); 
Avatar 2 moved from 3,7 to 4,7
Avatar locations: 0: (4, 8); 1: (2, 3); 2: (4, 7); 3: (2, 2); 4: (2, 2); 5: (2, 2); 6: (4, 8); 
Avatar 3 moved from 2,2 to 2,3
Avatar locations: 0: (4, 8); 1: (2, 3); 2: (4, 7); 3: (2, 3); 4: (2, 2); 5: (2, 2); 6: (4, 8); 
Avatar 4 moved from 2,2 to 2,3
Avatar locations: 0: (4, 8); 1: (2, 3); 2: (4, 7); 3: (2, 3); 4: (2, 3); 5: (2, 2); 6: (4, 8); 
Avatar 5 moved from 2,2 to 2,3
Avatar locations: 0: (4, 8); 1: (2, 3); 2: (4, 7); 3: (2, 3); 4: (2, 3); 5: (2, 3); 6: (4, 8); 
Avatar 6 stayed at 4,8
Avatar locations: 0: (4, 8); 1: (2, 3); 2: (4, 7); 3: (2, 3); 4: (2, 3); 5: (2, 3); 6: (4, 8); 
Avatar 0 moved from 4,8 to 5,8
Avatar locations: 0: (5, 8); 1: (2, 3); 2: (4, 7); 3: (2, 3); 4: (2, 3); 5: (2, 3); 6: (4, 8); 
Avatar 1 moved from 2,3 to 3,3
Avatar locations: 0: (5, 8); 1: (3, 3); 2: (4, 7); 3: (2, 3); 4: (2, 3); 5: (2, 3); 6: (4, 8); 
Avatar 2 moved from 4,7 to 4,6
Avatar locations: 0: (5, 8); 1: (3, 3); 2: (4, 6); 3: (2, 3); 4: (2, 3); 5: (2, 3); 6: (4, 8); 
Avatar 3 moved from 2,3 to 3,3
Avatar locations: 0: (5, 8); 1: (3, 3); 2: (4, 6); 3: (3, 3); 4: (2, 3); 5: (2, 3); 6: (4, 8); 
Avatar 4 moved from 2,3 to 3,3
Avatar locations: 0: (5, 8); 1: (3, 3); 2: (4, 6); 3: (3, 3); 4: (3, 3); 5: (2, 3); 6: (4, 8); 
Avatar 5 moved from 2,3 to 3,3
Avatar locations: 0: (5, 8); 1: (3, 3); 2: (4, 6); 3: (3, 3); 4: (3, 3); 5: (3, 3); 6: (4, 8); 
Avatar 6 moved from 4,8 to 5,8
Avatar locations: 0: (5, 8); 1: (3, 3); 2: (4, 6); 3: (3, 3); 4: (3, 3); 5: (3, 3); 6: (5, 8); 
Avatar 0 moved from 5,8 to 5,7
Avatar locations: 0: (5, 7); 1: (3, 3); 2: (4, 6); 3: (3, 3); 4: (3, 3); 5: (3, 3); 6: (5, 8); 
Avatar 1 moved from 3,3 to 4,3
Avatar locations: 0: (5, 7); 1: (4, 3); 2: (4, 6); 3: (3, 3); 4: (3, 3); 5: (3, 3); 6: (5, 8); 
Avatar 2 moved from 4,6 to 5,6
Avatar locations: 0: (5, 7); 1: (4, 3); 2: (5, 6); 3: (3, 3); 4: (3, 3); 5: (3, 3); 6: (5, 8); 
Avatar 3 moved from 3,3 to 4,3
Avatar locations: 0: (5, 7); 1: (4, 3); 2: (5, 6); 3: (4, 3); 4: (3, 3); 5: (3, 3); 6: (5, 8); 
Avatar 4 moved from 3,3 to 4,3
Avatar locations: 0: (5, 7); 1: (4, 3); 2: (5, 6); 3: (4, 3); 4: (4, 3); 5: (3, 3); 6: (5, 8); 
Avatar 5 moved from 3,3 to 4,3
Avatar locations: 0: (5, 7); 1: (4, 3); 2: (5, 6); 3: (4, 3); 4: (4, 3); 5: (4, 3); 6: (5, 8); 
Avatar 6 moved from 5,8 to 5,7
Avatar locations: 0: (5, 7); 1: (4, 3); 2: (5, 6); 3: (4, 3); 4: (4, 3); 5: (4, 3); 6: (5, 7); 
avatar 0 ran into west wall at 5,7
Avatar locations: 0: (5, 7); 1: (4, 3); 2: (5, 6); 3: (4, 3); 4: (4, 3); 5: (4, 3); 6: (5, 7); 
avatar 1 ran into east wall at 4,3
Avatar locations: 0: (5, 7); 1: (4, 3); 2: (5, 6); 3: (4, 3); 4: (4, 3); 5: (4, 3); 6: (5, 7); 
avatar 2 ran into south wall at 5,6
Avatar locations: 0: (5, 7); 1: (4, 3); 2: (5, 6); 3: (4, 3); 4: (4, 3); 5: (4, 3); 6: (5, 7); 
Avatar 3 stayed at 4,3
Avatar locations: 0: (5, 7); 1: (4, 3); 2: (5, 6); 3: (4, 3); 4: (4, 3); 5: (4, 3); 6: (5, 7); 
Avatar 4 stayed at 4,3
Avatar locations: 0: (5, 7); 1: (4, 3); 2: (5, 6); 3: (4, 3); 4: (4, 3); 5: (4, 3); 6: (5, 7); 
Avatar 5 stayed at 4,3
Avatar locations: 0: (5, 7); 1: (4, 3); 2: (5, 6); 3: (4, 3); 4: (4, 3); 5: (4, 3); 6: (5, 7); 
Avatar 6 stayed at 5,7
Avatar locations: 0: (5, 7); 1: (4, 3); 2: (5, 6); 3: (4, 3); 4: (4, 3); 5: (4, 3); 6: (5, 7); 
Avatar 0 moved from 5,7 to 5,8
Avatar locations: 0: (5, 8); 1: (4, 3); 2: (5, 6); 3: (4, 3); 4: (4, 3); 5: (4, 3); 6: (5, 7); 
avatar 1 ran into south wall at 4,3
Avatar locations: 0: (5, 8); 1: (4, 3); 2: (5, 6); 3: (4, 3); 4: (4, 3); 5: (4, 3); 6: (5, 7); 
Avatar 2 moved from 5,6 to 5,5
Avatar locations: 0: (5, 8); 1: (4, 3); 2: (5, 5); 3: (4, 3); 4: (4, 3); 5: (4, 3); 6: (5, 7); 
Avatar 3 stayed at 4,3
Avatar locations: 0: (5, 8); 1: (4, 3); 2: (5, 5); 3: (4, 3); 4: (4, 3); 5: (4, 3); 6: (5, 7); 
Avatar 4 stayed at 4,3
Avatar locations: 0: (5, 8); 1: (4, 3); 2: (5, 5); 3: (4, 3); 4: (4, 3); 5: (4, 3); 6: (5, 7); 
Avatar 5 stayed at 4,3
Avatar locations: 0: (5, 8); 1: (4, 3); 2: (5, 5); 3: (4, 3); 4: (4, 3); 5: (4, 3); 6: (5, 7); 
Avatar 6 moved from 5,7 to 5,8
Avatar locations: 0: (5, 8); 1: (4, 3); 2: (5, 5); 3: (4, 3); 4: (4, 3); 5: (4, 3); 6: (5, 8); 
Avatar 0 moved from 5,8 to 4,8
Avatar locations: 0: (4, 8); 1: (4, 3); 2: (5, 5); 3: (4, 3); 4: (4, 3); 5: (4, 3); 6: (5, 8); 
Avatar 1 moved from 4,3 to 4,2
Avatar locations: 0: (4, 8); 1: (4, 2); 2: (5, 5); 3: (4, 3); 4: (4, 3); 5: (4, 3); 6: (5, 8); 
Avatar 2 moved from 5,5 to 4,5
Avatar locations: 0: (4, 8); 1: (4, 2); 2: (4, 5); 3: (4, 3); 4: (4, 3); 5: (4, 3); 6: (5, 8); 
Avatar 3 moved from 4,3 to 4,2
Avatar locations: 0: (4, 8); 1: (4, 2); 2: (4, 5); 3: (4, 2); 4: (4, 3); 5: (4, 3); 6: (5, 8); 
Avatar 4 moved from 4,3 to 4,2
Avatar locations: 0: (4, 8); 1: (4, 2); 2: (4, 5); 3: (4, 2); 4: (4, 2); 5: (4, 3); 6: (5, 8); 
Avatar 5 moved from 4,3 to 4,2
Avatar locations: 0: (4, 8); 1: (4, 2); 2: (4, 5); 3: (4, 2); 4: (4, 2); 5: (4, 2); 6: (5, 8); 
Avatar 6 moved from 5,8 to 4,8
Avatar locations: 0: (4, 8); 1: (4, 2); 2: (4, 5); 3: (4, 2); 4: (4, 2); 5: (4, 2); 6: (4, 8); 
Avatar 0 moved from 4,8 to 3,8
Avatar locations: 0: (3, 8); 1: (4, 2); 2: (4, 5); 3: (4, 2); 4: (4, 2); 5: (4, 2); 6: (4, 8); 
Avatar 1 moved from 4,2 to 3,2
Avatar locations: 0: (3, 8); 1: (3, 2); 2: (4, 5); 3: (4, 2); 4: (4, 2); 5: (4, 2); 6: (4, 8); 
Avatar 2 moved from 4,5 to 4,4
Avatar locations: 0: (3, 8); 1: (3, 2); 2: (4, 4); 3: (4, 2); 4: (4, 2); 5: (4, 2); 6: (4, 8); 
Avatar 3 moved from 4,2 to 3,2
Avatar locations: 0: (3, 8); 1: (3, 2); 2: (4, 4); 3: (3, 2); 4: (4, 2); 5: (4, 2); 6: (4, 8); 
Avatar 4 moved from 4,2 to 3,2
Avatar locations: 0: (3, 8); 1: (3, 2); 2: (4, 4); 3: (3, 2); 4: (3, 2); 5: (4, 2); 6: (4, 8); 
Avatar 5 moved from 4,2 to 3,2
Avatar locations: 0: (3, 8); 1: (3, 2); 2: (4, 4); 3: (3, 2); 4: (3, 2); 5: (3, 2); 6: (4, 8); 
Avatar 6 moved from 4,8 to 3,8
Avatar locations: 0: (3, 8); 1: (3, 2); 2: (4, 4); 3: (3, 2); 4: (3, 2); 5: (3, 2); 6: (3, 8); 
Avatar 0 moved from 3,8 to 2,8
Avatar locations: 0: (2, 8); 1: (3, 2); 2: (4, 4); 3: (3, 2); 4: (3, 2); 5: (3, 2); 6: (3, 8); 
avatar 1 ran into south wall at 3,2
Avatar locations: 0: (2, 8); 1: (3, 2); 2: (4, 4); 3: (3, 2); 4: (3, 2); 5: (3, 2); 6: (3, 8); 
Avatar 2 moved from 4,4 to 5,4
Avatar locations: 0: (2, 8); 1: (3, 2); 2: (5, 4); 3: (3, 2); 4: (3, 2); 5: (3, 2); 6: (3, 8); 
Avatar 3 stayed at 3,2
Avatar locations: 0: (2, 8); 1: (3, 2); 2: (5, 4); 3: (3, 2); 4: (3, 2); 5: (3, 2); 6: (3, 8); 
Avatar 4 stayed at 3,2
Avatar locations: 0: (2, 8); 1: (3, 2); 2: (5, 4); 3: (3, 2); 4: (3, 2); 5: (3, 2); 6: (3, 8); 
Avatar 5 stayed at 3,2
Avatar locations: 0: (2, 8); 1: (3, 2); 2: (5, 4); 3: (3, 2); 4: (3, 2); 5: (3, 2); 6: (3, 8); 
Avatar 6 moved from 3,8 to 2,8
Avatar locations: 0: (2, 8); 1: (3, 2); 2: (5, 4); 3: (3, 2); 4: (3, 2); 5: (3, 2); 6: (2, 8); 
Avatar 0 moved from 2,8 to 2,7
Avatar locations: 0: (2, 7); 1: (3, 2); 2: (5, 4); 3: (3, 2); 4: (3, 2); 5: (3, 2); 6: (2, 8); 
avatar 1 ran into north wall at 3,2
Avatar locations: 0: (2, 7); 1: (3, 2); 2: (5, 4); 3: (3, 2); 4: (3, 2); 5: (3, 2); 6: (2, 8); 
Avatar 2 moved from 5,4 to 5,3
Avatar locations: 0: (2, 7); 1: (3, 2); 2: (5, 3); 3: (3, 2); 4: (3, 2); 5: (3, 2); 6: (2, 8); 
Avatar 3 stayed at 3,2
Avatar locations: 0: (2, 7); 1: (3, 2); 2: (5, 3); 3: (3, 2); 4: (3, 2); 5: (3, 2); 6: (2, 8); 
Avatar 4 stayed at 3,2
Avatar locations: 0: (2, 7); 1: (3, 2); 2: (5, 3); 3: (3, 2); 4: (3, 2); 5: (3, 2); 6: (2, 8); 
Avatar 5 stayed at 3,2
Avatar locations: 0: (2, 7); 1: (3, 2); 2: (5, 3); 3: (3, 2); 4: (3, 2); 5: (3, 2); 6: (2, 8); 
Avatar 6 moved from 2,8 to 2,7
Avatar locations: 0: (2, 7); 1: (3, 2); 2: (5, 3); 3: (3, 2); 4: (3, 2); 5: (3, 2); 6: (2, 7); 
Avatar 0 moved from 2,7 to 2,6
Avatar locations: 0: (2, 6); 1: (3, 2); 2: (5, 3); 3: (3, 2); 4: (3, 2); 5: (3, 2); 6: (2, 7); 
Avatar 1 moved from 3,2 to 4,2
Avatar locations: 0: (2, 6); 1: (4, 2); 2: (5, 3); 3: (3, 2); 4: (3, 2); 5: (3, 2); 6: (2, 7); 
Avatar 2 moved from 5,3 to 5,2
Avatar locations: 0: (2, 6); 1: (4, 2); 2: (5, 2); 3: (3, 2); 4: (3, 2); 5: (3, 2); 6: (2, 7); 
Avatar 3 moved from 3,2 to 4,2
Avatar locations: 0: (2, 6); 1: (4, 2); 2: (5, 2); 3: (4, 2); 4: (3, 2); 5: (3, 2); 6: (2, 7); 
Avatar 4 moved from 3,2 to 4,2
Avatar locations: 0: (2, 6); 1: (4, 2); 2: (5, 2); 3: (4, 2); 4: (4, 2); 5: (3, 2); 6: (2, 7); 
Avatar 5 moved from 3,2 to 4,2
Avatar locations: 0: (2, 6); 1: (4, 2); 2: (5, 2); 3: (4, 2); 4: (4, 2); 5: (4, 2); 6: (2, 7); 
Avatar 6 moved from 2,7 to 2,6
Avatar locations: 0: (2, 6); 1: (4, 2); 2: (5, 2); 3: (4, 2); 4: (4, 2); 5: (4, 2); 6: (2, 6); 
Avatar 0 moved from 2,6 to 2,5
Avatar locations: 0: (2, 5); 1: (4, 2); 2: (5, 2); 3: (4, 2); 4: (4, 2); 5: (4, 2); 6: (2, 6); 
avatar 1 ran into north wall at 4,2
Avatar locations: 0: (2, 5); 1: (4, 2); 2: (5, 2); 3: (4, 2); 4: (4, 2); 5: (4, 2); 6: (2, 6); 
Avatar 2 moved from 5,2 to 5,1
Avatar locations: 0: (2, 5); 1: (4, 2); 2: (5, 1); 3: (4, 2); 4: (4, 2); 5: (4, 2); 6: (2, 6); 
Avatar 3 stayed at 4,2
Avatar locations: 0: (2, 5); 1: (4, 2); 2: (5, 1); 3: (4, 2); 4: (4, 2); 5: (4, 2); 6: (2, 6); 
Avatar 4 stayed at 4,2
Avatar locations: 0: (2, 5); 1: (4, 2); 2: (5, 1); 3: (4, 2); 4: (4, 2); 5: (4, 2); 6: (2, 6); 
Avatar 5 stayed at 4,2
Avatar locations: 0: (2, 5); 1: (4, 2); 2: (5, 1); 3: (4, 2); 4: (4, 2); 5: (4, 2); 6: (2, 6); 
Avatar 6 moved from 2,6 to 2,5
Avatar locations: 0: (2, 5); 1: (4, 2); 2: (5, 1); 3: (4, 2); 4: (4, 2); 5: (4, 2); 6: (2, 5); 
avatar 0 ran into north wall at 2,5
Avatar locations: 0: (2, 5); 1: (4, 2); 2: (5, 1); 3: (4, 2); 4: (4, 2); 5: (4, 2); 6: (2, 5); 
Avatar 1 moved from 4,2 to 4,3
Avatar locations: 0: (2, 5); 1: (4, 3); 2: (5, 1); 3: (4, 2); 4: (4, 2); 5: (4, 2); 6: (2, 5); 
Avatar 2 moved from 5,1 to 5,0
Avatar locations: 0: (2, 5); 1: (4, 3); 2: (5, 0); 3: (4, 2); 4: (4, 2); 5: (4, 2); 6: (2, 5); 
Avatar 3 moved from 4,2 to 4,3
Avatar locations: 0: (2, 5); 1: (4, 3); 2: (5, 0); 3: (4, 3); 4: (4, 2); 5: (4, 2); 6: (2, 5); 
Avatar 4 moved from 4,2 to 4,3
Avatar locations: 0: (2, 5); 1: (4, 3); 2: (5, 0); 3: (4, 3); 4: (4, 3); 5: (4, 2); 6: (2, 5); 
Avatar 5 moved from 4,2 to 4,3
Avatar locations: 0: (2, 5); 1: (4, 3); 2: (5, 0); 3: (4, 3); 4: (4, 3); 5: (4, 3); 6: (2, 5); 
Avatar 6 stayed at 2,5
Avatar locations: 0: (2, 5); 1: (4, 3); 2: (5, 0); 3: (4, 3); 4: (4, 3); 5: (4, 3); 6: (2, 5); 
Avatar 0 moved from 2,5 to 1,5
Avatar locations: 0: (1, 5); 1: (4, 3); 2: (5, 0); 3: (4, 3); 4: (4, 3); 5: (4, 3); 6: (2, 5); 
Avatar 1 moved from 4,3 to 3,3
Avatar locations: 0: (1, 5); 1: (3, 3); 2: (5, 0); 3: (4, 3); 4: (4, 3); 5: (4, 3); 6: (2, 5); 
Avatar 2 moved from 5,0 to 4,0
Avatar locations: 0: (1, 5); 1: (3, 3); 2: (4, 0); 3: (4, 3); 4: (4, 3); 5: (4, 3); 6: (2, 5); 
Avatar 3 moved from 4,3 to 3,3
Avatar locations: 0: (1, 5); 1: (3, 3); 2: (4, 0); 3: (3, 3); 4: (4, 3); 5: (4, 3); 6: (2, 5); 
Avatar 4 moved from 4,3 to 3,3
Avatar locations: 0: (1, 5); 1: (3, 3); 2: (4, 0); 3: (3, 3); 4: (3, 3); 5: (4, 3); 6: (2, 5); 
Avatar 5 moved from 4,3 to 3,3
Avatar locations: 0: (1, 5); 1: (3, 3); 2: (4, 0); 3: (3, 3); 4: (3, 3); 5: (3, 3); 6: (2, 5); 
Avatar 6 moved from 2,5 to 1,5
Avatar locations: 0: (1, 5); 1: (3, 3); 2: (4, 0); 3: (3, 3); 4: (3, 3); 5: (3, 3); 6: (1, 5); 
avatar 0 ran into north wall at 1,5
Avatar locations: 0: (1, 5); 1: (3, 3); 2: (4, 0); 3: (3, 3); 4: (3, 3); 5: (3, 3); 6: (1, 5); 
Avatar 1 moved from 3,3 to 2,3
Avatar locations: 0: (1, 5); 1: (2, 3); 2: (4, 0); 3: (3, 3); 4: (3, 3); 5: (3, 3); 6: (1, 5); 
Avatar 2 moved from 4,0 to 4,1
Avatar locations: 0: (1, 5); 1: (2, 3); 2: (4, 1); 3: (3, 3); 4: (3, 3); 5: (3, 3); 6: (1, 5); 
Avatar 3 moved from 3,3 to 2,3
Avatar locations: 0: (1, 5); 1: (2, 3); 2: (4, 1); 3: (2, 3); 4: (3, 3); 5: (3, 3); 6: (1, 5); 
Avatar 4 moved from 3,3 to 2,3
Avatar locations: 0: (1, 5); 1: (2, 3); 2: (4, 1); 3: (2, 3); 4: (2, 3); 5: (3, 3); 6: (1, 5); 
Avatar 5 moved from 3,3 to 2,3
Avatar locations: 0: (1, 5); 1: (2, 3); 2: (4, 1); 3: (2, 3); 4: (2, 3); 5: (2, 3); 6: (1, 5); 
Avatar 6 stayed at 1,5
Avatar locations: 0: (1, 5); 1: (2, 3); 2: (4, 1); 3: (2, 3); 4: (2, 3); 5: (2, 3); 6: (1, 5); 
avatar 0 ran into west wall at 1,5
Avatar locations: 0: (1, 5); 1: (2, 3); 2: (4, 1); 3: (2, 3); 4: (2, 3); 5: (2, 3); 6: (1, 5); 
Avatar 1 moved from 2,3 to 2,2
Avatar locations: 0: (1, 5); 1: (2, 2); 2: (4, 1); 3: (2, 3); 4: (2, 3); 5: (2, 3); 6: (1, 5); 
Avatar 2 moved from 4,1 to 3,1
Avatar locations: 0: (1, 5); 1: (2, 2); 2: (3, 1); 3: (2, 3); 4: (2, 3); 5: (2, 3); 6: (1, 5); 
Avatar 3 moved from 2,3 to 2,2
Avatar locations: 0: (1, 5); 1: (2, 2); 2: (3, 1); 3: (2, 2); 4: (2, 3); 5: (2, 3); 6: (1, 5); 
Avatar 4 moved from 2,3 to 2,2
Avatar locations: 0: (1, 5); 1: (2, 2); 2: (3, 1); 3: (2, 2); 4: (2, 2); 5: (2, 3); 6: (1, 5); 
Avatar 5 moved from 2,3 to 2,2
Avatar locations: 0: (1, 5); 1: (2, 2); 2: (3, 1); 3: (2, 2); 4: (2, 2); 5: (2, 2); 6: (1, 5); 
Avatar 6 stayed at 1,5
Avatar locations: 0: (1, 5); 1: (2, 2); 2: (3, 1); 3: (2, 2); 4: (2, 2); 5: (2, 2); 6: (1, 5); 
Avatar 0 moved from 1,5 to 1,6
Avatar locations: 0: (1, 6); 1: (2, 2); 2: (3, 1); 3: (2, 2); 4: (2, 2); 5: (2, 2); 6: (1, 5); 
Avatar 1 moved from 2,2 to 1,2
Avatar locations: 0: (1, 6); 1: (1, 2); 2: (3, 1); 3: (2, 2); 4: (2, 2); 5: (2, 2); 6: (1, 5); 
Avatar 2 moved from 3,1 to 2,1
Avatar locations: 0: (1, 6); 1: (1, 2); 2: (2, 1); 3: (2, 2); 4: (2, 2); 5: (2, 2); 6: (1, 5); 
Avatar 3 moved from 2,2 to 1,2
Avatar locations: 0: (1, 6); 1: (1, 2); 2: (2, 1); 3: (1, 2); 4: (2, 2); 5: (2, 2); 6: (1, 5); 
Avatar 4 moved from 2,2 to 1,2
Avatar locations: 0: (1, 6); 1: (1, 2); 2: (2, 1); 3: (1, 2); 4: (1, 2); 5: (2, 2); 6: (1, 5); 
Avatar 5 moved from 2,2 to 1,2
Avatar locations: 0: (1, 6); 1: (1, 2); 2: (2, 1); 3: (1, 2); 4: (1, 2); 5: (1, 2); 6: (1, 5); 
Avatar 6 moved from 1,5 to 1,6
Avatar locations: 0: (1, 6); 1: (1, 2); 2: (2, 1); 3: (1, 2); 4: (1, 2); 5: (1, 2); 6: (1, 6); 
Avatar 0 moved from 1,6 to 0,6
Avatar locations: 0: (0, 6); 1: (1, 2); 2: (2, 1); 3: (1, 2); 4: (1, 2); 5: (1, 2); 6: (1, 6); 
Avatar 1 moved from 1,2 to 1,1
Avatar locations: 0: (0, 6); 1: (1, 1); 2: (2, 1); 3: (1, 2); 4: (1, 2); 5: (1, 2); 6: (1, 6); 
Avatar 2 moved from 2,1 to 2,0
Avatar locations: 0: (0, 6); 1: (1, 1); 2: (2, 0); 3: (1, 2); 4: (1, 2); 5: (1, 2); 6: (1, 6); 
Avatar 3 moved from 1,2 to 1,1
Avatar locations: 0: (0, 6); 1: (1, 1); 2: (2, 0); 3: (1, 1); 4: (1, 2); 5: (1, 2); 6: (1, 6); 
Avatar 4 moved from 1,2 to 1,1
Avatar locations: 0: (0, 6); 1: (1, 1); 2: (2, 0); 3: (1, 1); 4: (1, 1); 5: (1, 2); 6: (1, 6); 
Avatar 5 moved from 1,2 to 1,1
Avatar locations: 0: (0, 6); 1: (1, 1); 2: (2, 0); 3: (1, 1); 4: (1, 1); 5: (1, 1); 6: (1, 6); 
Avatar 6 moved from 1,6 to 0,6
Avatar locations: 0: (0, 6); 1: (1, 1); 2: (2, 0); 3: (1, 1); 4: (1, 1); 5: (1, 1); 6: (0, 6); 
Avatar 0 moved from 0,6 to 0,5
Avatar locations: 0: (0, 5); 1: (1, 1); 2: (2, 0); 3: (1, 1); 4: (1, 1); 5: (1, 1); 6: (0, 6); 
Avatar 1 moved from 1,1 to 1,0
Avatar locations: 0: (0, 5); 1: (1, 0); 2: (2, 0); 3: (1, 1); 4: (1, 1); 5: (1, 1); 6: (0, 6); 
Avatar 2 moved from 2,0 to 1,0
Avatar locations: 0: (0, 5); 1: (1, 0); 2: (1, 0); 3: (1, 1); 4: (1, 1); 5: (1, 1); 6: (0, 6); 
Avatar 3 moved from 1,1 to 1,0
Avatar locations: 0: (0, 5); 1: (1, 0); 2: (1, 0); 3: (1, 0); 4: (1, 1); 5: (1, 1); 6: (0, 6); 
Avatar 4 moved from 1,1 to 1,0
Avatar locations: 0: (0, 5); 1: (1, 0); 2: (1, 0); 3: (1, 0); 4: (1, 0); 5: (1, 1); 6: (0, 6); 
Avatar 5 moved from 1,1 to 1,0
Avatar locations: 0: (0, 5); 1: (1, 0); 2: (1, 0); 3: (1, 0); 4: (1, 0); 5: (1, 0); 6: (0, 6); 
Avatar 6 moved from 0,6 to 0,5
Avatar locations: 0: (0, 5); 1: (1, 0); 2: (1, 0); 3: (1, 0); 4: (1, 0); 5: (1, 0); 6: (0, 5); 
Avatar 0 moved from 0,5 to 0,4
Avatar locations: 0: (0, 4); 1: (1, 0); 2: (1, 0); 3: (1, 0); 4: (1, 0); 5: (1, 0); 6: (0, 5); 
Avatar 1 moved from 1,0 to 1,1
Avatar locations: 0: (0, 4); 1: (1, 1); 2: (1, 0); 3: (1, 0); 4: (1, 0); 5: (1, 0); 6: (0, 5); 
Avatar 2 moved from 1,0 to 1,1
Avatar locations: 0: (0, 4); 1: (1, 1); 2: (1, 1); 3: (1, 0); 4: (1, 0); 5: (1, 0); 6: (0, 5); 
Avatar 3 moved from 1,0 to 1,1
Avatar locations: 0: (0, 4); 1: (1, 1); 2: (1, 1); 3: (1, 1); 4: (1, 0); 5: (1, 0); 6: (0, 5); 
Avatar 4 moved from 1,0 to 1,1
Avatar locations: 0: (0, 4); 1: (1, 1); 2: (1, 1); 3: (1, 1); 4: (1, 1); 5: (1, 0); 6: (0, 5); 
Avatar 5 moved from 1,0 to 1,1
Avatar locations: 0: (0, 4); 1: (1, 1); 2: (1, 1); 3: (1, 1); 4: (1, 1); 5: (1, 1); 6: (0, 5); 
Avatar 6 moved from 0,5 to 0,4
Avatar locations: 0: (0, 4); 1: (1, 1); 2: (1, 1); 3: (1, 1); 4: (1, 1); 5: (1, 1); 6: (0, 4); 
Avatar 0 moved from 0,4 to 0,3
Avatar locations: 0: (0, 3); 1: (1, 1); 2: (1, 1); 3: (1, 1); 4: (1, 1); 5: (1, 1); 6: (0, 4); 
Avatar 1 moved from 1,1 to 1,2
Avatar locations: 0: (0, 3); 1: (1, 2); 2: (1, 1); 3: (1, 1); 4: (1, 1); 5: (1, 1); 6: (0, 4); 
Avatar 2 moved from 1,1 to 1,2
Avatar locations: 0: (0, 3); 1: (1, 2); 2: (1, 2); 3: (1, 1); 4: (1, 1); 5: (1, 1); 6: (0, 4); 
Avatar 3 moved from 1,1 to 1,2
Avatar locations: 0: (0, 3); 1: (1, 2); 2: (1, 2); 3: (1, 2); 4: (1, 1); 5: (1, 1); 6: (0, 4); 
Avatar 4 moved from 1,1 to 1,2
Avatar locations: 0: (0, 3); 1: (1, 2); 2: (1, 2); 3: (1, 2); 4: (1, 2); 5: (1, 1); 6: (0, 4); 
Avatar 5 moved from 1,1 to 1,2
Avatar locations: 0: (0, 3); 1: (1, 2); 2: (1, 2); 3: (1, 2); 4: (1, 2); 5: (1, 2); 6: (0, 4); 
Avatar 6 moved from 0,4 to 0,3
Avatar locations: 0: (0, 3); 1: (1, 2); 2: (1, 2); 3: (1, 2); 4: (1, 2); 5: (1, 2); 6: (0, 3); 
Avatar 0 moved from 0,3 to 0,2
Avatar locations: 0: (0, 2); 1: (1, 2); 2: (1, 2); 3: (1, 2); 4: (1, 2); 5: (1, 2); 6: (0, 3); 
Avatar 1 moved from 1,2 to 0,2
Avatar locations: 0: (0, 2); 1: (0, 2); 2: (1, 2); 3: (1, 2); 4: (1, 2); 5: (1, 2); 6: (0, 3); 
Avatar 2 moved from 1,2 to 0,2
Avatar locations: 0: (0, 2); 1: (0, 2); 2: (0, 2); 3: (1, 2); 4: (1, 2); 5: (1, 2); 6: (0, 3); 
Avatar 3 moved from 1,2 to 0,2
Avatar locations: 0: (0, 2); 1: (0, 2); 2: (0, 2); 3: (0, 2); 4: (1, 2); 5: (1, 2); 6: (0, 3); 
Avatar 4 moved from 1,2 to 0,2
Avatar locations: 0: (0, 2); 1: (0, 2); 2: (0, 2); 3: (0, 2); 4: (0, 2); 5: (1, 2); 6: (0, 3); 
Avatar 5 moved from 1,2 to 0,2
Avatar locations: 0: (0, 2); 1: (0, 2); 2: (0, 2); 3: (0, 2); 4: (0, 2); 5: (0, 2); 6: (0, 3); 
7, 1, 251, 61289321
