$benmatejka 40369 Mon Mar  9 21:15:56 2020
Inserted avatar 0 at 5,19
Avatar locations: 0: (5, 19); 
Inserted avatar 1 at 5,12
Avatar locations: 0: (5, 19); 1: (5, 12); 
Inserted avatar 2 at 10,18
Avatar locations: 0: (5, 19); 1: (5, 12); 2: (10, 18); 
avatar 0 ran into north wall at 5,19
Avatar locations: 0: (5, 19); 1: (5, 12); 2: (10, 18); 
avatar 1 ran into east wall at 5,12
Avatar locations: 0: (5, 19); 1: (5, 12); 2: (10, 18); 
Avatar 2 moved from 10,18 to 9,18
Avatar locations: 0: (5, 19); 1: (5, 12); 2: (9, 18); 
avatar 0 ran into east wall at 5,19
Avatar locations: 0: (5, 19); 1: (5, 12); 2: (9, 18); 
Avatar 1 moved from 5,12 to 5,13
Avatar locations: 0: (5, 19); 1: (5, 13); 2: (9, 18); 
avatar 2 ran into west wall at 9,18
Avatar locations: 0: (5, 19); 1: (5, 13); 2: (9, 18); 
Avatar 0 moved from 5,19 to 4,19
Avatar locations: 0: (4, 19); 1: (5, 13); 2: (9, 18); 
Avatar 1 moved from 5,13 to 6,13
Avatar locations: 0: (4, 19); 1: (6, 13); 2: (9, 18); 
avatar 2 ran into north wall at 9,18
Avatar locations: 0: (4, 19); 1: (6, 13); 2: (9, 18); 
Avatar 0 moved from 4,19 to 4,18
Avatar locations: 0: (4, 18); 1: (6, 13); 2: (9, 18); 
avatar 1 ran into south wall at 6,13
Avatar locations: 0: (4, 18); 1: (6, 13); 2: (9, 18); 
Avatar 2 moved from 9,18 to 9,19
Avatar locations: 0: (4, 18); 1: (6, 13); 2: (9, 19); 
avatar 0 ran into north wall at 4,18
Avatar locations: 0: (4, 18); 1: (6, 13); 2: (9, 19); 
Avatar 1 moved from 6,13 to 6,12
Avatar locations: 0: (4, 18); 1: (6, 12); 2: (9, 19); 
Avatar 2 moved from 9,19 to 8,19
Avatar locations: 0: (4, 18); 1: (6, 12); 2: (8, 19); 
Avatar 0 moved from 4,18 to 5,18
Avatar locations: 0: (5, 18); 1: (6, 12); 2: (8, 19); 
avatar 1 ran into north wall at 6,12
Avatar locations: 0: (5, 18); 1: (6, 12); 2: (8, 19); 
avatar 2 ran into west wall at 8,19
Avatar locations: 0: (5, 18); 1: (6, 12); 2: (8, 19); 
avatar 0 ran into north wall at 5,18
Avatar locations: 0: (5, 18); 1: (6, 12); 2: (8, 19); 
Avatar 1 moved from 6,12 to 7,12
Avatar locations: 0: (5, 18); 1: (7, 12); 2: (8, 19); 
Avatar 2 moved from 8,19 to 8,18
Avatar locations: 0: (5, 18); 1: (7, 12); 2: (8, 18); 
Avatar 0 moved from 5,18 to 6,18
Avatar locations: 0: (6, 18); 1: (7, 12); 2: (8, 18); 
Avatar 1 moved from 7,12 to 7,13
Avatar locations: 0: (6, 18); 1: (7, 13); 2: (8, 18); 
avatar 2 ran into west wall at 8,18
Avatar locations: 0: (6, 18); 1: (7, 13); 2: (8, 18); 
Avatar 0 moved from 6,18 to 6,17
Avatar locations: 0: (6, 17); 1: (7, 13); 2: (8, 18); 
avatar 1 ran into west wall at 7,13
Avatar locations: 0: (6, 17); 1: (7, 13); 2: (8, 18); 
Avatar 2 moved from 8,18 to 8,17
Avatar locations: 0: (6, 17); 1: (7, 13); 2: (8, 17); 
avatar 0 ran into north wall at 6,17
Avatar locations: 0: (6, 17); 1: (7, 13); 2: (8, 17); 
Avatar 1 moved from 7,13 to 7,14
Avatar locations: 0: (6, 17); 1: (7, 14); 2: (8, 17); 
Avatar 2 moved from 8,17 to 7,17
Avatar locations: 0: (6, 17); 1: (7, 14); 2: (7, 17); 
avatar 0 ran into west wall at 6,17
Avatar locations: 0: (6, 17); 1: (7, 14); 2: (7, 17); 
Avatar 1 moved from 7,14 to 6,14
Avatar locations: 0: (6, 17); 1: (6, 14); 2: (7, 17); 
avatar 2 ran into west wall at 7,17
Avatar locations: 0: (6, 17); 1: (6, 14); 2: (7, 17); 
Avatar 0 moved from 6,17 to 6,18
Avatar locations: 0: (6, 18); 1: (6, 14); 2: (7, 17); 
avatar 1 ran into south wall at 6,14
Avatar locations: 0: (6, 18); 1: (6, 14); 2: (7, 17); 
avatar 2 ran into north wall at 7,17
Avatar locations: 0: (6, 18); 1: (6, 14); 2: (7, 17); 
avatar 0 ran into east wall at 6,18
Avatar locations: 0: (6, 18); 1: (6, 14); 2: (7, 17); 
Avatar 1 moved from 6,14 to 5,14
Avatar locations: 0: (6, 18); 1: (5, 14); 2: (7, 17); 
Avatar 2 moved from 7,17 to 7,18
Avatar locations: 0: (6, 18); 1: (5, 14); 2: (7, 18); 
Avatar 0 moved from 6,18 to 6,19
Avatar locations: 0: (6, 19); 1: (5, 14); 2: (7, 18); 
avatar 1 ran into south wall at 5,14
Avatar locations: 0: (6, 19); 1: (5, 14); 2: (7, 18); 
Avatar 2 moved from 7,18 to 7,19
Avatar locations: 0: (6, 19); 1: (5, 14); 2: (7, 19); 
Avatar 0 moved from 6,19 to 7,19
Avatar locations: 0: (7, 19); 1: (5, 14); 2: (7, 19); 
Avatar 1 moved from 5,14 to 4,14
Avatar locations: 0: (7, 19); 1: (4, 14); 2: (7, 19); 
Avatar 2 stayed at 7,19
Avatar locations: 0: (7, 19); 1: (4, 14); 2: (7, 19); 
Avatar 0 moved from 7,19 to 6,19
Avatar locations: 0: (6, 19); 1: (4, 14); 2: (7, 19); 
Avatar 1 moved from 4,14 to 4,15
Avatar locations: 0: (6, 19); 1: (4, 15); 2: (7, 19); 
Avatar 2 moved from 7,19 to 6,19
Avatar locations: 0: (6, 19); 1: (4, 15); 2: (6, 19); 
Avatar 0 moved from 6,19 to 6,18
Avatar locations: 0: (6, 18); 1: (4, 15); 2: (6, 19); 
Avatar 1 moved from 4,15 to 5,15
Avatar locations: 0: (6, 18); 1: (5, 15); 2: (6, 19); 
Avatar 2 moved from 6,19 to 6,18
Avatar locations: 0: (6, 18); 1: (5, 15); 2: (6, 18); 
Avatar 0 moved from 6,18 to 5,18
Avatar locations: 0: (5, 18); 1: (5, 15); 2: (6, 18); 
Avatar 1 moved from 5,15 to 6,15
Avatar locations: 0: (5, 18); 1: (6, 15); 2: (6, 18); 
Avatar 2 moved from 6,18 to 5,18
Avatar locations: 0: (5, 18); 1: (6, 15); 2: (5, 18); 
Avatar 0 moved from 5,18 to 6,18
Avatar locations: 0: (6, 18); 1: (6, 15); 2: (5, 18); 
avatar 1 ran into south wall at 6,15
Avatar locations: 0: (6, 18); 1: (6, 15); 2: (5, 18); 
Avatar 2 moved from 5,18 to 6,18
Avatar locations: 0: (6, 18); 1: (6, 15); 2: (6, 18); 
Avatar 0 moved from 6,18 to 5,18
Avatar locations: 0: (5, 18); 1: (6, 15); 2: (6, 18); 
Avatar 1 moved from 6,15 to 7,15
Avatar locations: 0: (5, 18); 1: (7, 15); 2: (6, 18); 
Avatar 2 moved from 6,18 to 5,18
Avatar locations: 0: (5, 18); 1: (7, 15); 2: (5, 18); 
Avatar 0 moved from 5,18 to 6,18
Avatar locations: 0: (6, 18); 1: (7, 15); 2: (5, 18); 
avatar 1 ran into south wall at 7,15
Avatar locations: 0: (6, 18); 1: (7, 15); 2: (5, 18); 
Avatar 2 moved from 5,18 to 6,18
Avatar locations: 0: (6, 18); 1: (7, 15); 2: (6, 18); 
Avatar 0 moved from 6,18 to 5,18
Avatar locations: 0: (5, 18); 1: (7, 15); 2: (6, 18); 
avatar 1 ran into north wall at 7,15
Avatar locations: 0: (5, 18); 1: (7, 15); 2: (6, 18); 
Avatar 2 moved from 6,18 to 5,18
Avatar locations: 0: (5, 18); 1: (7, 15); 2: (5, 18); 
Avatar 0 moved from 5,18 to 6,18
Avatar locations: 0: (6, 18); 1: (7, 15); 2: (5, 18); 
Avatar 1 moved from 7,15 to 8,15
Avatar locations: 0: (6, 18); 1: (8, 15); 2: (5, 18); 
Avatar 2 moved from 5,18 to 6,18
Avatar locations: 0: (6, 18); 1: (8, 15); 2: (6, 18); 
Avatar 0 moved from 6,18 to 5,18
Avatar locations: 0: (5, 18); 1: (8, 15); 2: (6, 18); 
Avatar 1 moved from 8,15 to 8,16
Avatar locations: 0: (5, 18); 1: (8, 16); 2: (6, 18); 
Avatar 2 moved from 6,18 to 5,18
Avatar locations: 0: (5, 18); 1: (8, 16); 2: (5, 18); 
Avatar 0 moved from 5,18 to 6,18
Avatar locations: 0: (6, 18); 1: (8, 16); 2: (5, 18); 
Avatar 1 moved from 8,16 to 7,16
Avatar locations: 0: (6, 18); 1: (7, 16); 2: (5, 18); 
Avatar 2 moved from 5,18 to 6,18
Avatar locations: 0: (6, 18); 1: (7, 16); 2: (6, 18); 
Avatar 0 moved from 6,18 to 5,18
Avatar locations: 0: (5, 18); 1: (7, 16); 2: (6, 18); 
Avatar 1 moved from 7,16 to 6,16
Avatar locations: 0: (5, 18); 1: (6, 16); 2: (6, 18); 
Avatar 2 moved from 6,18 to 5,18
Avatar locations: 0: (5, 18); 1: (6, 16); 2: (5, 18); 
Avatar 0 moved from 5,18 to 6,18
Avatar locations: 0: (6, 18); 1: (6, 16); 2: (5, 18); 
Avatar 1 moved from 6,16 to 5,16
Avatar locations: 0: (6, 18); 1: (5, 16); 2: (5, 18); 
Avatar 2 moved from 5,18 to 6,18
Avatar locations: 0: (6, 18); 1: (5, 16); 2: (6, 18); 
Avatar 0 moved from 6,18 to 5,18
Avatar locations: 0: (5, 18); 1: (5, 16); 2: (6, 18); 
Avatar 1 moved from 5,16 to 5,17
Avatar locations: 0: (5, 18); 1: (5, 17); 2: (6, 18); 
Avatar 2 moved from 6,18 to 5,18
Avatar locations: 0: (5, 18); 1: (5, 17); 2: (5, 18); 
Avatar 0 moved from 5,18 to 4,18
Avatar locations: 0: (4, 18); 1: (5, 17); 2: (5, 18); 
Avatar 1 moved from 5,17 to 4,17
Avatar locations: 0: (4, 18); 1: (4, 17); 2: (5, 18); 
Avatar 2 moved from 5,18 to 4,18
Avatar locations: 0: (4, 18); 1: (4, 17); 2: (4, 18); 
avatar 0 ran into west wall at 4,18
Avatar locations: 0: (4, 18); 1: (4, 17); 2: (4, 18); 
Avatar 1 moved from 4,17 to 3,17
Avatar locations: 0: (4, 18); 1: (3, 17); 2: (4, 18); 
Avatar 2 stayed at 4,18
Avatar locations: 0: (4, 18); 1: (3, 17); 2: (4, 18); 
Avatar 0 moved from 4,18 to 5,18
Avatar locations: 0: (5, 18); 1: (3, 17); 2: (4, 18); 
Avatar 1 moved from 3,17 to 3,18
Avatar locations: 0: (5, 18); 1: (3, 18); 2: (4, 18); 
Avatar 2 moved from 4,18 to 5,18
Avatar locations: 0: (5, 18); 1: (3, 18); 2: (5, 18); 
Avatar 0 moved from 5,18 to 4,18
Avatar locations: 0: (4, 18); 1: (3, 18); 2: (5, 18); 
avatar 1 ran into west wall at 3,18
Avatar locations: 0: (4, 18); 1: (3, 18); 2: (5, 18); 
Avatar 2 moved from 5,18 to 4,18
Avatar locations: 0: (4, 18); 1: (3, 18); 2: (4, 18); 
Avatar 0 moved from 4,18 to 5,18
Avatar locations: 0: (5, 18); 1: (3, 18); 2: (4, 18); 
Avatar 1 moved from 3,18 to 3,19
Avatar locations: 0: (5, 18); 1: (3, 19); 2: (4, 18); 
Avatar 2 moved from 4,18 to 5,18
Avatar locations: 0: (5, 18); 1: (3, 19); 2: (5, 18); 
Avatar 0 moved from 5,18 to 6,18
Avatar locations: 0: (6, 18); 1: (3, 19); 2: (5, 18); 
avatar 1 ran into east wall at 3,19
Avatar locations: 0: (6, 18); 1: (3, 19); 2: (5, 18); 
Avatar 2 moved from 5,18 to 6,18
Avatar locations: 0: (6, 18); 1: (3, 19); 2: (6, 18); 
Avatar 0 moved from 6,18 to 6,19
Avatar locations: 0: (6, 19); 1: (3, 19); 2: (6, 18); 
Avatar 1 moved from 3,19 to 2,19
Avatar locations: 0: (6, 19); 1: (2, 19); 2: (6, 18); 
Avatar 2 moved from 6,18 to 6,19
Avatar locations: 0: (6, 19); 1: (2, 19); 2: (6, 19); 
Avatar 0 moved from 6,19 to 7,19
Avatar locations: 0: (7, 19); 1: (2, 19); 2: (6, 19); 
Avatar 1 moved from 2,19 to 1,19
Avatar locations: 0: (7, 19); 1: (1, 19); 2: (6, 19); 
Avatar 2 moved from 6,19 to 7,19
Avatar locations: 0: (7, 19); 1: (1, 19); 2: (7, 19); 
Avatar 0 moved from 7,19 to 7,18
Avatar locations: 0: (7, 18); 1: (1, 19); 2: (7, 19); 
avatar 1 ran into west wall at 1,19
Avatar locations: 0: (7, 18); 1: (1, 19); 2: (7, 19); 
Avatar 2 moved from 7,19 to 7,18
Avatar locations: 0: (7, 18); 1: (1, 19); 2: (7, 18); 
Avatar 0 moved from 7,18 to 7,17
Avatar locations: 0: (7, 17); 1: (1, 19); 2: (7, 18); 
Avatar 1 moved from 1,19 to 1,18
Avatar locations: 0: (7, 17); 1: (1, 18); 2: (7, 18); 
Avatar 2 moved from 7,18 to 7,17
Avatar locations: 0: (7, 17); 1: (1, 18); 2: (7, 17); 
Avatar 0 moved from 7,17 to 8,17
Avatar locations: 0: (8, 17); 1: (1, 18); 2: (7, 17); 
Avatar 1 moved from 1,18 to 1,17
Avatar locations: 0: (8, 17); 1: (1, 17); 2: (7, 17); 
Avatar 2 moved from 7,17 to 8,17
Avatar locations: 0: (8, 17); 1: (1, 17); 2: (8, 17); 
avatar 0 ran into north wall at 8,17
Avatar locations: 0: (8, 17); 1: (1, 17); 2: (8, 17); 
avatar 1 ran into east wall at 1,17
Avatar locations: 0: (8, 17); 1: (1, 17); 2: (8, 17); 
Avatar 2 stayed at 8,17
Avatar locations: 0: (8, 17); 1: (1, 17); 2: (8, 17); 
Avatar 0 moved from 8,17 to 9,17
Avatar locations: 0: (9, 17); 1: (1, 17); 2: (8, 17); 
avatar 1 ran into west wall at 1,17
Avatar locations: 0: (9, 17); 1: (1, 17); 2: (8, 17); 
Avatar 2 moved from 8,17 to 9,17
Avatar locations: 0: (9, 17); 1: (1, 17); 2: (9, 17); 
Avatar 0 moved from 9,17 to 9,16
Avatar locations: 0: (9, 16); 1: (1, 17); 2: (9, 17); 
Avatar 1 moved from 1,17 to 1,16
Avatar locations: 0: (9, 16); 1: (1, 16); 2: (9, 17); 
Avatar 2 moved from 9,17 to 9,16
Avatar locations: 0: (9, 16); 1: (1, 16); 2: (9, 16); 
avatar 0 ran into west wall at 9,16
Avatar locations: 0: (9, 16); 1: (1, 16); 2: (9, 16); 
avatar 1 ran into east wall at 1,16
Avatar locations: 0: (9, 16); 1: (1, 16); 2: (9, 16); 
Avatar 2 stayed at 9,16
Avatar locations: 0: (9, 16); 1: (1, 16); 2: (9, 16); 
Avatar 0 moved from 9,16 to 9,15
Avatar locations: 0: (9, 15); 1: (1, 16); 2: (9, 16); 
Avatar 1 moved from 1,16 to 0,16
Avatar locations: 0: (9, 15); 1: (0, 16); 2: (9, 16); 
Avatar 2 moved from 9,16 to 9,15
Avatar locations: 0: (9, 15); 1: (0, 16); 2: (9, 15); 
avatar 0 ran into west wall at 9,15
Avatar locations: 0: (9, 15); 1: (0, 16); 2: (9, 15); 
Avatar 1 moved from 0,16 to 0,15
Avatar locations: 0: (9, 15); 1: (0, 15); 2: (9, 15); 
Avatar 2 stayed at 9,15
Avatar locations: 0: (9, 15); 1: (0, 15); 2: (9, 15); 
Avatar 0 moved from 9,15 to 9,14
Avatar locations: 0: (9, 14); 1: (0, 15); 2: (9, 15); 
avatar 1 ran into east wall at 0,15
Avatar locations: 0: (9, 14); 1: (0, 15); 2: (9, 15); 
Avatar 2 moved from 9,15 to 9,14
Avatar locations: 0: (9, 14); 1: (0, 15); 2: (9, 14); 
avatar 0 ran into west wall at 9,14
Avatar locations: 0: (9, 14); 1: (0, 15); 2: (9, 14); 
Avatar 1 moved from 0,15 to 0,14
Avatar locations: 0: (9, 14); 1: (0, 14); 2: (9, 14); 
Avatar 2 stayed at 9,14
Avatar locations: 0: (9, 14); 1: (0, 14); 2: (9, 14); 
Avatar 0 moved from 9,14 to 9,13
Avatar locations: 0: (9, 13); 1: (0, 14); 2: (9, 14); 
Avatar 1 moved from 0,14 to 1,14
Avatar locations: 0: (9, 13); 1: (1, 14); 2: (9, 14); 
Avatar 2 moved from 9,14 to 9,13
Avatar locations: 0: (9, 13); 1: (1, 14); 2: (9, 13); 
Avatar 0 moved from 9,13 to 8,13
Avatar locations: 0: (8, 13); 1: (1, 14); 2: (9, 13); 
Avatar 1 moved from 1,14 to 1,13
Avatar locations: 0: (8, 13); 1: (1, 13); 2: (9, 13); 
Avatar 2 moved from 9,13 to 8,13
Avatar locations: 0: (8, 13); 1: (1, 13); 2: (8, 13); 
avatar 0 ran into west wall at 8,13
Avatar locations: 0: (8, 13); 1: (1, 13); 2: (8, 13); 
avatar 1 ran into east wall at 1,13
Avatar locations: 0: (8, 13); 1: (1, 13); 2: (8, 13); 
Avatar 2 stayed at 8,13
Avatar locations: 0: (8, 13); 1: (1, 13); 2: (8, 13); 
Avatar 0 moved from 8,13 to 8,14
Avatar locations: 0: (8, 14); 1: (1, 13); 2: (8, 13); 
avatar 1 ran into west wall at 1,13
Avatar locations: 0: (8, 14); 1: (1, 13); 2: (8, 13); 
Avatar 2 moved from 8,13 to 8,14
Avatar locations: 0: (8, 14); 1: (1, 13); 2: (8, 14); 
avatar 0 ran into west wall at 8,14
Avatar locations: 0: (8, 14); 1: (1, 13); 2: (8, 14); 
Avatar 1 moved from 1,13 to 1,12
Avatar locations: 0: (8, 14); 1: (1, 12); 2: (8, 14); 
Avatar 2 stayed at 8,14
Avatar locations: 0: (8, 14); 1: (1, 12); 2: (8, 14); 
avatar 0 ran into south wall at 8,14
Avatar locations: 0: (8, 14); 1: (1, 12); 2: (8, 14); 
avatar 1 ran into east wall at 1,12
Avatar locations: 0: (8, 14); 1: (1, 12); 2: (8, 14); 
Avatar 2 stayed at 8,14
Avatar locations: 0: (8, 14); 1: (1, 12); 2: (8, 14); 
Avatar 0 moved from 8,14 to 8,13
Avatar locations: 0: (8, 13); 1: (1, 12); 2: (8, 14); 
Avatar 1 moved from 1,12 to 0,12
Avatar locations: 0: (8, 13); 1: (0, 12); 2: (8, 14); 
Avatar 2 moved from 8,14 to 8,13
Avatar locations: 0: (8, 13); 1: (0, 12); 2: (8, 13); 
Avatar 0 moved from 8,13 to 8,12
Avatar locations: 0: (8, 12); 1: (0, 12); 2: (8, 13); 
Avatar 1 moved from 0,12 to 0,11
Avatar locations: 0: (8, 12); 1: (0, 11); 2: (8, 13); 
Avatar 2 moved from 8,13 to 8,12
Avatar locations: 0: (8, 12); 1: (0, 11); 2: (8, 12); 
avatar 0 ran into west wall at 8,12
Avatar locations: 0: (8, 12); 1: (0, 11); 2: (8, 12); 
Avatar 1 moved from 0,11 to 1,11
Avatar locations: 0: (8, 12); 1: (1, 11); 2: (8, 12); 
Avatar 2 stayed at 8,12
Avatar locations: 0: (8, 12); 1: (1, 11); 2: (8, 12); 
avatar 0 ran into north wall at 8,12
Avatar locations: 0: (8, 12); 1: (1, 11); 2: (8, 12); 
avatar 1 ran into east wall at 1,11
Avatar locations: 0: (8, 12); 1: (1, 11); 2: (8, 12); 
Avatar 2 stayed at 8,12
Avatar locations: 0: (8, 12); 1: (1, 11); 2: (8, 12); 
avatar 0 ran into east wall at 8,12
Avatar locations: 0: (8, 12); 1: (1, 11); 2: (8, 12); 
avatar 1 ran into south wall at 1,11
Avatar locations: 0: (8, 12); 1: (1, 11); 2: (8, 12); 
Avatar 2 stayed at 8,12
Avatar locations: 0: (8, 12); 1: (1, 11); 2: (8, 12); 
Avatar 0 moved from 8,12 to 8,13
Avatar locations: 0: (8, 13); 1: (1, 11); 2: (8, 12); 
Avatar 1 moved from 1,11 to 1,10
Avatar locations: 0: (8, 13); 1: (1, 10); 2: (8, 12); 
Avatar 2 moved from 8,12 to 8,13
Avatar locations: 0: (8, 13); 1: (1, 10); 2: (8, 13); 
Avatar 0 moved from 8,13 to 9,13
Avatar locations: 0: (9, 13); 1: (1, 10); 2: (8, 13); 
avatar 1 ran into east wall at 1,10
Avatar locations: 0: (9, 13); 1: (1, 10); 2: (8, 13); 
Avatar 2 moved from 8,13 to 9,13
Avatar locations: 0: (9, 13); 1: (1, 10); 2: (9, 13); 
avatar 0 ran into north wall at 9,13
Avatar locations: 0: (9, 13); 1: (1, 10); 2: (9, 13); 
Avatar 1 moved from 1,10 to 0,10
Avatar locations: 0: (9, 13); 1: (0, 10); 2: (9, 13); 
Avatar 2 stayed at 9,13
Avatar locations: 0: (9, 13); 1: (0, 10); 2: (9, 13); 
avatar 0 ran into east wall at 9,13
Avatar locations: 0: (9, 13); 1: (0, 10); 2: (9, 13); 
avatar 1 ran into south wall at 0,10
Avatar locations: 0: (9, 13); 1: (0, 10); 2: (9, 13); 
Avatar 2 stayed at 9,13
Avatar locations: 0: (9, 13); 1: (0, 10); 2: (9, 13); 
Avatar 0 moved from 9,13 to 9,14
Avatar locations: 0: (9, 14); 1: (0, 10); 2: (9, 13); 
Avatar 1 moved from 0,10 to 0,9
Avatar locations: 0: (9, 14); 1: (0, 9); 2: (9, 13); 
Avatar 2 moved from 9,13 to 9,14
Avatar locations: 0: (9, 14); 1: (0, 9); 2: (9, 14); 
Avatar 0 moved from 9,14 to 10,14
Avatar locations: 0: (10, 14); 1: (0, 9); 2: (9, 14); 
avatar 1 ran into east wall at 0,9
Avatar locations: 0: (10, 14); 1: (0, 9); 2: (9, 14); 
Avatar 2 moved from 9,14 to 10,14
Avatar locations: 0: (10, 14); 1: (0, 9); 2: (10, 14); 
Avatar 0 moved from 10,14 to 10,15
Avatar locations: 0: (10, 15); 1: (0, 9); 2: (10, 14); 
Avatar 1 moved from 0,9 to 0,8
Avatar locations: 0: (10, 15); 1: (0, 8); 2: (10, 14); 
Avatar 2 moved from 10,14 to 10,15
Avatar locations: 0: (10, 15); 1: (0, 8); 2: (10, 15); 
avatar 0 ran into west wall at 10,15
Avatar locations: 0: (10, 15); 1: (0, 8); 2: (10, 15); 
Avatar 1 moved from 0,8 to 1,8
Avatar locations: 0: (10, 15); 1: (1, 8); 2: (10, 15); 
Avatar 2 stayed at 10,15
Avatar locations: 0: (10, 15); 1: (1, 8); 2: (10, 15); 
Avatar 0 moved from 10,15 to 10,16
Avatar locations: 0: (10, 16); 1: (1, 8); 2: (10, 15); 
Avatar 1 moved from 1,8 to 2,8
Avatar locations: 0: (10, 16); 1: (2, 8); 2: (10, 15); 
Avatar 2 moved from 10,15 to 10,16
Avatar locations: 0: (10, 16); 1: (2, 8); 2: (10, 16); 
avatar 0 ran into west wall at 10,16
Avatar locations: 0: (10, 16); 1: (2, 8); 2: (10, 16); 
Avatar 1 moved from 2,8 to 3,8
Avatar locations: 0: (10, 16); 1: (3, 8); 2: (10, 16); 
Avatar 2 stayed at 10,16
Avatar locations: 0: (10, 16); 1: (3, 8); 2: (10, 16); 
avatar 0 ran into east wall at 10,16
Avatar locations: 0: (10, 16); 1: (3, 8); 2: (10, 16); 
avatar 1 ran into east wall at 3,8
Avatar locations: 0: (10, 16); 1: (3, 8); 2: (10, 16); 
Avatar 2 stayed at 10,16
Avatar locations: 0: (10, 16); 1: (3, 8); 2: (10, 16); 
Avatar 0 moved from 10,16 to 10,17
Avatar locations: 0: (10, 17); 1: (3, 8); 2: (10, 16); 
avatar 1 ran into south wall at 3,8
Avatar locations: 0: (10, 17); 1: (3, 8); 2: (10, 16); 
Avatar 2 moved from 10,16 to 10,17
Avatar locations: 0: (10, 17); 1: (3, 8); 2: (10, 17); 
avatar 0 ran into west wall at 10,17
Avatar locations: 0: (10, 17); 1: (3, 8); 2: (10, 17); 
Avatar 1 moved from 3,8 to 3,7
Avatar locations: 0: (10, 17); 1: (3, 7); 2: (10, 17); 
Avatar 2 stayed at 10,17
Avatar locations: 0: (10, 17); 1: (3, 7); 2: (10, 17); 
avatar 0 ran into east wall at 10,17
Avatar locations: 0: (10, 17); 1: (3, 7); 2: (10, 17); 
avatar 1 ran into east wall at 3,7
Avatar locations: 0: (10, 17); 1: (3, 7); 2: (10, 17); 
Avatar 2 stayed at 10,17
Avatar locations: 0: (10, 17); 1: (3, 7); 2: (10, 17); 
avatar 0 ran into south wall at 10,17
Avatar locations: 0: (10, 17); 1: (3, 7); 2: (10, 17); 
Avatar 1 moved from 3,7 to 2,7
Avatar locations: 0: (10, 17); 1: (2, 7); 2: (10, 17); 
Avatar 2 stayed at 10,17
Avatar locations: 0: (10, 17); 1: (2, 7); 2: (10, 17); 
Avatar 0 moved from 10,17 to 10,16
Avatar locations: 0: (10, 16); 1: (2, 7); 2: (10, 17); 
avatar 1 ran into south wall at 2,7
Avatar locations: 0: (10, 16); 1: (2, 7); 2: (10, 17); 
Avatar 2 moved from 10,17 to 10,16
Avatar locations: 0: (10, 16); 1: (2, 7); 2: (10, 16); 
Avatar 0 moved from 10,16 to 10,15
Avatar locations: 0: (10, 15); 1: (2, 7); 2: (10, 16); 
Avatar 1 moved from 2,7 to 1,7
Avatar locations: 0: (10, 15); 1: (1, 7); 2: (10, 16); 
Avatar 2 moved from 10,16 to 10,15
Avatar locations: 0: (10, 15); 1: (1, 7); 2: (10, 15); 
Avatar 0 moved from 10,15 to 11,15
Avatar locations: 0: (11, 15); 1: (1, 7); 2: (10, 15); 
avatar 1 ran into south wall at 1,7
Avatar locations: 0: (11, 15); 1: (1, 7); 2: (10, 15); 
Avatar 2 moved from 10,15 to 11,15
Avatar locations: 0: (11, 15); 1: (1, 7); 2: (11, 15); 
avatar 0 ran into south wall at 11,15
Avatar locations: 0: (11, 15); 1: (1, 7); 2: (11, 15); 
avatar 1 ran into west wall at 1,7
Avatar locations: 0: (11, 15); 1: (1, 7); 2: (11, 15); 
Avatar 2 stayed at 11,15
Avatar locations: 0: (11, 15); 1: (1, 7); 2: (11, 15); 
avatar 0 ran into north wall at 11,15
Avatar locations: 0: (11, 15); 1: (1, 7); 2: (11, 15); 
Avatar 1 moved from 1,7 to 1,6
Avatar locations: 0: (11, 15); 1: (1, 6); 2: (11, 15); 
Avatar 2 stayed at 11,15
Avatar locations: 0: (11, 15); 1: (1, 6); 2: (11, 15); 
Avatar 0 moved from 11,15 to 12,15
Avatar locations: 0: (12, 15); 1: (1, 6); 2: (11, 15); 
avatar 1 ran into east wall at 1,6
Avatar locations: 0: (12, 15); 1: (1, 6); 2: (11, 15); 
Avatar 2 moved from 11,15 to 12,15
Avatar locations: 0: (12, 15); 1: (1, 6); 2: (12, 15); 
avatar 0 ran into south wall at 12,15
Avatar locations: 0: (12, 15); 1: (1, 6); 2: (12, 15); 
Avatar 1 moved from 1,6 to 0,6
Avatar locations: 0: (12, 15); 1: (0, 6); 2: (12, 15); 
Avatar 2 stayed at 12,15
Avatar locations: 0: (12, 15); 1: (0, 6); 2: (12, 15); 
Avatar 0 moved from 12,15 to 12,14
Avatar locations: 0: (12, 14); 1: (0, 6); 2: (12, 15); 
Avatar 1 moved from 0,6 to 0,7
Avatar locations: 0: (12, 14); 1: (0, 7); 2: (12, 15); 
Avatar 2 moved from 12,15 to 12,14
Avatar locations: 0: (12, 14); 1: (0, 7); 2: (12, 14); 
Avatar 0 moved from 12,14 to 11,14
Avatar locations: 0: (11, 14); 1: (0, 7); 2: (12, 14); 
avatar 1 ran into south wall at 0,7
Avatar locations: 0: (11, 14); 1: (0, 7); 2: (12, 14); 
Avatar 2 moved from 12,14 to 11,14
Avatar locations: 0: (11, 14); 1: (0, 7); 2: (11, 14); 
avatar 0 ran into west wall at 11,14
Avatar locations: 0: (11, 14); 1: (0, 7); 2: (11, 14); 
Avatar 1 moved from 0,7 to 0,6
Avatar locations: 0: (11, 14); 1: (0, 6); 2: (11, 14); 
Avatar 2 stayed at 11,14
Avatar locations: 0: (11, 14); 1: (0, 6); 2: (11, 14); 
avatar 0 ran into north wall at 11,14
Avatar locations: 0: (11, 14); 1: (0, 6); 2: (11, 14); 
Avatar 1 moved from 0,6 to 0,5
Avatar locations: 0: (11, 14); 1: (0, 5); 2: (11, 14); 
Avatar 2 stayed at 11,14
Avatar locations: 0: (11, 14); 1: (0, 5); 2: (11, 14); 
Avatar 0 moved from 11,14 to 12,14
Avatar locations: 0: (12, 14); 1: (0, 5); 2: (11, 14); 
Avatar 1 moved from 0,5 to 1,5
Avatar locations: 0: (12, 14); 1: (1, 5); 2: (11, 14); 
Avatar 2 moved from 11,14 to 12,14
Avatar locations: 0: (12, 14); 1: (1, 5); 2: (12, 14); 
avatar 0 ran into north wall at 12,14
Avatar locations: 0: (12, 14); 1: (1, 5); 2: (12, 14); 
Avatar 1 moved from 1,5 to 2,5
Avatar locations: 0: (12, 14); 1: (2, 5); 2: (12, 14); 
Avatar 2 stayed at 12,14
Avatar locations: 0: (12, 14); 1: (2, 5); 2: (12, 14); 
avatar 0 ran into east wall at 12,14
Avatar locations: 0: (12, 14); 1: (2, 5); 2: (12, 14); 
avatar 1 ran into east wall at 2,5
Avatar locations: 0: (12, 14); 1: (2, 5); 2: (12, 14); 
Avatar 2 stayed at 12,14
Avatar locations: 0: (12, 14); 1: (2, 5); 2: (12, 14); 
Avatar 0 moved from 12,14 to 12,15
Avatar locations: 0: (12, 15); 1: (2, 5); 2: (12, 14); 
avatar 1 ran into south wall at 2,5
Avatar locations: 0: (12, 15); 1: (2, 5); 2: (12, 14); 
Avatar 2 moved from 12,14 to 12,15
Avatar locations: 0: (12, 15); 1: (2, 5); 2: (12, 15); 
Avatar 0 moved from 12,15 to 13,15
Avatar locations: 0: (13, 15); 1: (2, 5); 2: (12, 15); 
Avatar 1 moved from 2,5 to 2,4
Avatar locations: 0: (13, 15); 1: (2, 4); 2: (12, 15); 
Avatar 2 moved from 12,15 to 13,15
Avatar locations: 0: (13, 15); 1: (2, 4); 2: (13, 15); 
avatar 0 ran into south wall at 13,15
Avatar locations: 0: (13, 15); 1: (2, 4); 2: (13, 15); 
avatar 1 ran into east wall at 2,4
Avatar locations: 0: (13, 15); 1: (2, 4); 2: (13, 15); 
Avatar 2 stayed at 13,15
Avatar locations: 0: (13, 15); 1: (2, 4); 2: (13, 15); 
avatar 0 ran into north wall at 13,15
Avatar locations: 0: (13, 15); 1: (2, 4); 2: (13, 15); 
Avatar 1 moved from 2,4 to 1,4
Avatar locations: 0: (13, 15); 1: (1, 4); 2: (13, 15); 
Avatar 2 stayed at 13,15
Avatar locations: 0: (13, 15); 1: (1, 4); 2: (13, 15); 
avatar 0 ran into east wall at 13,15
Avatar locations: 0: (13, 15); 1: (1, 4); 2: (13, 15); 
avatar 1 ran into south wall at 1,4
Avatar locations: 0: (13, 15); 1: (1, 4); 2: (13, 15); 
Avatar 2 stayed at 13,15
Avatar locations: 0: (13, 15); 1: (1, 4); 2: (13, 15); 
Avatar 0 moved from 13,15 to 12,15
Avatar locations: 0: (12, 15); 1: (1, 4); 2: (13, 15); 
Avatar 1 moved from 1,4 to 0,4
Avatar locations: 0: (12, 15); 1: (0, 4); 2: (13, 15); 
Avatar 2 moved from 13,15 to 12,15
Avatar locations: 0: (12, 15); 1: (0, 4); 2: (12, 15); 
Avatar 0 moved from 12,15 to 11,15
Avatar locations: 0: (11, 15); 1: (0, 4); 2: (12, 15); 
avatar 1 ran into south wall at 0,4
Avatar locations: 0: (11, 15); 1: (0, 4); 2: (12, 15); 
Avatar 2 moved from 12,15 to 11,15
Avatar locations: 0: (11, 15); 1: (0, 4); 2: (11, 15); 
Avatar 0 moved from 11,15 to 10,15
Avatar locations: 0: (10, 15); 1: (0, 4); 2: (11, 15); 
Avatar 1 moved from 0,4 to 0,3
Avatar locations: 0: (10, 15); 1: (0, 3); 2: (11, 15); 
Avatar 2 moved from 11,15 to 10,15
Avatar locations: 0: (10, 15); 1: (0, 3); 2: (10, 15); 
Avatar 0 moved from 10,15 to 10,14
Avatar locations: 0: (10, 14); 1: (0, 3); 2: (10, 15); 
Avatar 1 moved from 0,3 to 1,3
Avatar locations: 0: (10, 14); 1: (1, 3); 2: (10, 15); 
Avatar 2 moved from 10,15 to 10,14
Avatar locations: 0: (10, 14); 1: (1, 3); 2: (10, 14); 
avatar 0 ran into north wall at 10,14
Avatar locations: 0: (10, 14); 1: (1, 3); 2: (10, 14); 
avatar 1 ran into east wall at 1,3
Avatar locations: 0: (10, 14); 1: (1, 3); 2: (10, 14); 
Avatar 2 stayed at 10,14
Avatar locations: 0: (10, 14); 1: (1, 3); 2: (10, 14); 
Avatar 0 moved from 10,14 to 9,14
Avatar locations: 0: (9, 14); 1: (1, 3); 2: (10, 14); 
avatar 1 ran into south wall at 1,3
Avatar locations: 0: (9, 14); 1: (1, 3); 2: (10, 14); 
Avatar 2 moved from 10,14 to 9,14
Avatar locations: 0: (9, 14); 1: (1, 3); 2: (9, 14); 
Avatar 0 moved from 9,14 to 9,15
Avatar locations: 0: (9, 15); 1: (1, 3); 2: (9, 14); 
Avatar 1 moved from 1,3 to 1,2
Avatar locations: 0: (9, 15); 1: (1, 2); 2: (9, 14); 
Avatar 2 moved from 9,14 to 9,15
Avatar locations: 0: (9, 15); 1: (1, 2); 2: (9, 15); 
Avatar 0 moved from 9,15 to 9,16
Avatar locations: 0: (9, 16); 1: (1, 2); 2: (9, 15); 
avatar 1 ran into east wall at 1,2
Avatar locations: 0: (9, 16); 1: (1, 2); 2: (9, 15); 
Avatar 2 moved from 9,15 to 9,16
Avatar locations: 0: (9, 16); 1: (1, 2); 2: (9, 16); 
Avatar 0 moved from 9,16 to 9,17
Avatar locations: 0: (9, 17); 1: (1, 2); 2: (9, 16); 
avatar 1 ran into west wall at 1,2
Avatar locations: 0: (9, 17); 1: (1, 2); 2: (9, 16); 
Avatar 2 moved from 9,16 to 9,17
Avatar locations: 0: (9, 17); 1: (1, 2); 2: (9, 17); 
Avatar 0 moved from 9,17 to 8,17
Avatar locations: 0: (8, 17); 1: (1, 2); 2: (9, 17); 
Avatar 1 moved from 1,2 to 1,1
Avatar locations: 0: (8, 17); 1: (1, 1); 2: (9, 17); 
Avatar 2 moved from 9,17 to 8,17
Avatar locations: 0: (8, 17); 1: (1, 1); 2: (8, 17); 
Avatar 0 moved from 8,17 to 8,18
Avatar locations: 0: (8, 18); 1: (1, 1); 2: (8, 17); 
Avatar 1 moved from 1,1 to 2,1
Avatar locations: 0: (8, 18); 1: (2, 1); 2: (8, 17); 
Avatar 2 moved from 8,17 to 8,18
Avatar locations: 0: (8, 18); 1: (2, 1); 2: (8, 18); 
Avatar 0 moved from 8,18 to 8,19
Avatar locations: 0: (8, 19); 1: (2, 1); 2: (8, 18); 
avatar 1 ran into east wall at 2,1
Avatar locations: 0: (8, 19); 1: (2, 1); 2: (8, 18); 
Avatar 2 moved from 8,18 to 8,19
Avatar locations: 0: (8, 19); 1: (2, 1); 2: (8, 19); 
Avatar 0 moved from 8,19 to 9,19
Avatar locations: 0: (9, 19); 1: (2, 1); 2: (8, 19); 
Avatar 1 moved from 2,1 to 2,2
Avatar locations: 0: (9, 19); 1: (2, 2); 2: (8, 19); 
Avatar 2 moved from 8,19 to 9,19
Avatar locations: 0: (9, 19); 1: (2, 2); 2: (9, 19); 
avatar 0 ran into east wall at 9,19
Avatar locations: 0: (9, 19); 1: (2, 2); 2: (9, 19); 
Avatar 1 moved from 2,2 to 3,2
Avatar locations: 0: (9, 19); 1: (3, 2); 2: (9, 19); 
Avatar 2 stayed at 9,19
Avatar locations: 0: (9, 19); 1: (3, 2); 2: (9, 19); 
Avatar 0 moved from 9,19 to 9,18
Avatar locations: 0: (9, 18); 1: (3, 2); 2: (9, 19); 
avatar 1 ran into east wall at 3,2
Avatar locations: 0: (9, 18); 1: (3, 2); 2: (9, 19); 
Avatar 2 moved from 9,19 to 9,18
Avatar locations: 0: (9, 18); 1: (3, 2); 2: (9, 18); 
Avatar 0 moved from 9,18 to 10,18
Avatar locations: 0: (10, 18); 1: (3, 2); 2: (9, 18); 
avatar 1 ran into south wall at 3,2
Avatar locations: 0: (10, 18); 1: (3, 2); 2: (9, 18); 
Avatar 2 moved from 9,18 to 10,18
Avatar locations: 0: (10, 18); 1: (3, 2); 2: (10, 18); 
Avatar 0 moved from 10,18 to 11,18
Avatar locations: 0: (11, 18); 1: (3, 2); 2: (10, 18); 
Avatar 1 moved from 3,2 to 3,1
Avatar locations: 0: (11, 18); 1: (3, 1); 2: (10, 18); 
Avatar 2 moved from 10,18 to 11,18
Avatar locations: 0: (11, 18); 1: (3, 1); 2: (11, 18); 
avatar 0 ran into north wall at 11,18
Avatar locations: 0: (11, 18); 1: (3, 1); 2: (11, 18); 
avatar 1 ran into east wall at 3,1
Avatar locations: 0: (11, 18); 1: (3, 1); 2: (11, 18); 
Avatar 2 stayed at 11,18
Avatar locations: 0: (11, 18); 1: (3, 1); 2: (11, 18); 
Avatar 0 moved from 11,18 to 12,18
Avatar locations: 0: (12, 18); 1: (3, 1); 2: (11, 18); 
Avatar 1 moved from 3,1 to 3,0
Avatar locations: 0: (12, 18); 1: (3, 0); 2: (11, 18); 
Avatar 2 moved from 11,18 to 12,18
Avatar locations: 0: (12, 18); 1: (3, 0); 2: (12, 18); 
avatar 0 ran into north wall at 12,18
Avatar locations: 0: (12, 18); 1: (3, 0); 2: (12, 18); 
Avatar 1 moved from 3,0 to 4,0
Avatar locations: 0: (12, 18); 1: (4, 0); 2: (12, 18); 
Avatar 2 stayed at 12,18
Avatar locations: 0: (12, 18); 1: (4, 0); 2: (12, 18); 
avatar 0 ran into east wall at 12,18
Avatar locations: 0: (12, 18); 1: (4, 0); 2: (12, 18); 
Avatar 1 moved from 4,0 to 5,0
Avatar locations: 0: (12, 18); 1: (5, 0); 2: (12, 18); 
Avatar 2 stayed at 12,18
Avatar locations: 0: (12, 18); 1: (5, 0); 2: (12, 18); 
avatar 0 ran into south wall at 12,18
Avatar locations: 0: (12, 18); 1: (5, 0); 2: (12, 18); 
avatar 1 ran into east wall at 5,0
Avatar locations: 0: (12, 18); 1: (5, 0); 2: (12, 18); 
Avatar 2 stayed at 12,18
Avatar locations: 0: (12, 18); 1: (5, 0); 2: (12, 18); 
Avatar 0 moved from 12,18 to 11,18
Avatar locations: 0: (11, 18); 1: (5, 0); 2: (12, 18); 
Avatar 1 moved from 5,0 to 5,1
Avatar locations: 0: (11, 18); 1: (5, 1); 2: (12, 18); 
Avatar 2 moved from 12,18 to 11,18
Avatar locations: 0: (11, 18); 1: (5, 1); 2: (11, 18); 
avatar 0 ran into south wall at 11,18
Avatar locations: 0: (11, 18); 1: (5, 1); 2: (11, 18); 
Avatar 1 moved from 5,1 to 6,1
Avatar locations: 0: (11, 18); 1: (6, 1); 2: (11, 18); 
Avatar 2 stayed at 11,18
Avatar locations: 0: (11, 18); 1: (6, 1); 2: (11, 18); 
Avatar 0 moved from 11,18 to 10,18
Avatar locations: 0: (10, 18); 1: (6, 1); 2: (11, 18); 
avatar 1 ran into east wall at 6,1
Avatar locations: 0: (10, 18); 1: (6, 1); 2: (11, 18); 
Avatar 2 moved from 11,18 to 10,18
Avatar locations: 0: (10, 18); 1: (6, 1); 2: (10, 18); 
Avatar 0 moved from 10,18 to 10,19
Avatar locations: 0: (10, 19); 1: (6, 1); 2: (10, 18); 
avatar 1 ran into south wall at 6,1
Avatar locations: 0: (10, 19); 1: (6, 1); 2: (10, 18); 
Avatar 2 moved from 10,18 to 10,19
Avatar locations: 0: (10, 19); 1: (6, 1); 2: (10, 19); 
Avatar 0 moved from 10,19 to 11,19
Avatar locations: 0: (11, 19); 1: (6, 1); 2: (10, 19); 
Avatar 1 moved from 6,1 to 6,0
Avatar locations: 0: (11, 19); 1: (6, 0); 2: (10, 19); 
Avatar 2 moved from 10,19 to 11,19
Avatar locations: 0: (11, 19); 1: (6, 0); 2: (11, 19); 
Avatar 0 moved from 11,19 to 12,19
Avatar locations: 0: (12, 19); 1: (6, 0); 2: (11, 19); 
Avatar 1 moved from 6,0 to 7,0
Avatar locations: 0: (12, 19); 1: (7, 0); 2: (11, 19); 
Avatar 2 moved from 11,19 to 12,19
Avatar locations: 0: (12, 19); 1: (7, 0); 2: (12, 19); 
Avatar 0 moved from 12,19 to 13,19
Avatar locations: 0: (13, 19); 1: (7, 0); 2: (12, 19); 
Avatar 1 moved from 7,0 to 8,0
Avatar locations: 0: (13, 19); 1: (8, 0); 2: (12, 19); 
Avatar 2 moved from 12,19 to 13,19
Avatar locations: 0: (13, 19); 1: (8, 0); 2: (13, 19); 
avatar 0 ran into north wall at 13,19
Avatar locations: 0: (13, 19); 1: (8, 0); 2: (13, 19); 
Avatar 1 moved from 8,0 to 9,0
Avatar locations: 0: (13, 19); 1: (9, 0); 2: (13, 19); 
Avatar 2 stayed at 13,19
Avatar locations: 0: (13, 19); 1: (9, 0); 2: (13, 19); 
Avatar 0 moved from 13,19 to 14,19
Avatar locations: 0: (14, 19); 1: (9, 0); 2: (13, 19); 
avatar 1 ran into east wall at 9,0
Avatar locations: 0: (14, 19); 1: (9, 0); 2: (13, 19); 
Avatar 2 moved from 13,19 to 14,19
Avatar locations: 0: (14, 19); 1: (9, 0); 2: (14, 19); 
Avatar 0 moved from 14,19 to 14,18
Avatar locations: 0: (14, 18); 1: (9, 0); 2: (14, 19); 
Avatar 1 moved from 9,0 to 9,1
Avatar locations: 0: (14, 18); 1: (9, 1); 2: (14, 19); 
Avatar 2 moved from 14,19 to 14,18
Avatar locations: 0: (14, 18); 1: (9, 1); 2: (14, 18); 
Avatar 0 moved from 14,18 to 13,18
Avatar locations: 0: (13, 18); 1: (9, 1); 2: (14, 18); 
avatar 1 ran into east wall at 9,1
Avatar locations: 0: (13, 18); 1: (9, 1); 2: (14, 18); 
Avatar 2 moved from 14,18 to 13,18
Avatar locations: 0: (13, 18); 1: (9, 1); 2: (13, 18); 
Avatar 0 moved from 13,18 to 13,17
Avatar locations: 0: (13, 17); 1: (9, 1); 2: (13, 18); 
avatar 1 ran into south wall at 9,1
Avatar locations: 0: (13, 17); 1: (9, 1); 2: (13, 18); 
Avatar 2 moved from 13,18 to 13,17
Avatar locations: 0: (13, 17); 1: (9, 1); 2: (13, 17); 
Avatar 0 moved from 13,17 to 12,17
Avatar locations: 0: (12, 17); 1: (9, 1); 2: (13, 17); 
Avatar 1 moved from 9,1 to 8,1
Avatar locations: 0: (12, 17); 1: (8, 1); 2: (13, 17); 
Avatar 2 moved from 13,17 to 12,17
Avatar locations: 0: (12, 17); 1: (8, 1); 2: (12, 17); 
Avatar 0 moved from 12,17 to 11,17
Avatar locations: 0: (11, 17); 1: (8, 1); 2: (12, 17); 
Avatar 1 moved from 8,1 to 8,2
Avatar locations: 0: (11, 17); 1: (8, 2); 2: (12, 17); 
Avatar 2 moved from 12,17 to 11,17
Avatar locations: 0: (11, 17); 1: (8, 2); 2: (11, 17); 
Avatar 0 moved from 11,17 to 11,16
Avatar locations: 0: (11, 16); 1: (8, 2); 2: (11, 17); 
avatar 1 ran into east wall at 8,2
Avatar locations: 0: (11, 16); 1: (8, 2); 2: (11, 17); 
Avatar 2 moved from 11,17 to 11,16
Avatar locations: 0: (11, 16); 1: (8, 2); 2: (11, 16); 
Avatar 0 moved from 11,16 to 12,16
Avatar locations: 0: (12, 16); 1: (8, 2); 2: (11, 16); 
Avatar 1 moved from 8,2 to 8,3
Avatar locations: 0: (12, 16); 1: (8, 3); 2: (11, 16); 
Avatar 2 moved from 11,16 to 12,16
Avatar locations: 0: (12, 16); 1: (8, 3); 2: (12, 16); 
Avatar 0 moved from 12,16 to 13,16
Avatar locations: 0: (13, 16); 1: (8, 3); 2: (12, 16); 
Avatar 1 moved from 8,3 to 9,3
Avatar locations: 0: (13, 16); 1: (9, 3); 2: (12, 16); 
Avatar 2 moved from 12,16 to 13,16
Avatar locations: 0: (13, 16); 1: (9, 3); 2: (13, 16); 
Avatar 0 moved from 13,16 to 14,16
Avatar locations: 0: (14, 16); 1: (9, 3); 2: (13, 16); 
avatar 1 ran into east wall at 9,3
Avatar locations: 0: (14, 16); 1: (9, 3); 2: (13, 16); 
Avatar 2 moved from 13,16 to 14,16
Avatar locations: 0: (14, 16); 1: (9, 3); 2: (14, 16); 
Avatar 0 moved from 14,16 to 14,15
Avatar locations: 0: (14, 15); 1: (9, 3); 2: (14, 16); 
avatar 1 ran into south wall at 9,3
Avatar locations: 0: (14, 15); 1: (9, 3); 2: (14, 16); 
Avatar 2 moved from 14,16 to 14,15
Avatar locations: 0: (14, 15); 1: (9, 3); 2: (14, 15); 
Avatar 0 moved from 14,15 to 14,14
Avatar locations: 0: (14, 14); 1: (9, 3); 2: (14, 15); 
Avatar 1 moved from 9,3 to 9,2
Avatar locations: 0: (14, 14); 1: (9, 2); 2: (14, 15); 
Avatar 2 moved from 14,15 to 14,14
Avatar locations: 0: (14, 14); 1: (9, 2); 2: (14, 14); 
Avatar 0 moved from 14,14 to 13,14
Avatar locations: 0: (13, 14); 1: (9, 2); 2: (14, 14); 
Avatar 1 moved from 9,2 to 10,2
Avatar locations: 0: (13, 14); 1: (10, 2); 2: (14, 14); 
Avatar 2 moved from 14,14 to 13,14
Avatar locations: 0: (13, 14); 1: (10, 2); 2: (13, 14); 
Avatar 0 moved from 13,14 to 13,13
Avatar locations: 0: (13, 13); 1: (10, 2); 2: (13, 14); 
avatar 1 ran into east wall at 10,2
Avatar locations: 0: (13, 13); 1: (10, 2); 2: (13, 14); 
Avatar 2 moved from 13,14 to 13,13
Avatar locations: 0: (13, 13); 1: (10, 2); 2: (13, 13); 
avatar 0 ran into west wall at 13,13
Avatar locations: 0: (13, 13); 1: (10, 2); 2: (13, 13); 
avatar 1 ran into south wall at 10,2
Avatar locations: 0: (13, 13); 1: (10, 2); 2: (13, 13); 
Avatar 2 stayed at 13,13
Avatar locations: 0: (13, 13); 1: (10, 2); 2: (13, 13); 
Avatar 0 moved from 13,13 to 13,12
Avatar locations: 0: (13, 12); 1: (10, 2); 2: (13, 13); 
Avatar 1 moved from 10,2 to 10,1
Avatar locations: 0: (13, 12); 1: (10, 1); 2: (13, 13); 
Avatar 2 moved from 13,13 to 13,12
Avatar locations: 0: (13, 12); 1: (10, 1); 2: (13, 12); 
Avatar 0 moved from 13,12 to 12,12
Avatar locations: 0: (12, 12); 1: (10, 1); 2: (13, 12); 
Avatar 1 moved from 10,1 to 11,1
Avatar locations: 0: (12, 12); 1: (11, 1); 2: (13, 12); 
Avatar 2 moved from 13,12 to 12,12
Avatar locations: 0: (12, 12); 1: (11, 1); 2: (12, 12); 
avatar 0 ran into west wall at 12,12
Avatar locations: 0: (12, 12); 1: (11, 1); 2: (12, 12); 
Avatar 1 moved from 11,1 to 12,1
Avatar locations: 0: (12, 12); 1: (12, 1); 2: (12, 12); 
Avatar 2 stayed at 12,12
Avatar locations: 0: (12, 12); 1: (12, 1); 2: (12, 12); 
Avatar 0 moved from 12,12 to 12,13
Avatar locations: 0: (12, 13); 1: (12, 1); 2: (12, 12); 
avatar 1 ran into south wall at 12,1
Avatar locations: 0: (12, 13); 1: (12, 1); 2: (12, 12); 
Avatar 2 moved from 12,12 to 12,13
Avatar locations: 0: (12, 13); 1: (12, 1); 2: (12, 13); 
Avatar 0 moved from 12,13 to 11,13
Avatar locations: 0: (11, 13); 1: (12, 1); 2: (12, 13); 
avatar 1 ran into north wall at 12,1
Avatar locations: 0: (11, 13); 1: (12, 1); 2: (12, 13); 
Avatar 2 moved from 12,13 to 11,13
Avatar locations: 0: (11, 13); 1: (12, 1); 2: (11, 13); 
Avatar 0 moved from 11,13 to 10,13
Avatar locations: 0: (10, 13); 1: (12, 1); 2: (11, 13); 
Avatar 1 moved from 12,1 to 13,1
Avatar locations: 0: (10, 13); 1: (13, 1); 2: (11, 13); 
Avatar 2 moved from 11,13 to 10,13
Avatar locations: 0: (10, 13); 1: (13, 1); 2: (10, 13); 
Avatar 0 moved from 10,13 to 10,12
Avatar locations: 0: (10, 12); 1: (13, 1); 2: (10, 13); 
avatar 1 ran into south wall at 13,1
Avatar locations: 0: (10, 12); 1: (13, 1); 2: (10, 13); 
Avatar 2 moved from 10,13 to 10,12
Avatar locations: 0: (10, 12); 1: (13, 1); 2: (10, 12); 
Avatar 0 moved from 10,12 to 9,12
Avatar locations: 0: (9, 12); 1: (13, 1); 2: (10, 12); 
Avatar 1 moved from 13,1 to 13,0
Avatar locations: 0: (9, 12); 1: (13, 0); 2: (10, 12); 
Avatar 2 moved from 10,12 to 9,12
Avatar locations: 0: (9, 12); 1: (13, 0); 2: (9, 12); 
Avatar 0 moved from 9,12 to 9,11
Avatar locations: 0: (9, 11); 1: (13, 0); 2: (9, 12); 
Avatar 1 moved from 13,0 to 12,0
Avatar locations: 0: (9, 11); 1: (12, 0); 2: (9, 12); 
Avatar 2 moved from 9,12 to 9,11
Avatar locations: 0: (9, 11); 1: (12, 0); 2: (9, 11); 
Avatar 0 moved from 9,11 to 8,11
Avatar locations: 0: (8, 11); 1: (12, 0); 2: (9, 11); 
Avatar 1 moved from 12,0 to 11,0
Avatar locations: 0: (8, 11); 1: (11, 0); 2: (9, 11); 
Avatar 2 moved from 9,11 to 8,11
Avatar locations: 0: (8, 11); 1: (11, 0); 2: (8, 11); 
Avatar 0 moved from 8,11 to 7,11
Avatar locations: 0: (7, 11); 1: (11, 0); 2: (8, 11); 
Avatar 1 moved from 11,0 to 10,0
Avatar locations: 0: (7, 11); 1: (10, 0); 2: (8, 11); 
Avatar 2 moved from 8,11 to 7,11
Avatar locations: 0: (7, 11); 1: (10, 0); 2: (7, 11); 
avatar 0 ran into south wall at 7,11
Avatar locations: 0: (7, 11); 1: (10, 0); 2: (7, 11); 
avatar 1 ran into south wall at 10,0
Avatar locations: 0: (7, 11); 1: (10, 0); 2: (7, 11); 
Avatar 2 stayed at 7,11
Avatar locations: 0: (7, 11); 1: (10, 0); 2: (7, 11); 
avatar 0 ran into west wall at 7,11
Avatar locations: 0: (7, 11); 1: (10, 0); 2: (7, 11); 
Avatar 1 moved from 10,0 to 11,0
Avatar locations: 0: (7, 11); 1: (11, 0); 2: (7, 11); 
Avatar 2 stayed at 7,11
Avatar locations: 0: (7, 11); 1: (11, 0); 2: (7, 11); 
Avatar 0 moved from 7,11 to 7,10
Avatar locations: 0: (7, 10); 1: (11, 0); 2: (7, 11); 
avatar 1 ran into south wall at 11,0
Avatar locations: 0: (7, 10); 1: (11, 0); 2: (7, 11); 
Avatar 2 moved from 7,11 to 7,10
Avatar locations: 0: (7, 10); 1: (11, 0); 2: (7, 10); 
Avatar 0 moved from 7,10 to 6,10
Avatar locations: 0: (6, 10); 1: (11, 0); 2: (7, 10); 
Avatar 1 moved from 11,0 to 12,0
Avatar locations: 0: (6, 10); 1: (12, 0); 2: (7, 10); 
Avatar 2 moved from 7,10 to 6,10
Avatar locations: 0: (6, 10); 1: (12, 0); 2: (6, 10); 
Avatar 0 moved from 6,10 to 6,11
Avatar locations: 0: (6, 11); 1: (12, 0); 2: (6, 10); 
Avatar 1 moved from 12,0 to 13,0
Avatar locations: 0: (6, 11); 1: (13, 0); 2: (6, 10); 
Avatar 2 moved from 6,10 to 6,11
Avatar locations: 0: (6, 11); 1: (13, 0); 2: (6, 11); 
avatar 0 ran into west wall at 6,11
Avatar locations: 0: (6, 11); 1: (13, 0); 2: (6, 11); 
Avatar 1 moved from 13,0 to 14,0
Avatar locations: 0: (6, 11); 1: (14, 0); 2: (6, 11); 
Avatar 2 stayed at 6,11
Avatar locations: 0: (6, 11); 1: (14, 0); 2: (6, 11); 
Avatar 0 moved from 6,11 to 6,10
Avatar locations: 0: (6, 10); 1: (14, 0); 2: (6, 11); 
Avatar 1 moved from 14,0 to 14,1
Avatar locations: 0: (6, 10); 1: (14, 1); 2: (6, 11); 
Avatar 2 moved from 6,11 to 6,10
Avatar locations: 0: (6, 10); 1: (14, 1); 2: (6, 10); 
avatar 0 ran into west wall at 6,10
Avatar locations: 0: (6, 10); 1: (14, 1); 2: (6, 10); 
avatar 1 ran into west wall at 14,1
Avatar locations: 0: (6, 10); 1: (14, 1); 2: (6, 10); 
Avatar 2 stayed at 6,10
Avatar locations: 0: (6, 10); 1: (14, 1); 2: (6, 10); 
Avatar 0 moved from 6,10 to 6,9
Avatar locations: 0: (6, 9); 1: (14, 1); 2: (6, 10); 
Avatar 1 moved from 14,1 to 14,2
Avatar locations: 0: (6, 9); 1: (14, 2); 2: (6, 10); 
Avatar 2 moved from 6,10 to 6,9
Avatar locations: 0: (6, 9); 1: (14, 2); 2: (6, 9); 
Avatar 0 moved from 6,9 to 5,9
Avatar locations: 0: (5, 9); 1: (14, 2); 2: (6, 9); 
avatar 1 ran into west wall at 14,2
Avatar locations: 0: (5, 9); 1: (14, 2); 2: (6, 9); 
Avatar 2 moved from 6,9 to 5,9
Avatar locations: 0: (5, 9); 1: (14, 2); 2: (5, 9); 
avatar 0 ran into south wall at 5,9
Avatar locations: 0: (5, 9); 1: (14, 2); 2: (5, 9); 
Avatar 1 moved from 14,2 to 14,3
Avatar locations: 0: (5, 9); 1: (14, 3); 2: (5, 9); 
Avatar 2 stayed at 5,9
Avatar locations: 0: (5, 9); 1: (14, 3); 2: (5, 9); 
Avatar 0 moved from 5,9 to 4,9
Avatar locations: 0: (4, 9); 1: (14, 3); 2: (5, 9); 
Avatar 1 moved from 14,3 to 13,3
Avatar locations: 0: (4, 9); 1: (13, 3); 2: (5, 9); 
Avatar 2 moved from 5,9 to 4,9
Avatar locations: 0: (4, 9); 1: (13, 3); 2: (4, 9); 
avatar 0 ran into south wall at 4,9
Avatar locations: 0: (4, 9); 1: (13, 3); 2: (4, 9); 
avatar 1 ran into west wall at 13,3
Avatar locations: 0: (4, 9); 1: (13, 3); 2: (4, 9); 
Avatar 2 stayed at 4,9
Avatar locations: 0: (4, 9); 1: (13, 3); 2: (4, 9); 
avatar 0 ran into west wall at 4,9
Avatar locations: 0: (4, 9); 1: (13, 3); 2: (4, 9); 
Avatar 1 moved from 13,3 to 13,4
Avatar locations: 0: (4, 9); 1: (13, 4); 2: (4, 9); 
Avatar 2 stayed at 4,9
Avatar locations: 0: (4, 9); 1: (13, 4); 2: (4, 9); 
Avatar 0 moved from 4,9 to 4,8
Avatar locations: 0: (4, 8); 1: (13, 4); 2: (4, 9); 
Avatar 1 moved from 13,4 to 12,4
Avatar locations: 0: (4, 8); 1: (12, 4); 2: (4, 9); 
Avatar 2 moved from 4,9 to 4,8
Avatar locations: 0: (4, 8); 1: (12, 4); 2: (4, 8); 
Avatar 0 moved from 4,8 to 5,8
Avatar locations: 0: (5, 8); 1: (12, 4); 2: (4, 8); 
avatar 1 ran into west wall at 12,4
Avatar locations: 0: (5, 8); 1: (12, 4); 2: (4, 8); 
Avatar 2 moved from 4,8 to 5,8
Avatar locations: 0: (5, 8); 1: (12, 4); 2: (5, 8); 
avatar 0 ran into east wall at 5,8
Avatar locations: 0: (5, 8); 1: (12, 4); 2: (5, 8); 
avatar 1 ran into south wall at 12,4
Avatar locations: 0: (5, 8); 1: (12, 4); 2: (5, 8); 
Avatar 2 stayed at 5,8
Avatar locations: 0: (5, 8); 1: (12, 4); 2: (5, 8); 
avatar 0 ran into south wall at 5,8
Avatar locations: 0: (5, 8); 1: (12, 4); 2: (5, 8); 
Avatar 1 moved from 12,4 to 12,3
Avatar locations: 0: (5, 8); 1: (12, 3); 2: (5, 8); 
Avatar 2 stayed at 5,8
Avatar locations: 0: (5, 8); 1: (12, 3); 2: (5, 8); 
Avatar 0 moved from 5,8 to 5,7
Avatar locations: 0: (5, 7); 1: (12, 3); 2: (5, 8); 
Avatar 1 moved from 12,3 to 11,3
Avatar locations: 0: (5, 7); 1: (11, 3); 2: (5, 8); 
Avatar 2 moved from 5,8 to 5,7
Avatar locations: 0: (5, 7); 1: (11, 3); 2: (5, 7); 
avatar 0 ran into east wall at 5,7
Avatar locations: 0: (5, 7); 1: (11, 3); 2: (5, 7); 
Avatar 1 moved from 11,3 to 10,3
Avatar locations: 0: (5, 7); 1: (10, 3); 2: (5, 7); 
Avatar 2 stayed at 5,7
Avatar locations: 0: (5, 7); 1: (10, 3); 2: (5, 7); 
Avatar 0 moved from 5,7 to 5,6
Avatar locations: 0: (5, 6); 1: (10, 3); 2: (5, 7); 
Avatar 1 moved from 10,3 to 10,4
Avatar locations: 0: (5, 6); 1: (10, 4); 2: (5, 7); 
Avatar 2 moved from 5,7 to 5,6
Avatar locations: 0: (5, 6); 1: (10, 4); 2: (5, 6); 
avatar 0 ran into north wall at 5,6
Avatar locations: 0: (5, 6); 1: (10, 4); 2: (5, 6); 
avatar 1 ran into west wall at 10,4
Avatar locations: 0: (5, 6); 1: (10, 4); 2: (5, 6); 
Avatar 2 stayed at 5,6
Avatar locations: 0: (5, 6); 1: (10, 4); 2: (5, 6); 
Avatar 0 moved from 5,6 to 6,6
Avatar locations: 0: (6, 6); 1: (10, 4); 2: (5, 6); 
avatar 1 ran into south wall at 10,4
Avatar locations: 0: (6, 6); 1: (10, 4); 2: (5, 6); 
Avatar 2 moved from 5,6 to 6,6
Avatar locations: 0: (6, 6); 1: (10, 4); 2: (6, 6); 
Avatar 0 moved from 6,6 to 6,5
Avatar locations: 0: (6, 5); 1: (10, 4); 2: (6, 6); 
Avatar 1 moved from 10,4 to 11,4
Avatar locations: 0: (6, 5); 1: (11, 4); 2: (6, 6); 
Avatar 2 moved from 6,6 to 6,5
Avatar locations: 0: (6, 5); 1: (11, 4); 2: (6, 5); 
Avatar 0 moved from 6,5 to 6,4
Avatar locations: 0: (6, 4); 1: (11, 4); 2: (6, 5); 
avatar 1 ran into north wall at 11,4
Avatar locations: 0: (6, 4); 1: (11, 4); 2: (6, 5); 
Avatar 2 moved from 6,5 to 6,4
Avatar locations: 0: (6, 4); 1: (11, 4); 2: (6, 4); 
Avatar 0 moved from 6,4 to 7,4
Avatar locations: 0: (7, 4); 1: (11, 4); 2: (6, 4); 
Avatar 1 moved from 11,4 to 11,5
Avatar locations: 0: (7, 4); 1: (11, 5); 2: (6, 4); 
Avatar 2 moved from 6,4 to 7,4
Avatar locations: 0: (7, 4); 1: (11, 5); 2: (7, 4); 
Avatar 0 moved from 7,4 to 8,4
Avatar locations: 0: (8, 4); 1: (11, 5); 2: (7, 4); 
Avatar 1 moved from 11,5 to 10,5
Avatar locations: 0: (8, 4); 1: (10, 5); 2: (7, 4); 
Avatar 2 moved from 7,4 to 8,4
Avatar locations: 0: (8, 4); 1: (10, 5); 2: (8, 4); 
avatar 0 ran into north wall at 8,4
Avatar locations: 0: (8, 4); 1: (10, 5); 2: (8, 4); 
Avatar 1 moved from 10,5 to 9,5
Avatar locations: 0: (8, 4); 1: (9, 5); 2: (8, 4); 
Avatar 2 stayed at 8,4
Avatar locations: 0: (8, 4); 1: (9, 5); 2: (8, 4); 
Avatar 0 moved from 8,4 to 9,4
Avatar locations: 0: (9, 4); 1: (9, 5); 2: (8, 4); 
avatar 1 ran into north wall at 9,5
Avatar locations: 0: (9, 4); 1: (9, 5); 2: (8, 4); 
Avatar 2 moved from 8,4 to 9,4
Avatar locations: 0: (9, 4); 1: (9, 5); 2: (9, 4); 
Avatar 0 moved from 9,4 to 8,4
Avatar locations: 0: (8, 4); 1: (9, 5); 2: (9, 4); 
Avatar 1 moved from 9,5 to 8,5
Avatar locations: 0: (8, 4); 1: (8, 5); 2: (9, 4); 
Avatar 2 moved from 9,4 to 8,4
Avatar locations: 0: (8, 4); 1: (8, 5); 2: (8, 4); 
avatar 0 ran into south wall at 8,4
Avatar locations: 0: (8, 4); 1: (8, 5); 2: (8, 4); 
Avatar 1 moved from 8,5 to 7,5
Avatar locations: 0: (8, 4); 1: (7, 5); 2: (8, 4); 
Avatar 2 stayed at 8,4
Avatar locations: 0: (8, 4); 1: (7, 5); 2: (8, 4); 
Avatar 0 moved from 8,4 to 7,4
Avatar locations: 0: (7, 4); 1: (7, 5); 2: (8, 4); 
avatar 1 ran into west wall at 7,5
Avatar locations: 0: (7, 4); 1: (7, 5); 2: (8, 4); 
Avatar 2 moved from 8,4 to 7,4
Avatar locations: 0: (7, 4); 1: (7, 5); 2: (7, 4); 
avatar 0 ran into south wall at 7,4
Avatar locations: 0: (7, 4); 1: (7, 5); 2: (7, 4); 
Avatar 1 moved from 7,5 to 7,6
Avatar locations: 0: (7, 4); 1: (7, 6); 2: (7, 4); 
Avatar 2 stayed at 7,4
Avatar locations: 0: (7, 4); 1: (7, 6); 2: (7, 4); 
Avatar 0 moved from 7,4 to 7,3
Avatar locations: 0: (7, 3); 1: (7, 6); 2: (7, 4); 
avatar 1 ran into west wall at 7,6
Avatar locations: 0: (7, 3); 1: (7, 6); 2: (7, 4); 
Avatar 2 moved from 7,4 to 7,3
Avatar locations: 0: (7, 3); 1: (7, 6); 2: (7, 3); 
avatar 0 ran into east wall at 7,3
Avatar locations: 0: (7, 3); 1: (7, 6); 2: (7, 3); 
Avatar 1 moved from 7,6 to 8,6
Avatar locations: 0: (7, 3); 1: (8, 6); 2: (7, 3); 
Avatar 2 stayed at 7,3
Avatar locations: 0: (7, 3); 1: (8, 6); 2: (7, 3); 
avatar 0 ran into west wall at 7,3
Avatar locations: 0: (7, 3); 1: (8, 6); 2: (7, 3); 
avatar 1 ran into north wall at 8,6
Avatar locations: 0: (7, 3); 1: (8, 6); 2: (7, 3); 
Avatar 2 stayed at 7,3
Avatar locations: 0: (7, 3); 1: (8, 6); 2: (7, 3); 
Avatar 0 moved from 7,3 to 7,2
Avatar locations: 0: (7, 2); 1: (8, 6); 2: (7, 3); 
avatar 1 ran into east wall at 8,6
Avatar locations: 0: (7, 2); 1: (8, 6); 2: (7, 3); 
Avatar 2 moved from 7,3 to 7,2
Avatar locations: 0: (7, 2); 1: (8, 6); 2: (7, 2); 
avatar 0 ran into east wall at 7,2
Avatar locations: 0: (7, 2); 1: (8, 6); 2: (7, 2); 
Avatar 1 moved from 8,6 to 8,7
Avatar locations: 0: (7, 2); 1: (8, 7); 2: (7, 2); 
Avatar 2 stayed at 7,2
Avatar locations: 0: (7, 2); 1: (8, 7); 2: (7, 2); 
Avatar 0 moved from 7,2 to 6,2
Avatar locations: 0: (6, 2); 1: (8, 7); 2: (7, 2); 
avatar 1 ran into west wall at 8,7
Avatar locations: 0: (6, 2); 1: (8, 7); 2: (7, 2); 
Avatar 2 moved from 7,2 to 6,2
Avatar locations: 0: (6, 2); 1: (8, 7); 2: (6, 2); 
Avatar 0 moved from 6,2 to 6,3
Avatar locations: 0: (6, 3); 1: (8, 7); 2: (6, 2); 
avatar 1 ran into east wall at 8,7
Avatar locations: 0: (6, 3); 1: (8, 7); 2: (6, 2); 
Avatar 2 moved from 6,2 to 6,3
Avatar locations: 0: (6, 3); 1: (8, 7); 2: (6, 3); 
avatar 0 ran into south wall at 6,3
Avatar locations: 0: (6, 3); 1: (8, 7); 2: (6, 3); 
Avatar 1 moved from 8,7 to 8,8
Avatar locations: 0: (6, 3); 1: (8, 8); 2: (6, 3); 
Avatar 2 stayed at 6,3
Avatar locations: 0: (6, 3); 1: (8, 8); 2: (6, 3); 
Avatar 0 moved from 6,3 to 5,3
Avatar locations: 0: (5, 3); 1: (8, 8); 2: (6, 3); 
Avatar 1 moved from 8,8 to 7,8
Avatar locations: 0: (5, 3); 1: (7, 8); 2: (6, 3); 
Avatar 2 moved from 6,3 to 5,3
Avatar locations: 0: (5, 3); 1: (7, 8); 2: (5, 3); 
avatar 0 ran into south wall at 5,3
Avatar locations: 0: (5, 3); 1: (7, 8); 2: (5, 3); 
avatar 1 ran into west wall at 7,8
Avatar locations: 0: (5, 3); 1: (7, 8); 2: (5, 3); 
Avatar 2 stayed at 5,3
Avatar locations: 0: (5, 3); 1: (7, 8); 2: (5, 3); 
Avatar 0 moved from 5,3 to 4,3
Avatar locations: 0: (4, 3); 1: (7, 8); 2: (5, 3); 
avatar 1 ran into north wall at 7,8
Avatar locations: 0: (4, 3); 1: (7, 8); 2: (5, 3); 
Avatar 2 moved from 5,3 to 4,3
Avatar locations: 0: (4, 3); 1: (7, 8); 2: (4, 3); 
Avatar 0 moved from 4,3 to 4,4
Avatar locations: 0: (4, 4); 1: (7, 8); 2: (4, 3); 
Avatar 1 moved from 7,8 to 7,9
Avatar locations: 0: (4, 4); 1: (7, 9); 2: (4, 3); 
Avatar 2 moved from 4,3 to 4,4
Avatar locations: 0: (4, 4); 1: (7, 9); 2: (4, 4); 
Avatar 0 moved from 4,4 to 5,4
Avatar locations: 0: (5, 4); 1: (7, 9); 2: (4, 4); 
avatar 1 ran into west wall at 7,9
Avatar locations: 0: (5, 4); 1: (7, 9); 2: (4, 4); 
Avatar 2 moved from 4,4 to 5,4
Avatar locations: 0: (5, 4); 1: (7, 9); 2: (5, 4); 
avatar 0 ran into east wall at 5,4
Avatar locations: 0: (5, 4); 1: (7, 9); 2: (5, 4); 
avatar 1 ran into south wall at 7,9
Avatar locations: 0: (5, 4); 1: (7, 9); 2: (5, 4); 
Avatar 2 stayed at 5,4
Avatar locations: 0: (5, 4); 1: (7, 9); 2: (5, 4); 
Avatar 0 moved from 5,4 to 5,5
Avatar locations: 0: (5, 5); 1: (7, 9); 2: (5, 4); 
Avatar 1 moved from 7,9 to 8,9
Avatar locations: 0: (5, 5); 1: (8, 9); 2: (5, 4); 
Avatar 2 moved from 5,4 to 5,5
Avatar locations: 0: (5, 5); 1: (8, 9); 2: (5, 5); 
avatar 0 ran into east wall at 5,5
Avatar locations: 0: (5, 5); 1: (8, 9); 2: (5, 5); 
avatar 1 ran into north wall at 8,9
Avatar locations: 0: (5, 5); 1: (8, 9); 2: (5, 5); 
Avatar 2 stayed at 5,5
Avatar locations: 0: (5, 5); 1: (8, 9); 2: (5, 5); 
Avatar 0 moved from 5,5 to 4,5
Avatar locations: 0: (4, 5); 1: (8, 9); 2: (5, 5); 
avatar 1 ran into east wall at 8,9
Avatar locations: 0: (4, 5); 1: (8, 9); 2: (5, 5); 
Avatar 2 moved from 5,5 to 4,5
Avatar locations: 0: (4, 5); 1: (8, 9); 2: (4, 5); 
Avatar 0 moved from 4,5 to 4,6
Avatar locations: 0: (4, 6); 1: (8, 9); 2: (4, 5); 
Avatar 1 moved from 8,9 to 8,10
Avatar locations: 0: (4, 6); 1: (8, 10); 2: (4, 5); 
Avatar 2 moved from 4,5 to 4,6
Avatar locations: 0: (4, 6); 1: (8, 10); 2: (4, 6); 
avatar 0 ran into east wall at 4,6
Avatar locations: 0: (4, 6); 1: (8, 10); 2: (4, 6); 
avatar 1 ran into west wall at 8,10
Avatar locations: 0: (4, 6); 1: (8, 10); 2: (4, 6); 
Avatar 2 stayed at 4,6
Avatar locations: 0: (4, 6); 1: (8, 10); 2: (4, 6); 
Avatar 0 moved from 4,6 to 4,7
Avatar locations: 0: (4, 7); 1: (8, 10); 2: (4, 6); 
Avatar 1 moved from 8,10 to 8,11
Avatar locations: 0: (4, 7); 1: (8, 11); 2: (4, 6); 
Avatar 2 moved from 4,6 to 4,7
Avatar locations: 0: (4, 7); 1: (8, 11); 2: (4, 7); 
Avatar 0 moved from 4,7 to 4,6
Avatar locations: 0: (4, 6); 1: (8, 11); 2: (4, 7); 
Avatar 1 moved from 8,11 to 7,11
Avatar locations: 0: (4, 6); 1: (7, 11); 2: (4, 7); 
Avatar 2 moved from 4,7 to 4,6
Avatar locations: 0: (4, 6); 1: (7, 11); 2: (4, 6); 
Avatar 0 moved from 4,6 to 4,5
Avatar locations: 0: (4, 5); 1: (7, 11); 2: (4, 6); 
Avatar 1 moved from 7,11 to 7,10
Avatar locations: 0: (4, 5); 1: (7, 10); 2: (4, 6); 
Avatar 2 moved from 4,6 to 4,5
Avatar locations: 0: (4, 5); 1: (7, 10); 2: (4, 5); 
avatar 0 ran into north wall at 4,5
Avatar locations: 0: (4, 5); 1: (7, 10); 2: (4, 5); 
Avatar 1 moved from 7,10 to 6,10
Avatar locations: 0: (4, 5); 1: (6, 10); 2: (4, 5); 
Avatar 2 stayed at 4,5
Avatar locations: 0: (4, 5); 1: (6, 10); 2: (4, 5); 
Avatar 0 moved from 4,5 to 5,5
Avatar locations: 0: (5, 5); 1: (6, 10); 2: (4, 5); 
Avatar 1 moved from 6,10 to 6,9
Avatar locations: 0: (5, 5); 1: (6, 9); 2: (4, 5); 
Avatar 2 moved from 4,5 to 5,5
Avatar locations: 0: (5, 5); 1: (6, 9); 2: (5, 5); 
Avatar 0 moved from 5,5 to 5,4
Avatar locations: 0: (5, 4); 1: (6, 9); 2: (5, 5); 
Avatar 1 moved from 6,9 to 5,9
Avatar locations: 0: (5, 4); 1: (5, 9); 2: (5, 5); 
Avatar 2 moved from 5,5 to 5,4
Avatar locations: 0: (5, 4); 1: (5, 9); 2: (5, 4); 
Avatar 0 moved from 5,4 to 4,4
Avatar locations: 0: (4, 4); 1: (5, 9); 2: (5, 4); 
Avatar 1 moved from 5,9 to 4,9
Avatar locations: 0: (4, 4); 1: (4, 9); 2: (5, 4); 
Avatar 2 moved from 5,4 to 4,4
Avatar locations: 0: (4, 4); 1: (4, 9); 2: (4, 4); 
Avatar 0 moved from 4,4 to 4,3
Avatar locations: 0: (4, 3); 1: (4, 9); 2: (4, 4); 
Avatar 1 moved from 4,9 to 4,8
Avatar locations: 0: (4, 3); 1: (4, 8); 2: (4, 4); 
Avatar 2 moved from 4,4 to 4,3
Avatar locations: 0: (4, 3); 1: (4, 8); 2: (4, 3); 
Avatar 0 moved from 4,3 to 5,3
Avatar locations: 0: (5, 3); 1: (4, 8); 2: (4, 3); 
avatar 1 ran into north wall at 4,8
Avatar locations: 0: (5, 3); 1: (4, 8); 2: (4, 3); 
Avatar 2 moved from 4,3 to 5,3
Avatar locations: 0: (5, 3); 1: (4, 8); 2: (5, 3); 
Avatar 0 moved from 5,3 to 6,3
Avatar locations: 0: (6, 3); 1: (4, 8); 2: (5, 3); 
Avatar 1 moved from 4,8 to 5,8
Avatar locations: 0: (6, 3); 1: (5, 8); 2: (5, 3); 
Avatar 2 moved from 5,3 to 6,3
Avatar locations: 0: (6, 3); 1: (5, 8); 2: (6, 3); 
Avatar 0 moved from 6,3 to 6,2
Avatar locations: 0: (6, 2); 1: (5, 8); 2: (6, 3); 
Avatar 1 moved from 5,8 to 5,7
Avatar locations: 0: (6, 2); 1: (5, 7); 2: (6, 3); 
Avatar 2 moved from 6,3 to 6,2
Avatar locations: 0: (6, 2); 1: (5, 7); 2: (6, 2); 
Avatar 0 moved from 6,2 to 7,2
Avatar locations: 0: (7, 2); 1: (5, 7); 2: (6, 2); 
avatar 1 ran into west wall at 5,7
Avatar locations: 0: (7, 2); 1: (5, 7); 2: (6, 2); 
Avatar 2 moved from 6,2 to 7,2
Avatar locations: 0: (7, 2); 1: (5, 7); 2: (7, 2); 
Avatar 0 moved from 7,2 to 7,3
Avatar locations: 0: (7, 3); 1: (5, 7); 2: (7, 2); 
Avatar 1 moved from 5,7 to 5,6
Avatar locations: 0: (7, 3); 1: (5, 6); 2: (7, 2); 
Avatar 2 moved from 7,2 to 7,3
Avatar locations: 0: (7, 3); 1: (5, 6); 2: (7, 3); 
Avatar 0 moved from 7,3 to 7,4
Avatar locations: 0: (7, 4); 1: (5, 6); 2: (7, 3); 
Avatar 1 moved from 5,6 to 6,6
Avatar locations: 0: (7, 4); 1: (6, 6); 2: (7, 3); 
Avatar 2 moved from 7,3 to 7,4
Avatar locations: 0: (7, 4); 1: (6, 6); 2: (7, 4); 
Avatar 0 moved from 7,4 to 6,4
Avatar locations: 0: (6, 4); 1: (6, 6); 2: (7, 4); 
Avatar 1 moved from 6,6 to 6,5
Avatar locations: 0: (6, 4); 1: (6, 5); 2: (7, 4); 
Avatar 2 moved from 7,4 to 6,4
Avatar locations: 0: (6, 4); 1: (6, 5); 2: (6, 4); 
Avatar 0 moved from 6,4 to 6,5
Avatar locations: 0: (6, 5); 1: (6, 5); 2: (6, 4); 
Avatar 1 stayed at 6,5
Avatar locations: 0: (6, 5); 1: (6, 5); 2: (6, 4); 
3, 3, 647, 184461261
