$benmatejka 39065 Mon Mar  9 21:23:10 2020
Inserted avatar 0 at 0,1
Avatar locations: 0: (0, 1); 
Inserted avatar 1 at 0,5
Avatar locations: 0: (0, 1); 1: (0, 5); 
Avatar 0 moved from 0,1 to 0,2
Avatar locations: 0: (0, 2); 1: (0, 5); 
avatar 1 ran into north wall at 0,5
Avatar locations: 0: (0, 2); 1: (0, 5); 
Avatar 0 moved from 0,2 to 0,3
Avatar locations: 0: (0, 3); 1: (0, 5); 
Avatar 1 moved from 0,5 to 1,5
Avatar locations: 0: (0, 3); 1: (1, 5); 
avatar 0 ran into east wall at 0,3
Avatar locations: 0: (0, 3); 1: (1, 5); 
avatar 1 ran into north wall at 1,5
Avatar locations: 0: (0, 3); 1: (1, 5); 
Avatar 0 moved from 0,3 to 0,4
Avatar locations: 0: (0, 4); 1: (1, 5); 
avatar 1 ran into east wall at 1,5
Avatar locations: 0: (0, 4); 1: (1, 5); 
Avatar 0 moved from 0,4 to 1,4
Avatar locations: 0: (1, 4); 1: (1, 5); 
avatar 1 ran into south wall at 1,5
Avatar locations: 0: (1, 4); 1: (1, 5); 
Avatar 0 moved from 1,4 to 1,3
Avatar locations: 0: (1, 3); 1: (1, 5); 
Avatar 1 moved from 1,5 to 0,5
Avatar locations: 0: (1, 3); 1: (0, 5); 
avatar 0 ran into north wall at 1,3
Avatar locations: 0: (1, 3); 1: (0, 5); 
Avatar 1 moved from 0,5 to 0,6
Avatar locations: 0: (1, 3); 1: (0, 6); 
Avatar 0 moved from 1,3 to 2,3
Avatar locations: 0: (2, 3); 1: (0, 6); 
Avatar 1 moved from 0,6 to 1,6
Avatar locations: 0: (2, 3); 1: (1, 6); 
Avatar 0 moved from 2,3 to 2,4
Avatar locations: 0: (2, 4); 1: (1, 6); 
Avatar 1 moved from 1,6 to 2,6
Avatar locations: 0: (2, 4); 1: (2, 6); 
avatar 0 ran into south wall at 2,4
Avatar locations: 0: (2, 4); 1: (2, 6); 
Avatar 1 moved from 2,6 to 2,5
Avatar locations: 0: (2, 4); 1: (2, 5); 
avatar 0 ran into west wall at 2,4
Avatar locations: 0: (2, 4); 1: (2, 5); 
Avatar 1 moved from 2,5 to 3,5
Avatar locations: 0: (2, 4); 1: (3, 5); 
Avatar 0 moved from 2,4 to 3,4
Avatar locations: 0: (3, 4); 1: (3, 5); 
avatar 1 ran into north wall at 3,5
Avatar locations: 0: (3, 4); 1: (3, 5); 
Avatar 0 moved from 3,4 to 3,3
Avatar locations: 0: (3, 3); 1: (3, 5); 
Avatar 1 moved from 3,5 to 4,5
Avatar locations: 0: (3, 3); 1: (4, 5); 
Avatar 0 moved from 3,3 to 4,3
Avatar locations: 0: (4, 3); 1: (4, 5); 
avatar 1 ran into north wall at 4,5
Avatar locations: 0: (4, 3); 1: (4, 5); 
Avatar 0 moved from 4,3 to 4,4
Avatar locations: 0: (4, 4); 1: (4, 5); 
Avatar 1 moved from 4,5 to 5,5
Avatar locations: 0: (4, 4); 1: (5, 5); 
Avatar 0 moved from 4,4 to 5,4
Avatar locations: 0: (5, 4); 1: (5, 5); 
avatar 1 ran into north wall at 5,5
Avatar locations: 0: (5, 4); 1: (5, 5); 
Avatar 0 moved from 5,4 to 5,3
Avatar locations: 0: (5, 3); 1: (5, 5); 
avatar 1 ran into east wall at 5,5
Avatar locations: 0: (5, 3); 1: (5, 5); 
avatar 0 ran into west wall at 5,3
Avatar locations: 0: (5, 3); 1: (5, 5); 
Avatar 1 moved from 5,5 to 5,6
Avatar locations: 0: (5, 3); 1: (5, 6); 
avatar 0 ran into north wall at 5,3
Avatar locations: 0: (5, 3); 1: (5, 6); 
avatar 1 ran into west wall at 5,6
Avatar locations: 0: (5, 3); 1: (5, 6); 
Avatar 0 moved from 5,3 to 6,3
Avatar locations: 0: (6, 3); 1: (5, 6); 
Avatar 1 moved from 5,6 to 6,6
Avatar locations: 0: (6, 3); 1: (6, 6); 
Avatar 0 moved from 6,3 to 6,4
Avatar locations: 0: (6, 4); 1: (6, 6); 
Avatar 1 moved from 6,6 to 6,5
Avatar locations: 0: (6, 4); 1: (6, 5); 
2, 2, 42, -708569101
